------------------------------------------------------------------------------------------------------------------------

[2020-05-10 18:55:14 #1 server] 
Server on port 6136 has started by 8396@DESKTOP-M1R57FE

------------------------------------------------------------------------------------------------------------------------

[2020-05-10 18:57:01 #1 server] 
Server on port 6136 has started by 11232@DESKTOP-M1R57FE

------------------------------------------------------------------------------------------------------------------------

[2020-05-10 19:08:49 #1 server] 
Server on port 6136 has started by 5444@DESKTOP-M1R57FE

------------------------------------------------------------------------------------------------------------------------

[2020-05-10 19:09:04 #1 server] 
Server on port 6136 has started by 10252@DESKTOP-M1R57FE

------------------------------------------------------------------------------------------------------------------------

[2020-05-10 19:11:59 #1 server] 
Server on port 6136 has started by 9648@DESKTOP-M1R57FE

[2020-05-10 19:12:18 #2 store] 
Database 'B:\Documentos\Eclipse uni\bets2020\src\main\resources\db\src\main\resources\bets22.temp' is opened by 9648@DESKTOP-M1R57FE

------------------------------------------------------------------------------------------------------------------------

[2020-05-10 19:12:18 #1 type.registry] 
New type domain.Question

[2020-05-10 19:12:18 #2 type] 
Type domain.Question is not enhanced.

[2020-05-10 19:12:18 #3 type.registry] 
New type domain.Kuota

[2020-05-10 19:12:18 #4 type.registry] 
New type java.util.Vector<domain.Kuota>

[2020-05-10 19:12:18 #5 type.registry] 
New type domain.Event

[2020-05-10 19:12:18 #6 type] 
Type domain.Kuota is not enhanced.

[2020-05-10 19:12:18 #7 type.registry] 
New type domain.Bet

[2020-05-10 19:12:18 #8 type] 
Type domain.Event is not enhanced.

[2020-05-10 19:12:18 #9 type.registry] 
New type java.util.Vector<domain.Question>

[2020-05-10 19:12:18 #10 type] 
Type domain.Bet is not enhanced.

[2020-05-10 19:12:18 #11 type.registry] 
New type java.util.ArrayList<domain.Kuota>

[2020-05-10 19:12:18 #12 type.registry] 
New type domain.User

[2020-05-10 19:12:18 #13 type.registry] 
New type domain.RegularUser

[2020-05-10 19:12:18 #14 type] 
Type domain.User is not enhanced.

[2020-05-10 19:12:18 #15 type] 
Type domain.RegularUser is not enhanced.

[2020-05-10 19:12:18 #16 type.registry] 
New type java.util.ArrayList<domain.Bet>

[2020-05-10 19:12:18 #17 type.registry] 
New type java.util.Vector<java.lang.Object>

[2020-05-10 19:12:26 #3 store] 
Database 'B:\Documentos\Eclipse uni\bets2020\src\main\resources\db\src\main\resources\bets22.temp' is closed by 9648@DESKTOP-M1R57FE

------------------------------------------------------------------------------------------------------------------------

[2020-05-10 19:17:18 #1 store] 
Database 'B:\Documentos\Eclipse uni\bets2020\src\main\resources\bets22.temp' is opened by 12056@DESKTOP-M1R57FE

[2020-05-10 19:17:18 #2 type.registry] 
New type domain.Question

[2020-05-10 19:17:18 #3 type] 
Type domain.Question is not enhanced.

[2020-05-10 19:17:18 #4 type.registry] 
New type domain.Kuota

[2020-05-10 19:17:18 #5 type.registry] 
New type java.util.Vector<domain.Kuota>

[2020-05-10 19:17:18 #6 type.registry] 
New type domain.Event

[2020-05-10 19:17:18 #7 type] 
Type domain.Kuota is not enhanced.

[2020-05-10 19:17:18 #8 type.registry] 
New type domain.Bet

[2020-05-10 19:17:18 #9 type] 
Type domain.Event is not enhanced.

[2020-05-10 19:17:18 #10 type.registry] 
New type java.util.Vector<domain.Question>

[2020-05-10 19:17:18 #11 type] 
Type domain.Bet is not enhanced.

[2020-05-10 19:17:18 #12 type.registry] 
New type java.util.ArrayList<domain.Kuota>

[2020-05-10 19:17:18 #13 type.registry] 
New type domain.User

[2020-05-10 19:17:18 #14 type.registry] 
New type domain.RegularUser

[2020-05-10 19:17:18 #15 type] 
Type domain.User is not enhanced.

[2020-05-10 19:17:18 #16 type] 
Type domain.RegularUser is not enhanced.

[2020-05-10 19:17:18 #17 type.registry] 
New type java.util.ArrayList<domain.Bet>

[2020-05-10 19:17:18 #18 type.registry] 
New type java.util.Vector<java.lang.Object>

------------------------------------------------------------------------------------------------------------------------

[2020-05-10 19:21:06 #1 server] 
Server on port 6136 has started by 13232@DESKTOP-M1R57FE

[2020-05-10 19:21:09 #2 store] 
Database 'B:\Documentos\Eclipse uni\bets2020\src\main\resources\db\src\main\resources\bets22.temp' is opened by 13232@DESKTOP-M1R57FE

------------------------------------------------------------------------------------------------------------------------

[2020-05-10 19:21:09 #1 type.registry] 
New type domain.Question

[2020-05-10 19:21:09 #2 type] 
Type domain.Question is not enhanced.

[2020-05-10 19:21:09 #3 type.registry] 
New type domain.Kuota

[2020-05-10 19:21:09 #4 type.registry] 
New type java.util.Vector<domain.Kuota>

[2020-05-10 19:21:09 #5 type.registry] 
New type domain.Event

[2020-05-10 19:21:09 #6 type] 
Type domain.Kuota is not enhanced.

[2020-05-10 19:21:09 #7 type.registry] 
New type domain.Bet

[2020-05-10 19:21:09 #8 type] 
Type domain.Event is not enhanced.

[2020-05-10 19:21:09 #9 type.registry] 
New type java.util.Vector<domain.Question>

[2020-05-10 19:21:09 #10 type] 
Type domain.Bet is not enhanced.

[2020-05-10 19:21:09 #11 type.registry] 
New type java.util.ArrayList<domain.Kuota>

[2020-05-10 19:21:09 #12 type.registry] 
New type domain.User

[2020-05-10 19:21:09 #13 type.registry] 
New type domain.RegularUser

[2020-05-10 19:21:09 #14 type] 
Type domain.User is not enhanced.

[2020-05-10 19:21:09 #15 type] 
Type domain.RegularUser is not enhanced.

[2020-05-10 19:21:09 #16 type.registry] 
New type java.util.ArrayList<domain.Bet>

[2020-05-10 19:21:09 #17 type.registry] 
New type java.util.Vector<java.lang.Object>

[2020-05-10 19:21:12 #3 store] 
Database 'B:\Documentos\Eclipse uni\bets2020\src\main\resources\db\src\main\resources\bets22.temp' is closed by 13232@DESKTOP-M1R57FE

------------------------------------------------------------------------------------------------------------------------

[2020-05-10 19:28:07 #1 server] 
Server on port 6136 has started by 11336@DESKTOP-M1R57FE

[2020-05-10 19:28:19 #2 store] 
Database 'B:\Documentos\Eclipse uni\bets2020\src\main\resources\db\src\main\resources\bets.temp' is opened by 11336@DESKTOP-M1R57FE

------------------------------------------------------------------------------------------------------------------------

[2020-05-10 19:28:19 #1 type] 
Type domain.Question is not enhanced.

[2020-05-10 19:28:19 #2 type] 
Type domain.Event is not enhanced.

[2020-05-10 19:28:19 #3 type] 
Type domain.User is not enhanced.

[2020-05-10 19:28:19 #4 type] 
Type domain.Admin is not enhanced.

[2020-05-10 19:28:19 #5 type] 
Type domain.RegularUser is not enhanced.

[2020-05-10 19:28:19 #6 type] 
Type domain.Kuota is not enhanced.

[2020-05-10 19:28:19 #7 type] 
Type domain.Bet is not enhanced.

[2020-05-10 19:28:19 #8 type] 
Type domain.Movement is not enhanced.

[2020-05-10 19:29:08 #3 store] 
Database 'B:\Documentos\Eclipse uni\bets2020\src\main\resources\db\src\main\resources\bets.temp' is closed by 11336@DESKTOP-M1R57FE

------------------------------------------------------------------------------------------------------------------------

[2020-05-10 19:32:08 #1 server] 
Server on port 6136 has started by 1132@DESKTOP-M1R57FE

------------------------------------------------------------------------------------------------------------------------

[2020-05-10 19:32:32 #1 server] 
Server on port 6136 has started by 5164@DESKTOP-M1R57FE

------------------------------------------------------------------------------------------------------------------------

[2020-05-10 19:32:41 #1 server] 
Server on port 6136 has started by 13100@DESKTOP-M1R57FE

------------------------------------------------------------------------------------------------------------------------

[2020-05-10 19:32:55 #1 server] 
java.net.BindException: Address already in use: JVM_Bind
	at java.net.DualStackPlainSocketImpl.bind0(Native Method)
	at java.net.DualStackPlainSocketImpl.socketBind(Unknown Source)
	at java.net.AbstractPlainSocketImpl.bind(Unknown Source)
	at java.net.PlainSocketImpl.bind(Unknown Source)
	at java.net.ServerSocket.bind(Unknown Source)
	at java.net.ServerSocket.<init>(Unknown Source)
	at java.net.ServerSocket.<init>(Unknown Source)
	at com.objectdb.o.SMR.I(SMR.java:259)
	at com.objectdb.o.SMR.n(SMR.java:159)
	at com.objectdb.o.TOL.run(TOL.java:116)
	at com.objectdb.Server.runCommand(Server.java:200)
	at com.objectdb.Server.run(Server.java:104)
	at com.objectdb.Server.main(Server.java:63)

[2020-05-10 19:33:21 #2 server] 
Server on port 6136 has stopped by 13100@DESKTOP-M1R57FE

------------------------------------------------------------------------------------------------------------------------

[2020-05-10 19:41:39 #1 server] 
Server on port 6136 has started by 7400@DESKTOP-M1R57FE

[2020-05-10 19:41:58 #2 store] 
Database 'B:\Documentos\Eclipse uni\bets2020\src\main\resources\db\src\main\resources\bets.temp' is opened by 7400@DESKTOP-M1R57FE

------------------------------------------------------------------------------------------------------------------------

[2020-05-10 19:41:59 #1 type] 
Type domain.Question is not enhanced.

[2020-05-10 19:41:59 #2 type] 
Type domain.Event is not enhanced.

[2020-05-10 19:41:59 #3 type] 
Type domain.User is not enhanced.

[2020-05-10 19:41:59 #4 type] 
Type domain.Admin is not enhanced.

[2020-05-10 19:41:59 #5 type] 
Type domain.RegularUser is not enhanced.

[2020-05-10 19:41:59 #6 type] 
Type domain.Kuota is not enhanced.

[2020-05-10 19:41:59 #7 type] 
Type domain.Bet is not enhanced.

[2020-05-10 19:41:59 #8 type] 
Type domain.Movement is not enhanced.

[2020-05-10 19:42:07 #3 store] 
Database 'B:\Documentos\Eclipse uni\bets2020\src\main\resources\db\src\main\resources\bets.temp' is closed by 7400@DESKTOP-M1R57FE

------------------------------------------------------------------------------------------------------------------------

[2020-05-10 19:45:40 #1 server] 
Server on port 6136 has started by 12560@DESKTOP-M1R57FE

------------------------------------------------------------------------------------------------------------------------

[2020-05-10 19:46:37 #1 server] 
Server on port 6136 has started by 3068@DESKTOP-M1R57FE

------------------------------------------------------------------------------------------------------------------------

[2020-05-10 20:02:30 #1 server] 
Server on port 6136 has started by 7536@DESKTOP-M1R57FE

[2020-05-10 20:03:02 #2 store] 
Database 'B:\Documentos\Eclipse uni\bets2020\src\main\resources\db\src\main\resources\bets.temp' is opened by 7536@DESKTOP-M1R57FE

------------------------------------------------------------------------------------------------------------------------

[2020-05-10 20:03:02 #1 type] 
Type domain.Question is not enhanced.

[2020-05-10 20:03:02 #2 type] 
Type domain.Event is not enhanced.

[2020-05-10 20:03:02 #3 type] 
Type domain.User is not enhanced.

[2020-05-10 20:03:02 #4 type] 
Type domain.Admin is not enhanced.

[2020-05-10 20:03:02 #5 type] 
Type domain.RegularUser is not enhanced.

[2020-05-10 20:03:02 #6 type] 
Type domain.Kuota is not enhanced.

[2020-05-10 20:03:02 #7 type] 
Type domain.Bet is not enhanced.

[2020-05-10 20:03:02 #8 type] 
Type domain.Movement is not enhanced.

[2020-05-10 20:03:52 #3 store] 
Database 'B:\Documentos\Eclipse uni\bets2020\src\main\resources\db\src\main\resources\bets.temp' is closed by 7536@DESKTOP-M1R57FE

[2020-05-10 20:04:34 #4 store] 
Database 'B:\Documentos\Eclipse uni\bets2020\src\main\resources\db\src\main\resources\bets.temp' is opened by 7536@DESKTOP-M1R57FE

------------------------------------------------------------------------------------------------------------------------

[2020-05-10 20:04:35 #1 type] 
Type domain.Question is not enhanced.

[2020-05-10 20:04:35 #2 type] 
Type domain.Event is not enhanced.

[2020-05-10 20:04:35 #3 type] 
Type domain.User is not enhanced.

[2020-05-10 20:04:35 #4 type] 
Type domain.Admin is not enhanced.

[2020-05-10 20:04:35 #5 type] 
Type domain.RegularUser is not enhanced.

[2020-05-10 20:04:35 #6 type] 
Type domain.Kuota is not enhanced.

[2020-05-10 20:04:35 #7 type] 
Type domain.Bet is not enhanced.

[2020-05-10 20:04:35 #8 type] 
Type domain.Movement is not enhanced.

[2020-05-10 20:06:39 #5 store] 
Database 'B:\Documentos\Eclipse uni\bets2020\src\main\resources\db\src\main\resources\bets.temp' is closed by 7536@DESKTOP-M1R57FE

------------------------------------------------------------------------------------------------------------------------

[2020-05-10 20:18:24 #1 server] 
Server on port 6136 has started by 11924@DESKTOP-M1R57FE

[2020-05-10 20:18:33 #2 store] 
Database 'B:\Documentos\Eclipse uni\bets2020\src\main\resources\db\src\main\resources\bets.temp' is opened by 11924@DESKTOP-M1R57FE

------------------------------------------------------------------------------------------------------------------------

[2020-05-10 20:18:33 #1 type] 
Type domain.Question is not enhanced.

[2020-05-10 20:18:33 #2 type] 
Type domain.Event is not enhanced.

[2020-05-10 20:18:33 #3 type] 
Type domain.User is not enhanced.

[2020-05-10 20:18:33 #4 type] 
Type domain.Admin is not enhanced.

[2020-05-10 20:18:33 #5 type] 
Type domain.RegularUser is not enhanced.

[2020-05-10 20:18:33 #6 type] 
Type domain.Kuota is not enhanced.

[2020-05-10 20:18:33 #7 type] 
Type domain.Bet is not enhanced.

[2020-05-10 20:18:33 #8 type] 
Type domain.Movement is not enhanced.

------------------------------------------------------------------------------------------------------------------------

[2020-05-10 20:21:39 #1 server] 
Server on port 6136 has started by 2924@DESKTOP-M1R57FE

[2020-05-10 20:21:48 #2 store] 
Database 'B:\Documentos\Eclipse uni\bets2020\src\main\resources\db\src\main\resources\bets.temp' is opened by 2924@DESKTOP-M1R57FE

------------------------------------------------------------------------------------------------------------------------

[2020-05-10 20:21:48 #1 type] 
Type domain.Question is not enhanced.

[2020-05-10 20:21:48 #2 type] 
Type domain.Event is not enhanced.

[2020-05-10 20:21:48 #3 type] 
Type domain.User is not enhanced.

[2020-05-10 20:21:48 #4 type] 
Type domain.Admin is not enhanced.

[2020-05-10 20:21:48 #5 type] 
Type domain.RegularUser is not enhanced.

[2020-05-10 20:21:48 #6 type] 
Type domain.Kuota is not enhanced.

[2020-05-10 20:21:48 #7 type] 
Type domain.Bet is not enhanced.

[2020-05-10 20:21:48 #8 type] 
Type domain.Movement is not enhanced.

[2020-05-10 20:27:38 #3 store] 
Database 'B:\Documentos\Eclipse uni\bets2020\src\main\resources\db\src\main\resources\bets.temp' is closed by 2924@DESKTOP-M1R57FE

