------------------------------------------------------------------------------------------------------------------------

[2020-02-28 10:17:57 #1 store] 
Database '/users/913185/eclipse-workspace/bets2020/src/main/resources/bets.temp' is opened by 8253@U015975.gi

[2020-02-28 10:17:57 #2 type.registry] 
New type domain.Question

[2020-02-28 10:17:57 #3 type] 
Type domain.Question is not enhanced.

[2020-02-28 10:17:57 #4 type.registry] 
New type domain.Event

[2020-02-28 10:17:57 #5 type] 
Type domain.Event is not enhanced.

[2020-02-28 10:17:57 #6 type.registry] 
New type java.util.Vector<domain.Question>

[2020-02-28 10:17:57 #7 type.registry] 
New type java.util.Vector<java.lang.Object>

------------------------------------------------------------------------------------------------------------------------

[2020-02-28 10:19:29 #1 store] 
Database '/users/913185/eclipse-workspace/bets2020/src/main/resources/bets.temp' is opened by 8342@U015975.gi

[2020-02-28 10:19:29 #2 type.registry] 
New type domain.Question

[2020-02-28 10:19:29 #3 type] 
Type domain.Question is not enhanced.

[2020-02-28 10:19:29 #4 type.registry] 
New type domain.Event

[2020-02-28 10:19:29 #5 type] 
Type domain.Event is not enhanced.

[2020-02-28 10:19:29 #6 type.registry] 
New type java.util.Vector<domain.Question>

[2020-02-28 10:19:29 #7 type.registry] 
New type java.util.Vector<java.lang.Object>

------------------------------------------------------------------------------------------------------------------------

[2020-02-28 10:27:39 #1 store] 
Database '/users/913185/eclipse-workspace/bets2020/src/main/resources/bets.temp' is opened by 8720@U015975.gi

[2020-02-28 10:27:40 #2 type.registry] 
New type domain.Question

[2020-02-28 10:27:40 #3 type] 
Type domain.Question is not enhanced.

[2020-02-28 10:27:40 #4 type.registry] 
New type domain.Event

[2020-02-28 10:27:40 #5 type] 
Type domain.Event is not enhanced.

[2020-02-28 10:27:40 #6 type.registry] 
New type java.util.Vector<domain.Question>

[2020-02-28 10:27:40 #7 type.registry] 
New type java.util.Vector<java.lang.Object>

