------------------------------------------------------------------------------------------------------------------------

[2020-04-17 13:18:36 #1 store] 
Database 'C:\Users\asier\git\bets2020\src\main\resources\bets.temp' is opened by 6988@LAPTOP-1KO86THD

[2020-04-17 13:18:36 #2 type] 
Type domain.Question is not enhanced.

[2020-04-17 13:18:36 #3 type] 
Type domain.Event is not enhanced.

[2020-04-17 13:18:36 #4 type] 
Type domain.User is not enhanced.

[2020-04-17 13:18:36 #5 type] 
Type domain.Admin is not enhanced.

[2020-04-17 13:18:36 #6 type] 
Type domain.RegularUser is not enhanced.

[2020-04-17 13:18:36 #7 type] 
Type domain.Kuota is not enhanced.

[2020-04-17 13:18:36 #8 type] 
Type domain.Bet is not enhanced.

[2020-04-17 13:18:36 #9 type] 
Type domain.Wallet is not enhanced.

[2020-04-17 13:18:36 #10 type] 
Type domain.Movement is not enhanced.

------------------------------------------------------------------------------------------------------------------------

[2020-04-17 13:18:47 #1 store] 
Database 'C:\Users\asier\git\bets2020\src\main\resources\bets.temp' is opened by 6756@LAPTOP-1KO86THD

[2020-04-17 13:18:48 #2 type] 
Type domain.Question is not enhanced.

[2020-04-17 13:18:48 #3 type] 
Type domain.Event is not enhanced.

[2020-04-17 13:18:48 #4 type] 
Type domain.User is not enhanced.

[2020-04-17 13:18:48 #5 type] 
Type domain.Admin is not enhanced.

[2020-04-17 13:18:48 #6 type] 
Type domain.RegularUser is not enhanced.

[2020-04-17 13:18:48 #7 type] 
Type domain.Kuota is not enhanced.

[2020-04-17 13:18:48 #8 type] 
Type domain.Bet is not enhanced.

[2020-04-17 13:18:48 #9 type] 
Type domain.Wallet is not enhanced.

[2020-04-17 13:18:48 #10 type] 
Type domain.Movement is not enhanced.

------------------------------------------------------------------------------------------------------------------------

[2020-04-17 13:31:37 #1 store] 
Database 'C:\Users\asier\git\bets2020\src\main\resources\bets.temp' is opened by 8768@LAPTOP-1KO86THD

[2020-04-17 13:31:37 #2 type] 
Type domain.Question is not enhanced.

[2020-04-17 13:31:37 #3 type] 
Type domain.Event is not enhanced.

[2020-04-17 13:31:37 #4 type] 
Type domain.User is not enhanced.

[2020-04-17 13:31:37 #5 type] 
Type domain.Admin is not enhanced.

[2020-04-17 13:31:37 #6 type] 
Type domain.RegularUser is not enhanced.

[2020-04-17 13:31:37 #7 type] 
Type domain.Kuota is not enhanced.

[2020-04-17 13:31:37 #8 type] 
Type domain.Bet is not enhanced.

[2020-04-17 13:31:37 #9 type] 
Type domain.Wallet is not enhanced.

[2020-04-17 13:31:37 #10 type] 
Type domain.Movement is not enhanced.

------------------------------------------------------------------------------------------------------------------------

[2020-04-17 13:31:49 #1 store] 
Database 'C:\Users\asier\git\bets2020\src\main\resources\bets.temp' is opened by 13396@LAPTOP-1KO86THD

[2020-04-17 13:31:49 #2 type] 
Type domain.Question is not enhanced.

[2020-04-17 13:31:49 #3 type] 
Type domain.Event is not enhanced.

[2020-04-17 13:31:49 #4 type] 
Type domain.User is not enhanced.

[2020-04-17 13:31:49 #5 type] 
Type domain.Admin is not enhanced.

[2020-04-17 13:31:49 #6 type] 
Type domain.RegularUser is not enhanced.

[2020-04-17 13:31:49 #7 type] 
Type domain.Kuota is not enhanced.

[2020-04-17 13:31:49 #8 type] 
Type domain.Bet is not enhanced.

[2020-04-17 13:31:49 #9 type] 
Type domain.Wallet is not enhanced.

[2020-04-17 13:31:49 #10 type] 
Type domain.Movement is not enhanced.

------------------------------------------------------------------------------------------------------------------------

[2020-04-17 13:32:00 #1 store] 
Database 'C:\Users\asier\git\bets2020\src\main\resources\bets.temp' is opened by 15312@LAPTOP-1KO86THD

[2020-04-17 13:32:00 #2 type] 
Type domain.Question is not enhanced.

[2020-04-17 13:32:00 #3 type] 
Type domain.Event is not enhanced.

[2020-04-17 13:32:00 #4 type] 
Type domain.User is not enhanced.

[2020-04-17 13:32:00 #5 type] 
Type domain.Admin is not enhanced.

[2020-04-17 13:32:00 #6 type] 
Type domain.RegularUser is not enhanced.

[2020-04-17 13:32:00 #7 type] 
Type domain.Kuota is not enhanced.

[2020-04-17 13:32:00 #8 type] 
Type domain.Bet is not enhanced.

[2020-04-17 13:32:00 #9 type] 
Type domain.Wallet is not enhanced.

[2020-04-17 13:32:00 #10 type] 
Type domain.Movement is not enhanced.

------------------------------------------------------------------------------------------------------------------------

[2020-04-17 13:37:43 #1 store] 
Database 'C:\Users\asier\git\bets2020\src\main\resources\bets.temp' has been recovered (tr. 387-394)

[2020-04-17 13:37:43 #2 store] 
Database 'C:\Users\asier\git\bets2020\src\main\resources\bets.temp' is opened by 12756@LAPTOP-1KO86THD

[2020-04-17 13:37:43 #3 type] 
Type domain.Question is not enhanced.

[2020-04-17 13:37:43 #4 type] 
Type domain.Event is not enhanced.

[2020-04-17 13:37:43 #5 type] 
Type domain.User is not enhanced.

[2020-04-17 13:37:43 #6 type] 
Type domain.Admin is not enhanced.

[2020-04-17 13:37:43 #7 type] 
Type domain.RegularUser is not enhanced.

[2020-04-17 13:37:43 #8 type] 
Type domain.Kuota is not enhanced.

[2020-04-17 13:37:43 #9 type] 
Type domain.Bet is not enhanced.

[2020-04-17 13:37:43 #10 type] 
Type domain.Wallet is not enhanced.

[2020-04-17 13:37:43 #11 type] 
Type domain.Movement is not enhanced.

------------------------------------------------------------------------------------------------------------------------

[2020-04-17 13:43:09 #1 store] 
Database 'C:\Users\asier\git\bets2020\src\main\resources\bets.temp' is opened by 10580@LAPTOP-1KO86THD

[2020-04-17 13:43:09 #2 type] 
Type domain.Question is not enhanced.

[2020-04-17 13:43:09 #3 type] 
Type domain.Event is not enhanced.

[2020-04-17 13:43:09 #4 type] 
Type domain.User is not enhanced.

[2020-04-17 13:43:09 #5 type] 
Type domain.Admin is not enhanced.

[2020-04-17 13:43:09 #6 type] 
Type domain.RegularUser is not enhanced.

[2020-04-17 13:43:09 #7 type] 
Type domain.Kuota is not enhanced.

[2020-04-17 13:43:09 #8 type] 
Type domain.Bet is not enhanced.

[2020-04-17 13:43:09 #9 type] 
Type domain.Wallet is not enhanced.

[2020-04-17 13:43:09 #10 type] 
Type domain.Movement is not enhanced.

------------------------------------------------------------------------------------------------------------------------

[2020-04-17 13:50:40 #1 store] 
Database 'C:\Users\asier\git\bets2020\src\main\resources\bets.temp' has been recovered (tr. 395-426)

[2020-04-17 13:50:40 #2 store] 
Database 'C:\Users\asier\git\bets2020\src\main\resources\bets.temp' is opened by 10528@LAPTOP-1KO86THD

[2020-04-17 13:50:41 #3 type] 
Type domain.Question is not enhanced.

[2020-04-17 13:50:41 #4 type] 
Type domain.Event is not enhanced.

[2020-04-17 13:50:41 #5 type] 
Type domain.User is not enhanced.

[2020-04-17 13:50:41 #6 type] 
Type domain.Admin is not enhanced.

[2020-04-17 13:50:41 #7 type] 
Type domain.RegularUser is not enhanced.

[2020-04-17 13:50:41 #8 type] 
Type domain.Kuota is not enhanced.

[2020-04-17 13:50:41 #9 type] 
Type domain.Bet is not enhanced.

[2020-04-17 13:50:41 #10 type] 
Type domain.Wallet is not enhanced.

[2020-04-17 13:50:41 #11 type] 
Type domain.Movement is not enhanced.

------------------------------------------------------------------------------------------------------------------------

[2020-04-17 13:51:46 #1 store] 
Database 'C:\Users\asier\git\bets2020\src\main\resources\bets.temp' is opened by 13784@LAPTOP-1KO86THD

[2020-04-17 13:51:46 #2 type] 
Type domain.Question is not enhanced.

[2020-04-17 13:51:46 #3 type] 
Type domain.Event is not enhanced.

[2020-04-17 13:51:46 #4 type] 
Type domain.User is not enhanced.

[2020-04-17 13:51:46 #5 type] 
Type domain.Admin is not enhanced.

[2020-04-17 13:51:46 #6 type] 
Type domain.RegularUser is not enhanced.

[2020-04-17 13:51:46 #7 type] 
Type domain.Kuota is not enhanced.

[2020-04-17 13:51:46 #8 type] 
Type domain.Bet is not enhanced.

[2020-04-17 13:51:46 #9 type] 
Type domain.Wallet is not enhanced.

[2020-04-17 13:51:46 #10 type] 
Type domain.Movement is not enhanced.

------------------------------------------------------------------------------------------------------------------------

[2020-04-17 14:12:01 #1 store] 
Database 'C:\Users\Iraitz\eclipse-workspace\bets2020\src\main\resources\bets.temp' is opened by 10996@LAPTOP-TVD0RTF2

[2020-04-17 14:12:01 #2 type] 
Type domain.Question is not enhanced.

[2020-04-17 14:12:01 #3 type] 
Type domain.Event is not enhanced.

[2020-04-17 14:12:01 #4 type] 
Type domain.User is not enhanced.

[2020-04-17 14:12:01 #5 type] 
Type domain.Admin is not enhanced.

[2020-04-17 14:12:01 #6 type] 
Type domain.RegularUser is not enhanced.

[2020-04-17 14:12:01 #7 type] 
Type domain.Kuota is not enhanced.

[2020-04-17 14:12:01 #8 type] 
Type domain.Bet is not enhanced.

[2020-04-17 14:12:01 #9 type] 
Type domain.Wallet is not enhanced.

[2020-04-17 14:12:01 #10 type] 
Type domain.Movement is not enhanced.

------------------------------------------------------------------------------------------------------------------------

[2020-04-17 14:15:59 #1 store] 
Database 'C:\Users\Iraitz\eclipse-workspace\bets2020\src\main\resources\bets.temp' is opened by 11416@LAPTOP-TVD0RTF2

[2020-04-17 14:15:59 #2 type] 
Type domain.Question is not enhanced.

[2020-04-17 14:15:59 #3 type] 
Type domain.Event is not enhanced.

[2020-04-17 14:15:59 #4 type] 
Type domain.User is not enhanced.

[2020-04-17 14:16:00 #5 type] 
Type domain.Admin is not enhanced.

[2020-04-17 14:16:00 #6 type] 
Type domain.RegularUser is not enhanced.

[2020-04-17 14:16:00 #7 type] 
Type domain.Kuota is not enhanced.

[2020-04-17 14:16:00 #8 type] 
Type domain.Bet is not enhanced.

[2020-04-17 14:16:00 #9 type] 
Type domain.Wallet is not enhanced.

[2020-04-17 14:16:00 #10 type] 
Type domain.Movement is not enhanced.

------------------------------------------------------------------------------------------------------------------------

[2020-04-17 14:23:44 #1 store] 
Database 'C:\Users\Iraitz\eclipse-workspace\bets2020\src\main\resources\bets.temp' has been recovered (tr. 427-431)

[2020-04-17 14:23:44 #2 store] 
Database 'C:\Users\Iraitz\eclipse-workspace\bets2020\src\main\resources\bets.temp' is opened by 9136@LAPTOP-TVD0RTF2

[2020-04-17 14:23:44 #3 type] 
Type domain.Question is not enhanced.

[2020-04-17 14:23:44 #4 type] 
Type domain.Event is not enhanced.

[2020-04-17 14:23:44 #5 type] 
Type domain.User is not enhanced.

[2020-04-17 14:23:44 #6 type] 
Type domain.Admin is not enhanced.

[2020-04-17 14:23:44 #7 type] 
Type domain.RegularUser is not enhanced.

[2020-04-17 14:23:44 #8 type] 
Type domain.Kuota is not enhanced.

[2020-04-17 14:23:44 #9 type] 
Type domain.Bet is not enhanced.

[2020-04-17 14:23:44 #10 type] 
Type domain.Wallet is not enhanced.

[2020-04-17 14:23:44 #11 type] 
Type domain.Movement is not enhanced.

------------------------------------------------------------------------------------------------------------------------

[2020-04-17 14:26:45 #1 store] 
Database 'C:\Users\Iraitz\eclipse-workspace\bets2020\src\main\resources\bets.temp' is opened by 11488@LAPTOP-TVD0RTF2

[2020-04-17 14:26:45 #2 type] 
Type domain.Question is not enhanced.

[2020-04-17 14:26:45 #3 type] 
Type domain.Event is not enhanced.

[2020-04-17 14:26:45 #4 type] 
Type domain.User is not enhanced.

[2020-04-17 14:26:45 #5 type] 
Type domain.Admin is not enhanced.

[2020-04-17 14:26:45 #6 type] 
Type domain.RegularUser is not enhanced.

[2020-04-17 14:26:45 #7 type] 
Type domain.Kuota is not enhanced.

[2020-04-17 14:26:45 #8 type] 
Type domain.Bet is not enhanced.

[2020-04-17 14:26:45 #9 type] 
Type domain.Wallet is not enhanced.

[2020-04-17 14:26:45 #10 type] 
Type domain.Movement is not enhanced.

------------------------------------------------------------------------------------------------------------------------

[2020-04-17 14:36:45 #1 store] 
Database 'C:\Users\Iraitz\eclipse-workspace\bets2020\src\main\resources\bets.temp' is opened by 7256@LAPTOP-TVD0RTF2

[2020-04-17 14:36:45 #2 type] 
Type domain.Question is not enhanced.

[2020-04-17 14:36:45 #3 type] 
Type domain.Event is not enhanced.

[2020-04-17 14:36:45 #4 type] 
Type domain.User is not enhanced.

[2020-04-17 14:36:45 #5 type] 
Type domain.Admin is not enhanced.

[2020-04-17 14:36:45 #6 type] 
Type domain.RegularUser is not enhanced.

[2020-04-17 14:36:45 #7 type] 
Type domain.Kuota is not enhanced.

[2020-04-17 14:36:45 #8 type] 
Type domain.Bet is not enhanced.

[2020-04-17 14:36:45 #9 type] 
Type domain.Wallet is not enhanced.

[2020-04-17 14:36:45 #10 type] 
Type domain.Movement is not enhanced.

------------------------------------------------------------------------------------------------------------------------

[2020-04-17 14:46:33 #1 store] 
Database 'C:\Users\Iraitz\eclipse-workspace\bets2020\src\main\resources\bets.temp' is opened by 12928@LAPTOP-TVD0RTF2

[2020-04-17 14:46:33 #2 type] 
Type domain.Question is not enhanced.

[2020-04-17 14:46:33 #3 type] 
Type domain.Event is not enhanced.

[2020-04-17 14:46:33 #4 type] 
Type domain.User is not enhanced.

[2020-04-17 14:46:33 #5 type] 
Type domain.Admin is not enhanced.

[2020-04-17 14:46:33 #6 type] 
Type domain.RegularUser is not enhanced.

[2020-04-17 14:46:33 #7 type] 
Type domain.Kuota is not enhanced.

[2020-04-17 14:46:33 #8 type] 
Type domain.Bet is not enhanced.

[2020-04-17 14:46:33 #9 type] 
Type domain.Wallet is not enhanced.

[2020-04-17 14:46:33 #10 type] 
Type domain.Movement is not enhanced.

------------------------------------------------------------------------------------------------------------------------

[2020-04-17 14:51:01 #1 store] 
Database 'C:\Users\Iraitz\eclipse-workspace\bets2020\src\main\resources\bets.temp' is opened by 12120@LAPTOP-TVD0RTF2

[2020-04-17 14:51:01 #2 type] 
Type domain.Question is not enhanced.

[2020-04-17 14:51:01 #3 type] 
Type domain.Event is not enhanced.

[2020-04-17 14:51:01 #4 type] 
Type domain.User is not enhanced.

[2020-04-17 14:51:01 #5 type] 
Type domain.Admin is not enhanced.

[2020-04-17 14:51:01 #6 type] 
Type domain.RegularUser is not enhanced.

[2020-04-17 14:51:01 #7 type] 
Type domain.Kuota is not enhanced.

[2020-04-17 14:51:01 #8 type] 
Type domain.Bet is not enhanced.

[2020-04-17 14:51:01 #9 type] 
Type domain.Wallet is not enhanced.

[2020-04-17 14:51:01 #10 type] 
Type domain.Movement is not enhanced.

------------------------------------------------------------------------------------------------------------------------

[2020-04-17 14:53:58 #1 store] 
Database 'C:\Users\Iraitz\eclipse-workspace\bets2020\src\main\resources\bets.temp' is opened by 9988@LAPTOP-TVD0RTF2

[2020-04-17 14:53:58 #2 type] 
Type domain.Question is not enhanced.

[2020-04-17 14:53:58 #3 type] 
Type domain.Event is not enhanced.

[2020-04-17 14:53:58 #4 type] 
Type domain.User is not enhanced.

[2020-04-17 14:53:58 #5 type] 
Type domain.Admin is not enhanced.

[2020-04-17 14:53:58 #6 type] 
Type domain.RegularUser is not enhanced.

[2020-04-17 14:53:58 #7 type] 
Type domain.Kuota is not enhanced.

[2020-04-17 14:53:58 #8 type] 
Type domain.Bet is not enhanced.

[2020-04-17 14:53:58 #9 type] 
Type domain.Wallet is not enhanced.

[2020-04-17 14:53:58 #10 type] 
Type domain.Movement is not enhanced.

------------------------------------------------------------------------------------------------------------------------

[2020-04-17 15:01:19 #1 store] 
Database 'C:\Users\Iraitz\eclipse-workspace\bets2020\src\main\resources\bets.temp' is opened by 9212@LAPTOP-TVD0RTF2

[2020-04-17 15:01:19 #2 type] 
Type domain.Question is not enhanced.

[2020-04-17 15:01:19 #3 type] 
Type domain.Event is not enhanced.

[2020-04-17 15:01:19 #4 type] 
Type domain.User is not enhanced.

[2020-04-17 15:01:19 #5 type] 
Type domain.Admin is not enhanced.

[2020-04-17 15:01:19 #6 type] 
Type domain.RegularUser is not enhanced.

[2020-04-17 15:01:19 #7 type] 
Type domain.Kuota is not enhanced.

[2020-04-17 15:01:19 #8 type] 
Type domain.Bet is not enhanced.

[2020-04-17 15:01:19 #9 type] 
Type domain.Wallet is not enhanced.

[2020-04-17 15:01:19 #10 type] 
Type domain.Movement is not enhanced.

------------------------------------------------------------------------------------------------------------------------

[2020-04-17 15:12:05 #1 store] 
Database 'C:\Users\Iraitz\eclipse-workspace\bets2020\src\main\resources\bets.temp' is opened by 8488@LAPTOP-TVD0RTF2

[2020-04-17 15:12:05 #2 type] 
Type domain.Question is not enhanced.

[2020-04-17 15:12:05 #3 type] 
Type domain.Event is not enhanced.

[2020-04-17 15:12:05 #4 type] 
Type domain.User is not enhanced.

[2020-04-17 15:12:05 #5 type] 
Type domain.Admin is not enhanced.

[2020-04-17 15:12:05 #6 type] 
Type domain.RegularUser is not enhanced.

[2020-04-17 15:12:05 #7 type] 
Type domain.Kuota is not enhanced.

[2020-04-17 15:12:05 #8 type] 
Type domain.Bet is not enhanced.

[2020-04-17 15:12:05 #9 type] 
Type domain.Wallet is not enhanced.

[2020-04-17 15:12:05 #10 type] 
Type domain.Movement is not enhanced.

------------------------------------------------------------------------------------------------------------------------

[2020-04-17 19:31:20 #1 store] 
Database 'C:\Users\Iraitz\eclipse-workspace\bets2020\src\main\resources\bets.temp' is opened by 3376@LAPTOP-TVD0RTF2

[2020-04-17 19:31:20 #2 type] 
Type domain.Question is not enhanced.

[2020-04-17 19:31:20 #3 type] 
Type domain.Event is not enhanced.

[2020-04-17 19:31:20 #4 type] 
Type domain.User is not enhanced.

[2020-04-17 19:31:20 #5 type] 
Type domain.Admin is not enhanced.

[2020-04-17 19:31:20 #6 type] 
Type domain.RegularUser is not enhanced.

[2020-04-17 19:31:20 #7 type] 
Type domain.Kuota is not enhanced.

[2020-04-17 19:31:20 #8 type] 
Type domain.Bet is not enhanced.

[2020-04-17 19:31:20 #9 type] 
Type domain.Wallet is not enhanced.

[2020-04-17 19:31:20 #10 type] 
Type domain.Movement is not enhanced.

------------------------------------------------------------------------------------------------------------------------

[2020-04-17 19:35:04 #1 store] 
Database 'C:\Users\Iraitz\eclipse-workspace\bets2020\src\main\resources\bets.temp' is opened by 3776@LAPTOP-TVD0RTF2

[2020-04-17 19:35:04 #2 type] 
Type domain.Question is not enhanced.

[2020-04-17 19:35:04 #3 type] 
Type domain.Event is not enhanced.

[2020-04-17 19:35:04 #4 type] 
Type domain.User is not enhanced.

[2020-04-17 19:35:04 #5 type] 
Type domain.Admin is not enhanced.

[2020-04-17 19:35:04 #6 type] 
Type domain.RegularUser is not enhanced.

[2020-04-17 19:35:04 #7 type] 
Type domain.Kuota is not enhanced.

[2020-04-17 19:35:04 #8 type] 
Type domain.Bet is not enhanced.

[2020-04-17 19:35:04 #9 type] 
Type domain.Wallet is not enhanced.

[2020-04-17 19:35:04 #10 type] 
Type domain.Movement is not enhanced.

------------------------------------------------------------------------------------------------------------------------

[2020-04-17 20:09:30 #1 store] 
Database 'C:\Users\Iraitz\eclipse-workspace\bets2020\src\main\resources\bets.temp' is opened by 836@LAPTOP-TVD0RTF2

[2020-04-17 20:09:30 #2 type] 
Type domain.Question is not enhanced.

[2020-04-17 20:09:30 #3 type] 
Type domain.Event is not enhanced.

[2020-04-17 20:09:30 #4 type] 
Type domain.User is not enhanced.

[2020-04-17 20:09:30 #5 type] 
Type domain.Admin is not enhanced.

[2020-04-17 20:09:30 #6 type] 
Type domain.RegularUser is not enhanced.

[2020-04-17 20:09:30 #7 type] 
Type domain.Kuota is not enhanced.

[2020-04-17 20:09:30 #8 type] 
Type domain.Bet is not enhanced.

[2020-04-17 20:09:30 #9 type] 
Type domain.Wallet is not enhanced.

[2020-04-17 20:09:30 #10 type] 
Type domain.Movement is not enhanced.

------------------------------------------------------------------------------------------------------------------------

[2020-04-17 22:50:31 #1 store] 
Database 'C:\Users\Iraitz\eclipse-workspace\bets2020\src\main\resources\bets.temp' has been recovered (tr. 432-432)

[2020-04-17 22:50:31 #2 store] 
Database 'C:\Users\Iraitz\eclipse-workspace\bets2020\src\main\resources\bets.temp' is opened by 11008@LAPTOP-TVD0RTF2

[2020-04-17 22:50:31 #3 type] 
Type domain.Question is not enhanced.

[2020-04-17 22:50:31 #4 type] 
Type domain.Event is not enhanced.

[2020-04-17 22:50:31 #5 type] 
Type domain.User is not enhanced.

[2020-04-17 22:50:31 #6 type] 
Type domain.Admin is not enhanced.

[2020-04-17 22:50:31 #7 type] 
Type domain.RegularUser is not enhanced.

[2020-04-17 22:50:31 #8 type] 
Type domain.Kuota is not enhanced.

[2020-04-17 22:50:31 #9 type] 
Type domain.Bet is not enhanced.

[2020-04-17 22:50:31 #10 type] 
Type domain.Wallet is not enhanced.

[2020-04-17 22:50:31 #11 type] 
Type domain.Movement is not enhanced.

------------------------------------------------------------------------------------------------------------------------

[2020-04-17 22:52:58 #1 store] 
Database 'C:\Users\Iraitz\eclipse-workspace\bets2020\src\main\resources\bets.temp' is opened by 7288@LAPTOP-TVD0RTF2

[2020-04-17 22:52:58 #2 type] 
Type domain.Question is not enhanced.

[2020-04-17 22:52:58 #3 type] 
Type domain.Event is not enhanced.

[2020-04-17 22:52:58 #4 type] 
Type domain.User is not enhanced.

[2020-04-17 22:52:58 #5 type] 
Type domain.Admin is not enhanced.

[2020-04-17 22:52:58 #6 type] 
Type domain.RegularUser is not enhanced.

[2020-04-17 22:52:58 #7 type] 
Type domain.Kuota is not enhanced.

[2020-04-17 22:52:58 #8 type] 
Type domain.Bet is not enhanced.

[2020-04-17 22:52:58 #9 type] 
Type domain.Wallet is not enhanced.

[2020-04-17 22:52:58 #10 type] 
Type domain.Movement is not enhanced.

------------------------------------------------------------------------------------------------------------------------

[2020-04-17 23:06:06 #1 store] 
Database 'C:\Users\Iraitz\eclipse-workspace\bets2020\src\main\resources\bets.temp' is opened by 14040@LAPTOP-TVD0RTF2

[2020-04-17 23:06:06 #2 type] 
Type domain.Question is not enhanced.

[2020-04-17 23:06:07 #3 type] 
Type domain.Event is not enhanced.

[2020-04-17 23:06:07 #4 type] 
Type domain.User is not enhanced.

[2020-04-17 23:06:07 #5 type] 
Type domain.Admin is not enhanced.

[2020-04-17 23:06:07 #6 type] 
Type domain.RegularUser is not enhanced.

[2020-04-17 23:06:07 #7 type] 
Type domain.Kuota is not enhanced.

[2020-04-17 23:06:07 #8 type] 
Type domain.Bet is not enhanced.

[2020-04-17 23:06:07 #9 type] 
Type domain.Wallet is not enhanced.

[2020-04-17 23:06:07 #10 type] 
Type domain.Movement is not enhanced.

