------------------------------------------------------------------------------------------------------------------------

[2020-03-17 16:12:25 #1 store] 
Database 'C:\Users\Iraitz\eclipse-workspace\bets2020\src\main\resources\bets.temp' has been recovered (tr. 45-45)

[2020-03-17 16:12:25 #2 store] 
Database 'C:\Users\Iraitz\eclipse-workspace\bets2020\src\main\resources\bets.temp' is opened by 13624@LAPTOP-TVD0RTF2

[2020-03-17 16:12:25 #3 type] 
Type domain.Question is not enhanced.

[2020-03-17 16:12:25 #4 type] 
Type domain.Event is not enhanced.

[2020-03-17 16:12:25 #5 type] 
Type domain.User is not enhanced.

[2020-03-17 16:12:25 #6 type] 
Type domain.Admin is not enhanced.

[2020-03-17 16:12:25 #7 type] 
Type domain.RegularUser is not enhanced.

[2020-03-17 16:12:25 #8 type] 
Type domain.Kuota is not enhanced.

------------------------------------------------------------------------------------------------------------------------

[2020-03-17 16:39:43 #1 store] 
Database 'C:\Users\Iraitz\eclipse-workspace\bets2020\src\main\resources\bets.temp' is opened by 8588@LAPTOP-TVD0RTF2

[2020-03-17 16:39:44 #2 type] 
Type domain.Question is not enhanced.

[2020-03-17 16:39:44 #3 type] 
Type domain.Event is not enhanced.

[2020-03-17 16:39:44 #4 type] 
Type domain.User is not enhanced.

[2020-03-17 16:39:44 #5 type] 
Type domain.Admin is not enhanced.

[2020-03-17 16:39:44 #6 type] 
Type domain.RegularUser is not enhanced.

[2020-03-17 16:39:44 #7 type] 
Type domain.Kuota is not enhanced.

------------------------------------------------------------------------------------------------------------------------

[2020-03-17 16:41:23 #1 store] 
Database 'C:\Users\Iraitz\eclipse-workspace\bets2020\src\main\resources\bets.temp' is opened by 1484@LAPTOP-TVD0RTF2

[2020-03-17 16:41:24 #2 type] 
Type domain.Question is not enhanced.

[2020-03-17 16:41:24 #3 type] 
Type domain.Event is not enhanced.

[2020-03-17 16:41:24 #4 type] 
Type domain.User is not enhanced.

[2020-03-17 16:41:24 #5 type] 
Type domain.Admin is not enhanced.

[2020-03-17 16:41:24 #6 type] 
Type domain.RegularUser is not enhanced.

[2020-03-17 16:41:24 #7 type] 
Type domain.Kuota is not enhanced.

------------------------------------------------------------------------------------------------------------------------

[2020-03-17 16:42:47 #1 store] 
Database 'C:\Users\Iraitz\eclipse-workspace\bets2020\src\main\resources\bets.temp' is opened by 6344@LAPTOP-TVD0RTF2

[2020-03-17 16:42:47 #2 type] 
Type domain.Question is not enhanced.

[2020-03-17 16:42:47 #3 type] 
Type domain.Event is not enhanced.

[2020-03-17 16:42:47 #4 type] 
Type domain.User is not enhanced.

[2020-03-17 16:42:47 #5 type] 
Type domain.Admin is not enhanced.

[2020-03-17 16:42:47 #6 type] 
Type domain.RegularUser is not enhanced.

[2020-03-17 16:42:47 #7 type] 
Type domain.Kuota is not enhanced.

------------------------------------------------------------------------------------------------------------------------

[2020-03-17 16:44:22 #1 store] 
Database 'C:\Users\Iraitz\eclipse-workspace\bets2020\src\main\resources\bets.temp' is opened by 13892@LAPTOP-TVD0RTF2

[2020-03-17 16:44:22 #2 type] 
Type domain.Question is not enhanced.

[2020-03-17 16:44:22 #3 type] 
Type domain.Event is not enhanced.

[2020-03-17 16:44:22 #4 type] 
Type domain.User is not enhanced.

[2020-03-17 16:44:22 #5 type] 
Type domain.Admin is not enhanced.

[2020-03-17 16:44:22 #6 type] 
Type domain.RegularUser is not enhanced.

[2020-03-17 16:44:22 #7 type] 
Type domain.Kuota is not enhanced.

------------------------------------------------------------------------------------------------------------------------

[2020-03-17 16:45:48 #1 store] 
Database 'C:\Users\Iraitz\eclipse-workspace\bets2020\src\main\resources\bets.temp' is opened by 11092@LAPTOP-TVD0RTF2

[2020-03-17 16:45:48 #2 type] 
Type domain.Question is not enhanced.

[2020-03-17 16:45:48 #3 type] 
Type domain.Event is not enhanced.

[2020-03-17 16:45:48 #4 type] 
Type domain.User is not enhanced.

[2020-03-17 16:45:48 #5 type] 
Type domain.Admin is not enhanced.

[2020-03-17 16:45:48 #6 type] 
Type domain.RegularUser is not enhanced.

[2020-03-17 16:45:48 #7 type] 
Type domain.Kuota is not enhanced.

------------------------------------------------------------------------------------------------------------------------

[2020-03-17 17:14:34 #1 store] 
Database 'C:\Users\Iraitz\eclipse-workspace\bets2020\src\main\resources\bets.temp' is opened by 6884@LAPTOP-TVD0RTF2

[2020-03-17 17:14:35 #2 type] 
Type domain.Question is not enhanced.

[2020-03-17 17:14:35 #3 type] 
Type domain.Event is not enhanced.

[2020-03-17 17:14:35 #4 type] 
Type domain.User is not enhanced.

[2020-03-17 17:14:35 #5 type] 
Type domain.Admin is not enhanced.

[2020-03-17 17:14:35 #6 type] 
Type domain.RegularUser is not enhanced.

[2020-03-17 17:14:35 #7 type] 
Type domain.Kuota is not enhanced.

------------------------------------------------------------------------------------------------------------------------

[2020-03-17 17:16:26 #1 store] 
Database 'C:\Users\Iraitz\eclipse-workspace\bets2020\src\main\resources\bets.temp' is opened by 11356@LAPTOP-TVD0RTF2

[2020-03-17 17:16:27 #2 type] 
Type domain.Question is not enhanced.

[2020-03-17 17:16:27 #3 type] 
Type domain.Event is not enhanced.

[2020-03-17 17:16:27 #4 type] 
Type domain.User is not enhanced.

[2020-03-17 17:16:27 #5 type] 
Type domain.Admin is not enhanced.

[2020-03-17 17:16:27 #6 type] 
Type domain.RegularUser is not enhanced.

[2020-03-17 17:16:27 #7 type] 
Type domain.Kuota is not enhanced.

