------------------------------------------------------------------------------------------------------------------------

[2020-03-31 00:01:36 #1 store] 
Database 'C:\Users\Iraitz\eclipse-workspace\bets2020\src\main\resources\bets.temp' has been recovered (tr. 274-275)

[2020-03-31 00:01:36 #2 store] 
Database 'C:\Users\Iraitz\eclipse-workspace\bets2020\src\main\resources\bets.temp' is opened by 588@LAPTOP-TVD0RTF2

[2020-03-31 00:01:36 #3 type] 
Type domain.Question is not enhanced.

[2020-03-31 00:01:36 #4 type] 
Type domain.Event is not enhanced.

[2020-03-31 00:01:36 #5 type] 
Type domain.User is not enhanced.

[2020-03-31 00:01:36 #6 type] 
Type domain.Admin is not enhanced.

[2020-03-31 00:01:36 #7 type] 
Type domain.RegularUser is not enhanced.

[2020-03-31 00:01:36 #8 type] 
Type domain.Kuota is not enhanced.

[2020-03-31 00:01:36 #9 type] 
Type domain.Bet is not enhanced.

[2020-03-31 00:01:36 #10 type] 
Type domain.Wallet is not enhanced.

[2020-03-31 00:01:36 #11 type] 
Type domain.Movement is not enhanced.

------------------------------------------------------------------------------------------------------------------------

[2020-03-31 00:02:26 #1 store] 
Database 'C:\Users\Iraitz\eclipse-workspace\bets2020\src\main\resources\bets.temp' has been recovered (tr. 276-277)

[2020-03-31 00:02:26 #2 store] 
Database 'C:\Users\Iraitz\eclipse-workspace\bets2020\src\main\resources\bets.temp' is opened by 2264@LAPTOP-TVD0RTF2

[2020-03-31 00:02:26 #3 type] 
Type domain.Question is not enhanced.

[2020-03-31 00:02:26 #4 type] 
Type domain.Event is not enhanced.

[2020-03-31 00:02:26 #5 type] 
Type domain.User is not enhanced.

[2020-03-31 00:02:26 #6 type] 
Type domain.Admin is not enhanced.

[2020-03-31 00:02:26 #7 type] 
Type domain.RegularUser is not enhanced.

[2020-03-31 00:02:26 #8 type] 
Type domain.Kuota is not enhanced.

[2020-03-31 00:02:26 #9 type] 
Type domain.Bet is not enhanced.

[2020-03-31 00:02:26 #10 type] 
Type domain.Wallet is not enhanced.

[2020-03-31 00:02:26 #11 type] 
Type domain.Movement is not enhanced.

------------------------------------------------------------------------------------------------------------------------

[2020-03-31 00:18:01 #1 store] 
Database 'C:\Users\Iraitz\eclipse-workspace\bets2020\src\main\resources\bets.temp' is opened by 12132@LAPTOP-TVD0RTF2

[2020-03-31 00:18:01 #2 type] 
Type domain.Question is not enhanced.

[2020-03-31 00:18:01 #3 type] 
Type domain.Event is not enhanced.

[2020-03-31 00:18:01 #4 type] 
Type domain.User is not enhanced.

[2020-03-31 00:18:01 #5 type] 
Type domain.Admin is not enhanced.

[2020-03-31 00:18:01 #6 type] 
Type domain.RegularUser is not enhanced.

[2020-03-31 00:18:01 #7 type] 
Type domain.Kuota is not enhanced.

[2020-03-31 00:18:01 #8 type] 
Type domain.Bet is not enhanced.

[2020-03-31 00:18:01 #9 type] 
Type domain.Wallet is not enhanced.

[2020-03-31 00:18:01 #10 type] 
Type domain.Movement is not enhanced.

------------------------------------------------------------------------------------------------------------------------

[2020-03-31 00:19:58 #1 store] 
Database 'C:\Users\Iraitz\eclipse-workspace\bets2020\src\main\resources\bets.temp' is opened by 11064@LAPTOP-TVD0RTF2

[2020-03-31 00:19:58 #2 type] 
Type domain.Question is not enhanced.

[2020-03-31 00:19:58 #3 type] 
Type domain.Event is not enhanced.

[2020-03-31 00:19:58 #4 type] 
Type domain.User is not enhanced.

[2020-03-31 00:19:58 #5 type] 
Type domain.Admin is not enhanced.

[2020-03-31 00:19:58 #6 type] 
Type domain.RegularUser is not enhanced.

[2020-03-31 00:19:58 #7 type] 
Type domain.Kuota is not enhanced.

[2020-03-31 00:19:58 #8 type] 
Type domain.Bet is not enhanced.

[2020-03-31 00:19:58 #9 type] 
Type domain.Wallet is not enhanced.

[2020-03-31 00:19:58 #10 type] 
Type domain.Movement is not enhanced.

------------------------------------------------------------------------------------------------------------------------

[2020-03-31 00:25:26 #1 store] 
Database 'C:\Users\Iraitz\eclipse-workspace\bets2020\src\main\resources\bets.temp' is opened by 7808@LAPTOP-TVD0RTF2

[2020-03-31 00:25:26 #2 type] 
Type domain.Question is not enhanced.

[2020-03-31 00:25:26 #3 type] 
Type domain.Event is not enhanced.

[2020-03-31 00:25:26 #4 type] 
Type domain.User is not enhanced.

[2020-03-31 00:25:26 #5 type] 
Type domain.Admin is not enhanced.

[2020-03-31 00:25:26 #6 type] 
Type domain.RegularUser is not enhanced.

[2020-03-31 00:25:26 #7 type] 
Type domain.Kuota is not enhanced.

[2020-03-31 00:25:26 #8 type] 
Type domain.Bet is not enhanced.

[2020-03-31 00:25:26 #9 type] 
Type domain.Wallet is not enhanced.

[2020-03-31 00:25:26 #10 type] 
Type domain.Movement is not enhanced.

------------------------------------------------------------------------------------------------------------------------

[2020-03-31 16:46:05 #1 store] 
Database 'C:\Users\Iraitz\eclipse-workspace\bets2020\src\main\resources\bets.temp' is opened by 8436@LAPTOP-TVD0RTF2

[2020-03-31 16:46:05 #2 type] 
Type domain.Question is not enhanced.

[2020-03-31 16:46:05 #3 type] 
Type domain.Event is not enhanced.

[2020-03-31 16:46:05 #4 type] 
Type domain.User is not enhanced.

[2020-03-31 16:46:05 #5 type] 
Type domain.Admin is not enhanced.

[2020-03-31 16:46:05 #6 type] 
Type domain.RegularUser is not enhanced.

[2020-03-31 16:46:05 #7 type] 
Type domain.Kuota is not enhanced.

[2020-03-31 16:46:05 #8 type] 
Type domain.Bet is not enhanced.

[2020-03-31 16:46:05 #9 type] 
Type domain.Wallet is not enhanced.

[2020-03-31 16:46:05 #10 type] 
Type domain.Movement is not enhanced.

------------------------------------------------------------------------------------------------------------------------

[2020-03-31 16:52:17 #1 store] 
Database 'C:\Users\Iraitz\eclipse-workspace\bets2020\src\main\resources\bets.temp' is opened by 2400@LAPTOP-TVD0RTF2

[2020-03-31 16:52:18 #2 type] 
Type domain.Question is not enhanced.

[2020-03-31 16:52:18 #3 type] 
Type domain.Event is not enhanced.

[2020-03-31 16:52:18 #4 type] 
Type domain.User is not enhanced.

[2020-03-31 16:52:18 #5 type] 
Type domain.Admin is not enhanced.

[2020-03-31 16:52:18 #6 type] 
Type domain.RegularUser is not enhanced.

[2020-03-31 16:52:18 #7 type] 
Type domain.Kuota is not enhanced.

[2020-03-31 16:52:18 #8 type] 
Type domain.Bet is not enhanced.

[2020-03-31 16:52:18 #9 type] 
Type domain.Wallet is not enhanced.

[2020-03-31 16:52:18 #10 type] 
Type domain.Movement is not enhanced.

------------------------------------------------------------------------------------------------------------------------

[2020-03-31 17:04:36 #1 store] 
Database 'C:\Users\Iraitz\eclipse-workspace\bets2020\src\main\resources\bets.temp' is opened by 12492@LAPTOP-TVD0RTF2

[2020-03-31 17:04:36 #2 type] 
Type domain.Question is not enhanced.

[2020-03-31 17:04:36 #3 type] 
Type domain.Event is not enhanced.

[2020-03-31 17:04:36 #4 type] 
Type domain.User is not enhanced.

[2020-03-31 17:04:36 #5 type] 
Type domain.Admin is not enhanced.

[2020-03-31 17:04:36 #6 type] 
Type domain.RegularUser is not enhanced.

[2020-03-31 17:04:36 #7 type] 
Type domain.Kuota is not enhanced.

[2020-03-31 17:04:36 #8 type] 
Type domain.Bet is not enhanced.

[2020-03-31 17:04:36 #9 type] 
Type domain.Wallet is not enhanced.

[2020-03-31 17:04:36 #10 type] 
Type domain.Movement is not enhanced.

------------------------------------------------------------------------------------------------------------------------

[2020-03-31 17:10:37 #1 store] 
Database 'C:\Users\Iraitz\eclipse-workspace\bets2020\src\main\resources\bets.temp' is opened by 4864@LAPTOP-TVD0RTF2

[2020-03-31 17:10:38 #2 type] 
Type domain.Question is not enhanced.

[2020-03-31 17:10:38 #3 type] 
Type domain.Event is not enhanced.

[2020-03-31 17:10:38 #4 type] 
Type domain.User is not enhanced.

[2020-03-31 17:10:38 #5 type] 
Type domain.Admin is not enhanced.

[2020-03-31 17:10:38 #6 type] 
Type domain.RegularUser is not enhanced.

[2020-03-31 17:10:38 #7 type] 
Type domain.Kuota is not enhanced.

[2020-03-31 17:10:38 #8 type] 
Type domain.Bet is not enhanced.

[2020-03-31 17:10:38 #9 type] 
Type domain.Wallet is not enhanced.

[2020-03-31 17:10:38 #10 type] 
Type domain.Movement is not enhanced.

------------------------------------------------------------------------------------------------------------------------

[2020-03-31 17:13:39 #1 store] 
Database 'C:\Users\Iraitz\eclipse-workspace\bets2020\src\main\resources\bets.temp' is opened by 4116@LAPTOP-TVD0RTF2

[2020-03-31 17:13:39 #2 type] 
Type domain.Question is not enhanced.

[2020-03-31 17:13:39 #3 type] 
Type domain.Event is not enhanced.

[2020-03-31 17:13:39 #4 type] 
Type domain.User is not enhanced.

[2020-03-31 17:13:39 #5 type] 
Type domain.Admin is not enhanced.

[2020-03-31 17:13:39 #6 type] 
Type domain.RegularUser is not enhanced.

[2020-03-31 17:13:39 #7 type] 
Type domain.Kuota is not enhanced.

[2020-03-31 17:13:39 #8 type] 
Type domain.Bet is not enhanced.

[2020-03-31 17:13:39 #9 type] 
Type domain.Wallet is not enhanced.

[2020-03-31 17:13:39 #10 type] 
Type domain.Movement is not enhanced.

------------------------------------------------------------------------------------------------------------------------

[2020-03-31 17:35:30 #1 store] 
Database 'C:\Users\Iraitz\eclipse-workspace\bets2020\src\main\resources\bets.temp' is opened by 10680@LAPTOP-TVD0RTF2

[2020-03-31 17:35:30 #2 type] 
Type domain.Question is not enhanced.

[2020-03-31 17:35:30 #3 type] 
Type domain.Event is not enhanced.

[2020-03-31 17:35:30 #4 type] 
Type domain.User is not enhanced.

[2020-03-31 17:35:30 #5 type] 
Type domain.Admin is not enhanced.

[2020-03-31 17:35:30 #6 type] 
Type domain.RegularUser is not enhanced.

[2020-03-31 17:35:30 #7 type] 
Type domain.Kuota is not enhanced.

[2020-03-31 17:35:30 #8 type] 
Type domain.Bet is not enhanced.

[2020-03-31 17:35:30 #9 type] 
Type domain.Wallet is not enhanced.

[2020-03-31 17:35:30 #10 type] 
Type domain.Movement is not enhanced.

------------------------------------------------------------------------------------------------------------------------

[2020-03-31 17:44:08 #1 store] 
Database 'C:\Users\Iraitz\eclipse-workspace\bets2020\src\main\resources\bets.temp' has been recovered (tr. 325-327)

[2020-03-31 17:44:08 #2 store] 
Database 'C:\Users\Iraitz\eclipse-workspace\bets2020\src\main\resources\bets.temp' is opened by 5296@LAPTOP-TVD0RTF2

[2020-03-31 17:44:08 #3 type] 
Type domain.Question is not enhanced.

[2020-03-31 17:44:08 #4 type] 
Type domain.Event is not enhanced.

[2020-03-31 17:44:08 #5 type] 
Type domain.User is not enhanced.

[2020-03-31 17:44:08 #6 type] 
Type domain.Admin is not enhanced.

[2020-03-31 17:44:08 #7 type] 
Type domain.RegularUser is not enhanced.

[2020-03-31 17:44:08 #8 type] 
Type domain.Kuota is not enhanced.

[2020-03-31 17:44:08 #9 type] 
Type domain.Bet is not enhanced.

[2020-03-31 17:44:08 #10 type] 
Type domain.Wallet is not enhanced.

[2020-03-31 17:44:08 #11 type] 
Type domain.Movement is not enhanced.

------------------------------------------------------------------------------------------------------------------------

[2020-03-31 17:46:20 #1 store] 
Database 'C:\Users\Iraitz\eclipse-workspace\bets2020\src\main\resources\bets.temp' has been recovered (tr. 328-330)

[2020-03-31 17:46:21 #2 store] 
Database 'C:\Users\Iraitz\eclipse-workspace\bets2020\src\main\resources\bets.temp' is opened by 1368@LAPTOP-TVD0RTF2

[2020-03-31 17:46:21 #3 type] 
Type domain.Question is not enhanced.

[2020-03-31 17:46:21 #4 type] 
Type domain.Event is not enhanced.

[2020-03-31 17:46:21 #5 type] 
Type domain.User is not enhanced.

[2020-03-31 17:46:21 #6 type] 
Type domain.Admin is not enhanced.

[2020-03-31 17:46:21 #7 type] 
Type domain.RegularUser is not enhanced.

[2020-03-31 17:46:21 #8 type] 
Type domain.Kuota is not enhanced.

[2020-03-31 17:46:21 #9 type] 
Type domain.Bet is not enhanced.

[2020-03-31 17:46:21 #10 type] 
Type domain.Wallet is not enhanced.

[2020-03-31 17:46:21 #11 type] 
Type domain.Movement is not enhanced.

------------------------------------------------------------------------------------------------------------------------

[2020-03-31 20:51:13 #1 store] 
Database 'C:\Users\Iraitz\eclipse-workspace\bets2020\src\main\resources\bets.temp' is opened by 4772@LAPTOP-TVD0RTF2

[2020-03-31 20:51:13 #2 type] 
Type domain.Question is not enhanced.

[2020-03-31 20:51:13 #3 type] 
Type domain.Event is not enhanced.

[2020-03-31 20:51:13 #4 type] 
Type domain.User is not enhanced.

[2020-03-31 20:51:13 #5 type] 
Type domain.Admin is not enhanced.

[2020-03-31 20:51:13 #6 type] 
Type domain.RegularUser is not enhanced.

[2020-03-31 20:51:13 #7 type] 
Type domain.Kuota is not enhanced.

[2020-03-31 20:51:13 #8 type] 
Type domain.Bet is not enhanced.

[2020-03-31 20:51:13 #9 type] 
Type domain.Wallet is not enhanced.

[2020-03-31 20:51:13 #10 type] 
Type domain.Movement is not enhanced.

