------------------------------------------------------------------------------------------------------------------------

[2020-03-29 22:31:13 #1 store] 
Database 'C:\Users\Iraitz\eclipse-workspace\bets2020\src\main\resources\bets.temp' is opened by 13156@LAPTOP-TVD0RTF2

[2020-03-29 22:31:13 #2 type] 
Type domain.Question is not enhanced.

[2020-03-29 22:31:13 #3 type] 
Type domain.Event is not enhanced.

[2020-03-29 22:31:13 #4 type] 
Type domain.User is not enhanced.

[2020-03-29 22:31:13 #5 type] 
Type domain.Admin is not enhanced.

[2020-03-29 22:31:13 #6 type] 
Type domain.RegularUser is not enhanced.

[2020-03-29 22:31:13 #7 type] 
Type domain.Kuota is not enhanced.

[2020-03-29 22:31:13 #8 type] 
Type domain.Bet is not enhanced.

[2020-03-29 22:31:13 #9 type] 
Type domain.Wallet is not enhanced.

[2020-03-29 22:31:13 #10 type] 
Type domain.Movement is not enhanced.

------------------------------------------------------------------------------------------------------------------------

[2020-03-29 22:37:08 #1 store] 
Database 'C:\Users\Iraitz\eclipse-workspace\bets2020\src\main\resources\bets.temp' has been recovered (tr. 188-191)

[2020-03-29 22:37:08 #2 store] 
Database 'C:\Users\Iraitz\eclipse-workspace\bets2020\src\main\resources\bets.temp' is opened by 808@LAPTOP-TVD0RTF2

[2020-03-29 22:37:08 #3 type] 
Type domain.Question is not enhanced.

[2020-03-29 22:37:08 #4 type] 
Type domain.Event is not enhanced.

[2020-03-29 22:37:08 #5 type] 
Type domain.User is not enhanced.

[2020-03-29 22:37:08 #6 type] 
Type domain.Admin is not enhanced.

[2020-03-29 22:37:08 #7 type] 
Type domain.RegularUser is not enhanced.

[2020-03-29 22:37:08 #8 type] 
Type domain.Kuota is not enhanced.

[2020-03-29 22:37:08 #9 type] 
Type domain.Bet is not enhanced.

[2020-03-29 22:37:08 #10 type] 
Type domain.Wallet is not enhanced.

[2020-03-29 22:37:08 #11 type] 
Type domain.Movement is not enhanced.

------------------------------------------------------------------------------------------------------------------------

[2020-03-29 22:39:36 #1 store] 
Database 'C:\Users\Iraitz\eclipse-workspace\bets2020\src\main\resources\bets.temp' has been recovered (tr. 192-192)

[2020-03-29 22:39:36 #2 store] 
Database 'C:\Users\Iraitz\eclipse-workspace\bets2020\src\main\resources\bets.temp' is opened by 12140@LAPTOP-TVD0RTF2

[2020-03-29 22:39:36 #3 type] 
Type domain.Question is not enhanced.

[2020-03-29 22:39:36 #4 type] 
Type domain.Event is not enhanced.

[2020-03-29 22:39:36 #5 type] 
Type domain.User is not enhanced.

[2020-03-29 22:39:36 #6 type] 
Type domain.Admin is not enhanced.

[2020-03-29 22:39:36 #7 type] 
Type domain.RegularUser is not enhanced.

[2020-03-29 22:39:36 #8 type] 
Type domain.Kuota is not enhanced.

[2020-03-29 22:39:36 #9 type] 
Type domain.Bet is not enhanced.

[2020-03-29 22:39:36 #10 type] 
Type domain.Wallet is not enhanced.

[2020-03-29 22:39:36 #11 type] 
Type domain.Movement is not enhanced.

------------------------------------------------------------------------------------------------------------------------

[2020-03-29 22:53:03 #1 store] 
Database 'C:\Users\Iraitz\eclipse-workspace\bets2020\src\main\resources\bets.temp' has been recovered (tr. 193-194)

[2020-03-29 22:53:03 #2 store] 
Database 'C:\Users\Iraitz\eclipse-workspace\bets2020\src\main\resources\bets.temp' is opened by 8460@LAPTOP-TVD0RTF2

[2020-03-29 22:53:03 #3 type] 
Type domain.Question is not enhanced.

[2020-03-29 22:53:03 #4 type] 
Type domain.Event is not enhanced.

[2020-03-29 22:53:03 #5 type] 
Type domain.User is not enhanced.

[2020-03-29 22:53:03 #6 type] 
Type domain.Admin is not enhanced.

[2020-03-29 22:53:03 #7 type] 
Type domain.RegularUser is not enhanced.

[2020-03-29 22:53:03 #8 type] 
Type domain.Kuota is not enhanced.

[2020-03-29 22:53:03 #9 type] 
Type domain.Bet is not enhanced.

[2020-03-29 22:53:03 #10 type] 
Type domain.Wallet is not enhanced.

[2020-03-29 22:53:03 #11 type] 
Type domain.Movement is not enhanced.

------------------------------------------------------------------------------------------------------------------------

[2020-03-29 22:56:13 #1 store] 
Database 'C:\Users\Iraitz\eclipse-workspace\bets2020\src\main\resources\bets.temp' is opened by 5816@LAPTOP-TVD0RTF2

[2020-03-29 22:56:13 #2 type] 
Type domain.Question is not enhanced.

[2020-03-29 22:56:13 #3 type] 
Type domain.Event is not enhanced.

[2020-03-29 22:56:13 #4 type] 
Type domain.User is not enhanced.

[2020-03-29 22:56:13 #5 type] 
Type domain.Admin is not enhanced.

[2020-03-29 22:56:13 #6 type] 
Type domain.RegularUser is not enhanced.

[2020-03-29 22:56:13 #7 type] 
Type domain.Kuota is not enhanced.

[2020-03-29 22:56:13 #8 type] 
Type domain.Bet is not enhanced.

[2020-03-29 22:56:13 #9 type] 
Type domain.Wallet is not enhanced.

[2020-03-29 22:56:13 #10 type] 
Type domain.Movement is not enhanced.

------------------------------------------------------------------------------------------------------------------------

[2020-03-29 22:59:19 #1 store] 
Database 'C:\Users\Iraitz\eclipse-workspace\bets2020\src\main\resources\bets.temp' is opened by 8704@LAPTOP-TVD0RTF2

[2020-03-29 22:59:19 #2 type] 
Type domain.Question is not enhanced.

[2020-03-29 22:59:19 #3 type] 
Type domain.Event is not enhanced.

[2020-03-29 22:59:19 #4 type] 
Type domain.User is not enhanced.

[2020-03-29 22:59:19 #5 type] 
Type domain.Admin is not enhanced.

[2020-03-29 22:59:19 #6 type] 
Type domain.RegularUser is not enhanced.

[2020-03-29 22:59:19 #7 type] 
Type domain.Kuota is not enhanced.

[2020-03-29 22:59:19 #8 type] 
Type domain.Bet is not enhanced.

[2020-03-29 22:59:19 #9 type] 
Type domain.Wallet is not enhanced.

[2020-03-29 22:59:19 #10 type] 
Type domain.Movement is not enhanced.

------------------------------------------------------------------------------------------------------------------------

[2020-03-29 23:05:49 #1 store] 
Database 'C:\Users\Iraitz\eclipse-workspace\bets2020\src\main\resources\bets.temp' is opened by 8372@LAPTOP-TVD0RTF2

[2020-03-29 23:05:50 #2 type] 
Type domain.Question is not enhanced.

[2020-03-29 23:05:50 #3 type] 
Type domain.Event is not enhanced.

[2020-03-29 23:05:50 #4 type] 
Type domain.User is not enhanced.

[2020-03-29 23:05:50 #5 type] 
Type domain.Admin is not enhanced.

[2020-03-29 23:05:50 #6 type] 
Type domain.RegularUser is not enhanced.

[2020-03-29 23:05:50 #7 type] 
Type domain.Kuota is not enhanced.

[2020-03-29 23:05:50 #8 type] 
Type domain.Bet is not enhanced.

[2020-03-29 23:05:50 #9 type] 
Type domain.Wallet is not enhanced.

[2020-03-29 23:05:50 #10 type] 
Type domain.Movement is not enhanced.

------------------------------------------------------------------------------------------------------------------------

[2020-03-29 23:08:11 #1 store] 
Database 'C:\Users\Iraitz\eclipse-workspace\bets2020\src\main\resources\bets.temp' is opened by 9632@LAPTOP-TVD0RTF2

[2020-03-29 23:08:11 #2 type] 
Type domain.Question is not enhanced.

[2020-03-29 23:08:11 #3 type] 
Type domain.Event is not enhanced.

[2020-03-29 23:08:11 #4 type] 
Type domain.User is not enhanced.

[2020-03-29 23:08:11 #5 type] 
Type domain.Admin is not enhanced.

[2020-03-29 23:08:11 #6 type] 
Type domain.RegularUser is not enhanced.

[2020-03-29 23:08:11 #7 type] 
Type domain.Kuota is not enhanced.

[2020-03-29 23:08:11 #8 type] 
Type domain.Bet is not enhanced.

[2020-03-29 23:08:11 #9 type] 
Type domain.Wallet is not enhanced.

[2020-03-29 23:08:11 #10 type] 
Type domain.Movement is not enhanced.

------------------------------------------------------------------------------------------------------------------------

[2020-03-29 23:10:23 #1 store] 
Database 'C:\Users\Iraitz\eclipse-workspace\bets2020\src\main\resources\bets.temp' has been recovered (tr. 198-199)

[2020-03-29 23:10:23 #2 store] 
Database 'C:\Users\Iraitz\eclipse-workspace\bets2020\src\main\resources\bets.temp' is opened by 14792@LAPTOP-TVD0RTF2

[2020-03-29 23:10:23 #3 type] 
Type domain.Question is not enhanced.

[2020-03-29 23:10:23 #4 type] 
Type domain.Event is not enhanced.

[2020-03-29 23:10:23 #5 type] 
Type domain.User is not enhanced.

[2020-03-29 23:10:23 #6 type] 
Type domain.Admin is not enhanced.

[2020-03-29 23:10:23 #7 type] 
Type domain.RegularUser is not enhanced.

[2020-03-29 23:10:23 #8 type] 
Type domain.Kuota is not enhanced.

[2020-03-29 23:10:23 #9 type] 
Type domain.Bet is not enhanced.

[2020-03-29 23:10:23 #10 type] 
Type domain.Wallet is not enhanced.

[2020-03-29 23:10:23 #11 type] 
Type domain.Movement is not enhanced.

------------------------------------------------------------------------------------------------------------------------

[2020-03-29 23:11:50 #1 store] 
Database 'C:\Users\Iraitz\eclipse-workspace\bets2020\src\main\resources\bets.temp' has been recovered (tr. 200-201)

[2020-03-29 23:11:50 #2 store] 
Database 'C:\Users\Iraitz\eclipse-workspace\bets2020\src\main\resources\bets.temp' is opened by 3900@LAPTOP-TVD0RTF2

[2020-03-29 23:11:51 #3 type] 
Type domain.Question is not enhanced.

[2020-03-29 23:11:51 #4 type] 
Type domain.Event is not enhanced.

[2020-03-29 23:11:51 #5 type] 
Type domain.User is not enhanced.

[2020-03-29 23:11:51 #6 type] 
Type domain.Admin is not enhanced.

[2020-03-29 23:11:51 #7 type] 
Type domain.RegularUser is not enhanced.

[2020-03-29 23:11:51 #8 type] 
Type domain.Kuota is not enhanced.

[2020-03-29 23:11:51 #9 type] 
Type domain.Bet is not enhanced.

[2020-03-29 23:11:51 #10 type] 
Type domain.Wallet is not enhanced.

[2020-03-29 23:11:51 #11 type] 
Type domain.Movement is not enhanced.

------------------------------------------------------------------------------------------------------------------------

[2020-03-29 23:30:05 #1 store] 
Database 'C:\Users\Iraitz\eclipse-workspace\bets2020\src\main\resources\bets.temp' is opened by 4660@LAPTOP-TVD0RTF2

[2020-03-29 23:30:05 #2 type] 
Type domain.Question is not enhanced.

[2020-03-29 23:30:05 #3 type] 
Type domain.Event is not enhanced.

[2020-03-29 23:30:05 #4 type] 
Type domain.User is not enhanced.

[2020-03-29 23:30:05 #5 type] 
Type domain.Admin is not enhanced.

[2020-03-29 23:30:05 #6 type] 
Type domain.RegularUser is not enhanced.

[2020-03-29 23:30:05 #7 type] 
Type domain.Kuota is not enhanced.

[2020-03-29 23:30:05 #8 type] 
Type domain.Bet is not enhanced.

[2020-03-29 23:30:05 #9 type] 
Type domain.Wallet is not enhanced.

[2020-03-29 23:30:05 #10 type] 
Type domain.Movement is not enhanced.

------------------------------------------------------------------------------------------------------------------------

[2020-03-29 23:31:08 #1 store] 
Database 'C:\Users\Iraitz\eclipse-workspace\bets2020\src\main\resources\bets.temp' has been recovered (tr. 202-203)

[2020-03-29 23:31:08 #2 store] 
Database 'C:\Users\Iraitz\eclipse-workspace\bets2020\src\main\resources\bets.temp' is opened by 12044@LAPTOP-TVD0RTF2

[2020-03-29 23:31:09 #3 type] 
Type domain.Question is not enhanced.

[2020-03-29 23:31:09 #4 type] 
Type domain.Event is not enhanced.

[2020-03-29 23:31:09 #5 type] 
Type domain.User is not enhanced.

[2020-03-29 23:31:09 #6 type] 
Type domain.Admin is not enhanced.

[2020-03-29 23:31:09 #7 type] 
Type domain.RegularUser is not enhanced.

[2020-03-29 23:31:09 #8 type] 
Type domain.Kuota is not enhanced.

[2020-03-29 23:31:09 #9 type] 
Type domain.Bet is not enhanced.

[2020-03-29 23:31:09 #10 type] 
Type domain.Wallet is not enhanced.

[2020-03-29 23:31:09 #11 type] 
Type domain.Movement is not enhanced.

------------------------------------------------------------------------------------------------------------------------

[2020-03-29 23:32:45 #1 store] 
Database 'C:\Users\Iraitz\eclipse-workspace\bets2020\src\main\resources\bets.temp' has been recovered (tr. 205-206)

[2020-03-29 23:32:45 #2 store] 
Database 'C:\Users\Iraitz\eclipse-workspace\bets2020\src\main\resources\bets.temp' is opened by 5036@LAPTOP-TVD0RTF2

[2020-03-29 23:32:45 #3 type] 
Type domain.Question is not enhanced.

[2020-03-29 23:32:45 #4 type] 
Type domain.Event is not enhanced.

[2020-03-29 23:32:45 #5 type] 
Type domain.User is not enhanced.

[2020-03-29 23:32:45 #6 type] 
Type domain.Admin is not enhanced.

[2020-03-29 23:32:45 #7 type] 
Type domain.RegularUser is not enhanced.

[2020-03-29 23:32:45 #8 type] 
Type domain.Kuota is not enhanced.

[2020-03-29 23:32:45 #9 type] 
Type domain.Bet is not enhanced.

[2020-03-29 23:32:45 #10 type] 
Type domain.Wallet is not enhanced.

[2020-03-29 23:32:45 #11 type] 
Type domain.Movement is not enhanced.

------------------------------------------------------------------------------------------------------------------------

[2020-03-29 23:36:27 #1 store] 
Database 'C:\Users\Iraitz\eclipse-workspace\bets2020\src\main\resources\bets.temp' has been recovered (tr. 208-214)

[2020-03-29 23:36:27 #2 store] 
Database 'C:\Users\Iraitz\eclipse-workspace\bets2020\src\main\resources\bets.temp' is opened by 13500@LAPTOP-TVD0RTF2

[2020-03-29 23:36:27 #3 type] 
Type domain.Question is not enhanced.

[2020-03-29 23:36:27 #4 type] 
Type domain.Event is not enhanced.

[2020-03-29 23:36:27 #5 type] 
Type domain.User is not enhanced.

[2020-03-29 23:36:27 #6 type] 
Type domain.Admin is not enhanced.

[2020-03-29 23:36:27 #7 type] 
Type domain.RegularUser is not enhanced.

[2020-03-29 23:36:27 #8 type] 
Type domain.Kuota is not enhanced.

[2020-03-29 23:36:27 #9 type] 
Type domain.Bet is not enhanced.

[2020-03-29 23:36:27 #10 type] 
Type domain.Wallet is not enhanced.

[2020-03-29 23:36:27 #11 type] 
Type domain.Movement is not enhanced.

------------------------------------------------------------------------------------------------------------------------

[2020-03-29 23:39:29 #1 store] 
Database 'C:\Users\Iraitz\eclipse-workspace\bets2020\src\main\resources\bets.temp' is opened by 9172@LAPTOP-TVD0RTF2

[2020-03-29 23:39:30 #2 type] 
Type domain.Question is not enhanced.

[2020-03-29 23:39:30 #3 type] 
Type domain.Event is not enhanced.

[2020-03-29 23:39:30 #4 type] 
Type domain.User is not enhanced.

[2020-03-29 23:39:30 #5 type] 
Type domain.Admin is not enhanced.

[2020-03-29 23:39:30 #6 type] 
Type domain.RegularUser is not enhanced.

[2020-03-29 23:39:30 #7 type] 
Type domain.Kuota is not enhanced.

[2020-03-29 23:39:30 #8 type] 
Type domain.Bet is not enhanced.

[2020-03-29 23:39:30 #9 type] 
Type domain.Wallet is not enhanced.

[2020-03-29 23:39:30 #10 type] 
Type domain.Movement is not enhanced.

------------------------------------------------------------------------------------------------------------------------

[2020-03-29 23:45:04 #1 store] 
Database 'C:\Users\Iraitz\eclipse-workspace\bets2020\src\main\resources\bets.temp' has been recovered (tr. 216-218)

[2020-03-29 23:45:04 #2 store] 
Database 'C:\Users\Iraitz\eclipse-workspace\bets2020\src\main\resources\bets.temp' is opened by 7656@LAPTOP-TVD0RTF2

[2020-03-29 23:45:04 #3 type] 
Type domain.Question is not enhanced.

[2020-03-29 23:45:04 #4 type] 
Type domain.Event is not enhanced.

[2020-03-29 23:45:04 #5 type] 
Type domain.User is not enhanced.

[2020-03-29 23:45:04 #6 type] 
Type domain.Admin is not enhanced.

[2020-03-29 23:45:04 #7 type] 
Type domain.RegularUser is not enhanced.

[2020-03-29 23:45:04 #8 type] 
Type domain.Kuota is not enhanced.

[2020-03-29 23:45:04 #9 type] 
Type domain.Bet is not enhanced.

[2020-03-29 23:45:04 #10 type] 
Type domain.Wallet is not enhanced.

[2020-03-29 23:45:04 #11 type] 
Type domain.Movement is not enhanced.

------------------------------------------------------------------------------------------------------------------------

[2020-03-29 23:47:30 #1 store] 
Database 'C:\Users\Iraitz\eclipse-workspace\bets2020\src\main\resources\bets.temp' has been recovered (tr. 220-224)

[2020-03-29 23:47:31 #2 store] 
Database 'C:\Users\Iraitz\eclipse-workspace\bets2020\src\main\resources\bets.temp' is opened by 15100@LAPTOP-TVD0RTF2

[2020-03-29 23:47:31 #3 type] 
Type domain.Question is not enhanced.

[2020-03-29 23:47:31 #4 type] 
Type domain.Event is not enhanced.

[2020-03-29 23:47:31 #5 type] 
Type domain.User is not enhanced.

[2020-03-29 23:47:31 #6 type] 
Type domain.Admin is not enhanced.

[2020-03-29 23:47:31 #7 type] 
Type domain.RegularUser is not enhanced.

[2020-03-29 23:47:31 #8 type] 
Type domain.Kuota is not enhanced.

[2020-03-29 23:47:31 #9 type] 
Type domain.Bet is not enhanced.

[2020-03-29 23:47:31 #10 type] 
Type domain.Wallet is not enhanced.

[2020-03-29 23:47:31 #11 type] 
Type domain.Movement is not enhanced.

------------------------------------------------------------------------------------------------------------------------

[2020-03-29 23:51:28 #1 store] 
Database 'C:\Users\Iraitz\eclipse-workspace\bets2020\src\main\resources\bets.temp' has been recovered (tr. 226-227)

[2020-03-29 23:51:28 #2 store] 
Database 'C:\Users\Iraitz\eclipse-workspace\bets2020\src\main\resources\bets.temp' is opened by 17168@LAPTOP-TVD0RTF2

[2020-03-29 23:51:29 #3 type] 
Type domain.Question is not enhanced.

[2020-03-29 23:51:29 #4 type] 
Type domain.Event is not enhanced.

[2020-03-29 23:51:29 #5 type] 
Type domain.User is not enhanced.

[2020-03-29 23:51:29 #6 type] 
Type domain.Admin is not enhanced.

[2020-03-29 23:51:29 #7 type] 
Type domain.RegularUser is not enhanced.

[2020-03-29 23:51:29 #8 type] 
Type domain.Kuota is not enhanced.

[2020-03-29 23:51:29 #9 type] 
Type domain.Bet is not enhanced.

[2020-03-29 23:51:29 #10 type] 
Type domain.Wallet is not enhanced.

[2020-03-29 23:51:29 #11 type] 
Type domain.Movement is not enhanced.

------------------------------------------------------------------------------------------------------------------------

[2020-03-29 23:52:23 #1 store] 
Database 'C:\Users\Iraitz\eclipse-workspace\bets2020\src\main\resources\bets.temp' is opened by 3552@LAPTOP-TVD0RTF2

[2020-03-29 23:52:23 #2 type] 
Type domain.Question is not enhanced.

[2020-03-29 23:52:23 #3 type] 
Type domain.Event is not enhanced.

[2020-03-29 23:52:23 #4 type] 
Type domain.User is not enhanced.

[2020-03-29 23:52:23 #5 type] 
Type domain.Admin is not enhanced.

[2020-03-29 23:52:23 #6 type] 
Type domain.RegularUser is not enhanced.

[2020-03-29 23:52:23 #7 type] 
Type domain.Kuota is not enhanced.

[2020-03-29 23:52:23 #8 type] 
Type domain.Bet is not enhanced.

[2020-03-29 23:52:23 #9 type] 
Type domain.Wallet is not enhanced.

[2020-03-29 23:52:23 #10 type] 
Type domain.Movement is not enhanced.

------------------------------------------------------------------------------------------------------------------------

[2020-03-29 23:58:18 #1 store] 
Database 'C:\Users\Iraitz\eclipse-workspace\bets2020\src\main\resources\bets.temp' has been recovered (tr. 228-229)

[2020-03-29 23:58:18 #2 store] 
Database 'C:\Users\Iraitz\eclipse-workspace\bets2020\src\main\resources\bets.temp' is opened by 16000@LAPTOP-TVD0RTF2

[2020-03-29 23:58:18 #3 type] 
Type domain.Question is not enhanced.

[2020-03-29 23:58:18 #4 type] 
Type domain.Event is not enhanced.

[2020-03-29 23:58:18 #5 type] 
Type domain.User is not enhanced.

[2020-03-29 23:58:18 #6 type] 
Type domain.Admin is not enhanced.

[2020-03-29 23:58:18 #7 type] 
Type domain.RegularUser is not enhanced.

[2020-03-29 23:58:18 #8 type] 
Type domain.Kuota is not enhanced.

[2020-03-29 23:58:18 #9 type] 
Type domain.Bet is not enhanced.

[2020-03-29 23:58:18 #10 type] 
Type domain.Wallet is not enhanced.

[2020-03-29 23:58:18 #11 type] 
Type domain.Movement is not enhanced.

