------------------------------------------------------------------------------------------------------------------------

[2020-04-12 17:37:41 #1 store] 
Database 'C:\Users\Iraitz\eclipse-workspace\bets2020\src\main\resources\bets.temp' is opened by 6468@LAPTOP-TVD0RTF2

[2020-04-12 17:37:41 #2 type] 
Type domain.Question is not enhanced.

[2020-04-12 17:37:41 #3 type] 
Type domain.Event is not enhanced.

[2020-04-12 17:37:41 #4 type] 
Type domain.User is not enhanced.

[2020-04-12 17:37:41 #5 type] 
Type domain.Admin is not enhanced.

[2020-04-12 17:37:41 #6 type] 
Type domain.RegularUser is not enhanced.

[2020-04-12 17:37:41 #7 type] 
Type domain.Kuota is not enhanced.

[2020-04-12 17:37:41 #8 type] 
Type domain.Bet is not enhanced.

[2020-04-12 17:37:41 #9 type] 
Type domain.Wallet is not enhanced.

[2020-04-12 17:37:41 #10 type] 
Type domain.Movement is not enhanced.

------------------------------------------------------------------------------------------------------------------------

[2020-04-12 18:21:20 #1 store] 
Database 'C:\Users\Iraitz\eclipse-workspace\bets2020\src\main\resources\bets.temp' is opened by 11780@LAPTOP-TVD0RTF2

[2020-04-12 18:21:20 #2 type] 
Type domain.Question is not enhanced.

[2020-04-12 18:21:20 #3 type] 
Type domain.Event is not enhanced.

[2020-04-12 18:21:20 #4 type] 
Type domain.User is not enhanced.

[2020-04-12 18:21:20 #5 type] 
Type domain.Admin is not enhanced.

[2020-04-12 18:21:20 #6 type] 
Type domain.RegularUser is not enhanced.

[2020-04-12 18:21:20 #7 type] 
Type domain.Kuota is not enhanced.

[2020-04-12 18:21:20 #8 type] 
Type domain.Bet is not enhanced.

[2020-04-12 18:21:20 #9 type] 
Type domain.Wallet is not enhanced.

[2020-04-12 18:21:20 #10 type] 
Type domain.Movement is not enhanced.

------------------------------------------------------------------------------------------------------------------------

[2020-04-12 18:22:09 #1 store] 
Database 'C:\Users\Iraitz\eclipse-workspace\bets2020\src\main\resources\bets.temp' is opened by 1316@LAPTOP-TVD0RTF2

[2020-04-12 18:22:10 #2 type] 
Type domain.Question is not enhanced.

[2020-04-12 18:22:10 #3 type] 
Type domain.Event is not enhanced.

[2020-04-12 18:22:10 #4 type] 
Type domain.User is not enhanced.

[2020-04-12 18:22:10 #5 type] 
Type domain.Admin is not enhanced.

[2020-04-12 18:22:10 #6 type] 
Type domain.RegularUser is not enhanced.

[2020-04-12 18:22:10 #7 type] 
Type domain.Kuota is not enhanced.

[2020-04-12 18:22:10 #8 type] 
Type domain.Bet is not enhanced.

[2020-04-12 18:22:10 #9 type] 
Type domain.Wallet is not enhanced.

[2020-04-12 18:22:10 #10 type] 
Type domain.Movement is not enhanced.

------------------------------------------------------------------------------------------------------------------------

[2020-04-12 18:35:36 #1 store] 
Database 'C:\Users\Iraitz\eclipse-workspace\bets2020\src\main\resources\bets.temp' is opened by 8472@LAPTOP-TVD0RTF2

[2020-04-12 18:35:36 #2 type] 
Type domain.Question is not enhanced.

[2020-04-12 18:35:36 #3 type] 
Type domain.Event is not enhanced.

[2020-04-12 18:35:36 #4 type] 
Type domain.User is not enhanced.

[2020-04-12 18:35:36 #5 type] 
Type domain.Admin is not enhanced.

[2020-04-12 18:35:36 #6 type] 
Type domain.RegularUser is not enhanced.

[2020-04-12 18:35:36 #7 type] 
Type domain.Kuota is not enhanced.

[2020-04-12 18:35:36 #8 type] 
Type domain.Bet is not enhanced.

[2020-04-12 18:35:36 #9 type] 
Type domain.Wallet is not enhanced.

[2020-04-12 18:35:36 #10 type] 
Type domain.Movement is not enhanced.

------------------------------------------------------------------------------------------------------------------------

[2020-04-12 18:38:07 #1 store] 
Database 'C:\Users\Iraitz\eclipse-workspace\bets2020\src\main\resources\bets.temp' is opened by 2164@LAPTOP-TVD0RTF2

[2020-04-12 18:38:07 #2 type] 
Type domain.Question is not enhanced.

[2020-04-12 18:38:07 #3 type] 
Type domain.Event is not enhanced.

[2020-04-12 18:38:07 #4 type] 
Type domain.User is not enhanced.

[2020-04-12 18:38:07 #5 type] 
Type domain.Admin is not enhanced.

[2020-04-12 18:38:07 #6 type] 
Type domain.RegularUser is not enhanced.

[2020-04-12 18:38:07 #7 type] 
Type domain.Kuota is not enhanced.

[2020-04-12 18:38:07 #8 type] 
Type domain.Bet is not enhanced.

[2020-04-12 18:38:07 #9 type] 
Type domain.Wallet is not enhanced.

[2020-04-12 18:38:07 #10 type] 
Type domain.Movement is not enhanced.

------------------------------------------------------------------------------------------------------------------------

[2020-04-12 20:32:24 #1 store] 
Database 'C:\Users\Iraitz\eclipse-workspace\bets2020\src\main\resources\bets.temp' is opened by 8196@LAPTOP-TVD0RTF2

[2020-04-12 20:32:24 #2 type] 
Type domain.Question is not enhanced.

[2020-04-12 20:32:24 #3 type] 
Type domain.Event is not enhanced.

[2020-04-12 20:32:24 #4 type] 
Type domain.User is not enhanced.

[2020-04-12 20:32:24 #5 type] 
Type domain.Admin is not enhanced.

[2020-04-12 20:32:24 #6 type] 
Type domain.RegularUser is not enhanced.

[2020-04-12 20:32:24 #7 type] 
Type domain.Kuota is not enhanced.

[2020-04-12 20:32:24 #8 type] 
Type domain.Bet is not enhanced.

[2020-04-12 20:32:24 #9 type] 
Type domain.Wallet is not enhanced.

[2020-04-12 20:32:24 #10 type] 
Type domain.Movement is not enhanced.

------------------------------------------------------------------------------------------------------------------------

[2020-04-12 21:44:50 #1 store] 
Database 'C:\Users\Iraitz\eclipse-workspace\bets2020\src\main\resources\bets.temp' is opened by 13256@LAPTOP-TVD0RTF2

[2020-04-12 21:44:50 #2 type] 
Type domain.Question is not enhanced.

[2020-04-12 21:44:50 #3 type] 
Type domain.Event is not enhanced.

[2020-04-12 21:44:50 #4 type] 
Type domain.User is not enhanced.

[2020-04-12 21:44:50 #5 type] 
Type domain.Admin is not enhanced.

[2020-04-12 21:44:50 #6 type] 
Type domain.RegularUser is not enhanced.

[2020-04-12 21:44:50 #7 type] 
Type domain.Kuota is not enhanced.

[2020-04-12 21:44:50 #8 type] 
Type domain.Bet is not enhanced.

[2020-04-12 21:44:50 #9 type] 
Type domain.Wallet is not enhanced.

[2020-04-12 21:44:50 #10 type] 
Type domain.Movement is not enhanced.

------------------------------------------------------------------------------------------------------------------------

[2020-04-12 21:49:18 #1 store] 
Database 'C:\Users\Iraitz\eclipse-workspace\bets2020\src\main\resources\bets.temp' is opened by 7616@LAPTOP-TVD0RTF2

[2020-04-12 21:49:18 #2 type] 
Type domain.Question is not enhanced.

[2020-04-12 21:49:18 #3 type] 
Type domain.Event is not enhanced.

[2020-04-12 21:49:18 #4 type] 
Type domain.User is not enhanced.

[2020-04-12 21:49:18 #5 type] 
Type domain.Admin is not enhanced.

[2020-04-12 21:49:18 #6 type] 
Type domain.RegularUser is not enhanced.

[2020-04-12 21:49:18 #7 type] 
Type domain.Kuota is not enhanced.

[2020-04-12 21:49:18 #8 type] 
Type domain.Bet is not enhanced.

[2020-04-12 21:49:18 #9 type] 
Type domain.Wallet is not enhanced.

[2020-04-12 21:49:18 #10 type] 
Type domain.Movement is not enhanced.

------------------------------------------------------------------------------------------------------------------------

[2020-04-12 21:58:01 #1 store] 
Database 'C:\Users\Iraitz\eclipse-workspace\bets2020\src\main\resources\bets.temp' has been recovered (tr. 345-345)

[2020-04-12 21:58:01 #2 store] 
Database 'C:\Users\Iraitz\eclipse-workspace\bets2020\src\main\resources\bets.temp' is opened by 6296@LAPTOP-TVD0RTF2

[2020-04-12 21:58:01 #3 type] 
Type domain.Question is not enhanced.

[2020-04-12 21:58:01 #4 type] 
Type domain.Event is not enhanced.

[2020-04-12 21:58:01 #5 type] 
Type domain.User is not enhanced.

[2020-04-12 21:58:01 #6 type] 
Type domain.Admin is not enhanced.

[2020-04-12 21:58:01 #7 type] 
Type domain.RegularUser is not enhanced.

[2020-04-12 21:58:01 #8 type] 
Type domain.Kuota is not enhanced.

[2020-04-12 21:58:01 #9 type] 
Type domain.Bet is not enhanced.

[2020-04-12 21:58:01 #10 type] 
Type domain.Wallet is not enhanced.

[2020-04-12 21:58:01 #11 type] 
Type domain.Movement is not enhanced.

