------------------------------------------------------------------------------------------------------------------------

[2020-04-15 01:10:29 #1 store] 
Database 'C:\Users\Iraitz\eclipse-workspace\bets2020\src\main\resources\bets.temp' is opened by 2092@LAPTOP-TVD0RTF2

[2020-04-15 01:10:29 #2 type] 
Type domain.Question is not enhanced.

[2020-04-15 01:10:29 #3 type] 
Type domain.Event is not enhanced.

[2020-04-15 01:10:29 #4 type] 
Type domain.User is not enhanced.

[2020-04-15 01:10:29 #5 type] 
Type domain.Admin is not enhanced.

[2020-04-15 01:10:29 #6 type] 
Type domain.RegularUser is not enhanced.

[2020-04-15 01:10:29 #7 type] 
Type domain.Kuota is not enhanced.

[2020-04-15 01:10:29 #8 type] 
Type domain.Bet is not enhanced.

[2020-04-15 01:10:29 #9 type] 
Type domain.Wallet is not enhanced.

[2020-04-15 01:10:29 #10 type] 
Type domain.Movement is not enhanced.

------------------------------------------------------------------------------------------------------------------------

[2020-04-15 01:42:16 #1 store] 
Database 'C:\Users\Iraitz\eclipse-workspace\bets2020\src\main\resources\bets.temp' is opened by 6756@LAPTOP-TVD0RTF2

[2020-04-15 01:42:16 #2 type] 
Type domain.Question is not enhanced.

[2020-04-15 01:42:16 #3 type] 
Type domain.Event is not enhanced.

[2020-04-15 01:42:16 #4 type] 
Type domain.User is not enhanced.

[2020-04-15 01:42:16 #5 type] 
Type domain.Admin is not enhanced.

[2020-04-15 01:42:16 #6 type] 
Type domain.RegularUser is not enhanced.

[2020-04-15 01:42:16 #7 type] 
Type domain.Kuota is not enhanced.

[2020-04-15 01:42:16 #8 type] 
Type domain.Bet is not enhanced.

[2020-04-15 01:42:16 #9 type] 
Type domain.Wallet is not enhanced.

[2020-04-15 01:42:16 #10 type] 
Type domain.Movement is not enhanced.

------------------------------------------------------------------------------------------------------------------------

[2020-04-15 10:35:21 #1 store] 
Database 'C:\Users\Iraitz\eclipse-workspace\bets2020\src\main\resources\bets.temp' is opened by 10688@LAPTOP-TVD0RTF2

[2020-04-15 10:35:22 #2 type] 
Type domain.Question is not enhanced.

[2020-04-15 10:35:22 #3 type] 
Type domain.Event is not enhanced.

[2020-04-15 10:35:22 #4 type] 
Type domain.User is not enhanced.

[2020-04-15 10:35:22 #5 type] 
Type domain.Admin is not enhanced.

[2020-04-15 10:35:22 #6 type] 
Type domain.RegularUser is not enhanced.

[2020-04-15 10:35:22 #7 type] 
Type domain.Kuota is not enhanced.

[2020-04-15 10:35:22 #8 type] 
Type domain.Bet is not enhanced.

[2020-04-15 10:35:22 #9 type] 
Type domain.Wallet is not enhanced.

[2020-04-15 10:35:22 #10 type] 
Type domain.Movement is not enhanced.

------------------------------------------------------------------------------------------------------------------------

[2020-04-15 10:39:48 #1 store] 
Database 'C:\Users\Iraitz\eclipse-workspace\bets2020\src\main\resources\bets.temp' is opened by 9488@LAPTOP-TVD0RTF2

[2020-04-15 10:39:48 #2 type] 
Type domain.Question is not enhanced.

[2020-04-15 10:39:48 #3 type] 
Type domain.Event is not enhanced.

[2020-04-15 10:39:48 #4 type] 
Type domain.User is not enhanced.

[2020-04-15 10:39:48 #5 type] 
Type domain.Admin is not enhanced.

[2020-04-15 10:39:48 #6 type] 
Type domain.RegularUser is not enhanced.

[2020-04-15 10:39:48 #7 type] 
Type domain.Kuota is not enhanced.

[2020-04-15 10:39:48 #8 type] 
Type domain.Bet is not enhanced.

[2020-04-15 10:39:48 #9 type] 
Type domain.Wallet is not enhanced.

[2020-04-15 10:39:48 #10 type] 
Type domain.Movement is not enhanced.

------------------------------------------------------------------------------------------------------------------------

[2020-04-15 10:59:00 #1 store] 
Database 'C:\Users\Iraitz\eclipse-workspace\bets2020\src\main\resources\bets.temp' is opened by 3644@LAPTOP-TVD0RTF2

[2020-04-15 10:59:00 #2 type] 
Type domain.Question is not enhanced.

[2020-04-15 10:59:00 #3 type] 
Type domain.Event is not enhanced.

[2020-04-15 10:59:00 #4 type] 
Type domain.User is not enhanced.

[2020-04-15 10:59:00 #5 type] 
Type domain.Admin is not enhanced.

[2020-04-15 10:59:00 #6 type] 
Type domain.RegularUser is not enhanced.

[2020-04-15 10:59:00 #7 type] 
Type domain.Kuota is not enhanced.

[2020-04-15 10:59:00 #8 type] 
Type domain.Bet is not enhanced.

[2020-04-15 10:59:00 #9 type] 
Type domain.Wallet is not enhanced.

[2020-04-15 10:59:00 #10 type] 
Type domain.Movement is not enhanced.

------------------------------------------------------------------------------------------------------------------------

[2020-04-15 11:00:12 #1 store] 
Database 'C:\Users\Iraitz\eclipse-workspace\bets2020\src\main\resources\bets.temp' is opened by 2276@LAPTOP-TVD0RTF2

[2020-04-15 11:00:12 #2 type] 
Type domain.Question is not enhanced.

[2020-04-15 11:00:12 #3 type] 
Type domain.Event is not enhanced.

[2020-04-15 11:00:12 #4 type] 
Type domain.User is not enhanced.

[2020-04-15 11:00:12 #5 type] 
Type domain.Admin is not enhanced.

[2020-04-15 11:00:12 #6 type] 
Type domain.RegularUser is not enhanced.

[2020-04-15 11:00:12 #7 type] 
Type domain.Kuota is not enhanced.

[2020-04-15 11:00:12 #8 type] 
Type domain.Bet is not enhanced.

[2020-04-15 11:00:12 #9 type] 
Type domain.Wallet is not enhanced.

[2020-04-15 11:00:12 #10 type] 
Type domain.Movement is not enhanced.

------------------------------------------------------------------------------------------------------------------------

[2020-04-15 11:02:26 #1 store] 
Database 'C:\Users\Iraitz\eclipse-workspace\bets2020\src\main\resources\bets.temp' is opened by 12264@LAPTOP-TVD0RTF2

[2020-04-15 11:02:26 #2 type] 
Type domain.Question is not enhanced.

[2020-04-15 11:02:26 #3 type] 
Type domain.Event is not enhanced.

[2020-04-15 11:02:26 #4 type] 
Type domain.User is not enhanced.

[2020-04-15 11:02:26 #5 type] 
Type domain.Admin is not enhanced.

[2020-04-15 11:02:26 #6 type] 
Type domain.RegularUser is not enhanced.

[2020-04-15 11:02:26 #7 type] 
Type domain.Kuota is not enhanced.

[2020-04-15 11:02:26 #8 type] 
Type domain.Bet is not enhanced.

[2020-04-15 11:02:26 #9 type] 
Type domain.Wallet is not enhanced.

[2020-04-15 11:02:26 #10 type] 
Type domain.Movement is not enhanced.

------------------------------------------------------------------------------------------------------------------------

[2020-04-15 11:11:39 #1 store] 
Database 'C:\Users\Iraitz\eclipse-workspace\bets2020\src\main\resources\bets.temp' is opened by 3380@LAPTOP-TVD0RTF2

[2020-04-15 11:11:39 #2 type] 
Type domain.Question is not enhanced.

[2020-04-15 11:11:39 #3 type] 
Type domain.Event is not enhanced.

[2020-04-15 11:11:39 #4 type] 
Type domain.User is not enhanced.

[2020-04-15 11:11:39 #5 type] 
Type domain.Admin is not enhanced.

[2020-04-15 11:11:39 #6 type] 
Type domain.RegularUser is not enhanced.

[2020-04-15 11:11:39 #7 type] 
Type domain.Kuota is not enhanced.

[2020-04-15 11:11:39 #8 type] 
Type domain.Bet is not enhanced.

[2020-04-15 11:11:39 #9 type] 
Type domain.Wallet is not enhanced.

[2020-04-15 11:11:39 #10 type] 
Type domain.Movement is not enhanced.

------------------------------------------------------------------------------------------------------------------------

[2020-04-15 11:16:25 #1 store] 
Database 'C:\Users\Iraitz\eclipse-workspace\bets2020\src\main\resources\bets.temp' is opened by 9424@LAPTOP-TVD0RTF2

[2020-04-15 11:16:25 #2 type] 
Type domain.Question is not enhanced.

[2020-04-15 11:16:25 #3 type] 
Type domain.Event is not enhanced.

[2020-04-15 11:16:25 #4 type] 
Type domain.User is not enhanced.

[2020-04-15 11:16:25 #5 type] 
Type domain.Admin is not enhanced.

[2020-04-15 11:16:25 #6 type] 
Type domain.RegularUser is not enhanced.

[2020-04-15 11:16:25 #7 type] 
Type domain.Kuota is not enhanced.

[2020-04-15 11:16:25 #8 type] 
Type domain.Bet is not enhanced.

[2020-04-15 11:16:25 #9 type] 
Type domain.Wallet is not enhanced.

[2020-04-15 11:16:25 #10 type] 
Type domain.Movement is not enhanced.

------------------------------------------------------------------------------------------------------------------------

[2020-04-15 11:18:13 #1 store] 
Database 'C:\Users\Iraitz\eclipse-workspace\bets2020\src\main\resources\bets.temp' is opened by 7572@LAPTOP-TVD0RTF2

[2020-04-15 11:18:14 #2 type] 
Type domain.Question is not enhanced.

[2020-04-15 11:18:14 #3 type] 
Type domain.Event is not enhanced.

[2020-04-15 11:18:14 #4 type] 
Type domain.User is not enhanced.

[2020-04-15 11:18:14 #5 type] 
Type domain.Admin is not enhanced.

[2020-04-15 11:18:14 #6 type] 
Type domain.RegularUser is not enhanced.

[2020-04-15 11:18:14 #7 type] 
Type domain.Kuota is not enhanced.

[2020-04-15 11:18:14 #8 type] 
Type domain.Bet is not enhanced.

[2020-04-15 11:18:14 #9 type] 
Type domain.Wallet is not enhanced.

[2020-04-15 11:18:14 #10 type] 
Type domain.Movement is not enhanced.

------------------------------------------------------------------------------------------------------------------------

[2020-04-15 11:19:52 #1 store] 
Database 'C:\Users\Iraitz\eclipse-workspace\bets2020\src\main\resources\bets.temp' is opened by 10444@LAPTOP-TVD0RTF2

[2020-04-15 11:19:52 #2 type] 
Type domain.Question is not enhanced.

[2020-04-15 11:19:52 #3 type] 
Type domain.Event is not enhanced.

[2020-04-15 11:19:52 #4 type] 
Type domain.User is not enhanced.

[2020-04-15 11:19:52 #5 type] 
Type domain.Admin is not enhanced.

[2020-04-15 11:19:52 #6 type] 
Type domain.RegularUser is not enhanced.

[2020-04-15 11:19:52 #7 type] 
Type domain.Kuota is not enhanced.

[2020-04-15 11:19:52 #8 type] 
Type domain.Bet is not enhanced.

[2020-04-15 11:19:52 #9 type] 
Type domain.Wallet is not enhanced.

[2020-04-15 11:19:52 #10 type] 
Type domain.Movement is not enhanced.

------------------------------------------------------------------------------------------------------------------------

[2020-04-15 11:20:28 #1 store] 
Database 'C:\Users\Iraitz\eclipse-workspace\bets2020\src\main\resources\bets.temp' is opened by 8388@LAPTOP-TVD0RTF2

[2020-04-15 11:20:28 #2 type] 
Type domain.Question is not enhanced.

[2020-04-15 11:20:28 #3 type] 
Type domain.Event is not enhanced.

[2020-04-15 11:20:28 #4 type] 
Type domain.User is not enhanced.

[2020-04-15 11:20:28 #5 type] 
Type domain.Admin is not enhanced.

[2020-04-15 11:20:28 #6 type] 
Type domain.RegularUser is not enhanced.

[2020-04-15 11:20:28 #7 type] 
Type domain.Kuota is not enhanced.

[2020-04-15 11:20:28 #8 type] 
Type domain.Bet is not enhanced.

[2020-04-15 11:20:28 #9 type] 
Type domain.Wallet is not enhanced.

[2020-04-15 11:20:28 #10 type] 
Type domain.Movement is not enhanced.

------------------------------------------------------------------------------------------------------------------------

[2020-04-15 11:22:17 #1 store] 
Database 'C:\Users\Iraitz\eclipse-workspace\bets2020\src\main\resources\bets.temp' is opened by 2620@LAPTOP-TVD0RTF2

[2020-04-15 11:22:17 #2 type] 
Type domain.Question is not enhanced.

[2020-04-15 11:22:17 #3 type] 
Type domain.Event is not enhanced.

[2020-04-15 11:22:17 #4 type] 
Type domain.User is not enhanced.

[2020-04-15 11:22:17 #5 type] 
Type domain.Admin is not enhanced.

[2020-04-15 11:22:17 #6 type] 
Type domain.RegularUser is not enhanced.

[2020-04-15 11:22:17 #7 type] 
Type domain.Kuota is not enhanced.

[2020-04-15 11:22:17 #8 type] 
Type domain.Bet is not enhanced.

[2020-04-15 11:22:17 #9 type] 
Type domain.Wallet is not enhanced.

[2020-04-15 11:22:17 #10 type] 
Type domain.Movement is not enhanced.

------------------------------------------------------------------------------------------------------------------------

[2020-04-15 11:22:47 #1 store] 
Database 'C:\Users\Iraitz\eclipse-workspace\bets2020\src\main\resources\bets.temp' is opened by 6344@LAPTOP-TVD0RTF2

[2020-04-15 11:22:48 #2 type] 
Type domain.Question is not enhanced.

[2020-04-15 11:22:48 #3 type] 
Type domain.Event is not enhanced.

[2020-04-15 11:22:48 #4 type] 
Type domain.User is not enhanced.

[2020-04-15 11:22:48 #5 type] 
Type domain.Admin is not enhanced.

[2020-04-15 11:22:48 #6 type] 
Type domain.RegularUser is not enhanced.

[2020-04-15 11:22:48 #7 type] 
Type domain.Kuota is not enhanced.

[2020-04-15 11:22:48 #8 type] 
Type domain.Bet is not enhanced.

[2020-04-15 11:22:48 #9 type] 
Type domain.Wallet is not enhanced.

[2020-04-15 11:22:48 #10 type] 
Type domain.Movement is not enhanced.

------------------------------------------------------------------------------------------------------------------------

[2020-04-15 11:27:46 #1 store] 
Database 'C:\Users\Iraitz\eclipse-workspace\bets2020\src\main\resources\bets.temp' is opened by 6140@LAPTOP-TVD0RTF2

[2020-04-15 11:27:46 #2 type] 
Type domain.Question is not enhanced.

[2020-04-15 11:27:46 #3 type] 
Type domain.Event is not enhanced.

[2020-04-15 11:27:46 #4 type] 
Type domain.User is not enhanced.

[2020-04-15 11:27:46 #5 type] 
Type domain.Admin is not enhanced.

[2020-04-15 11:27:46 #6 type] 
Type domain.RegularUser is not enhanced.

[2020-04-15 11:27:46 #7 type] 
Type domain.Kuota is not enhanced.

[2020-04-15 11:27:46 #8 type] 
Type domain.Bet is not enhanced.

[2020-04-15 11:27:46 #9 type] 
Type domain.Wallet is not enhanced.

[2020-04-15 11:27:46 #10 type] 
Type domain.Movement is not enhanced.

------------------------------------------------------------------------------------------------------------------------

[2020-04-15 11:34:40 #1 store] 
Database 'C:\Users\Iraitz\eclipse-workspace\bets2020\src\main\resources\bets.temp' is opened by 2468@LAPTOP-TVD0RTF2

[2020-04-15 11:34:40 #2 type] 
Type domain.Question is not enhanced.

[2020-04-15 11:34:40 #3 type] 
Type domain.Event is not enhanced.

[2020-04-15 11:34:40 #4 type] 
Type domain.User is not enhanced.

[2020-04-15 11:34:40 #5 type] 
Type domain.Admin is not enhanced.

[2020-04-15 11:34:40 #6 type] 
Type domain.RegularUser is not enhanced.

[2020-04-15 11:34:40 #7 type] 
Type domain.Kuota is not enhanced.

[2020-04-15 11:34:40 #8 type] 
Type domain.Bet is not enhanced.

[2020-04-15 11:34:40 #9 type] 
Type domain.Wallet is not enhanced.

[2020-04-15 11:34:40 #10 type] 
Type domain.Movement is not enhanced.

------------------------------------------------------------------------------------------------------------------------

[2020-04-15 15:35:34 #1 store] 
Database 'C:\Users\Iraitz\eclipse-workspace\bets2020\src\main\resources\bets.temp' is opened by 11884@LAPTOP-TVD0RTF2

[2020-04-15 15:35:34 #2 type] 
Type domain.Question is not enhanced.

[2020-04-15 15:35:34 #3 type] 
Type domain.Event is not enhanced.

[2020-04-15 15:35:34 #4 type] 
Type domain.User is not enhanced.

[2020-04-15 15:35:34 #5 type] 
Type domain.Admin is not enhanced.

[2020-04-15 15:35:34 #6 type] 
Type domain.RegularUser is not enhanced.

[2020-04-15 15:35:34 #7 type] 
Type domain.Kuota is not enhanced.

[2020-04-15 15:35:34 #8 type] 
Type domain.Bet is not enhanced.

[2020-04-15 15:35:34 #9 type] 
Type domain.Wallet is not enhanced.

[2020-04-15 15:35:34 #10 type] 
Type domain.Movement is not enhanced.

------------------------------------------------------------------------------------------------------------------------

[2020-04-15 15:37:31 #1 store] 
Database 'C:\Users\Iraitz\eclipse-workspace\bets2020\src\main\resources\bets.temp' is opened by 4168@LAPTOP-TVD0RTF2

[2020-04-15 15:37:31 #2 type] 
Type domain.Question is not enhanced.

[2020-04-15 15:37:31 #3 type] 
Type domain.Event is not enhanced.

[2020-04-15 15:37:31 #4 type] 
Type domain.User is not enhanced.

[2020-04-15 15:37:31 #5 type] 
Type domain.Admin is not enhanced.

[2020-04-15 15:37:31 #6 type] 
Type domain.RegularUser is not enhanced.

[2020-04-15 15:37:31 #7 type] 
Type domain.Kuota is not enhanced.

[2020-04-15 15:37:31 #8 type] 
Type domain.Bet is not enhanced.

[2020-04-15 15:37:31 #9 type] 
Type domain.Wallet is not enhanced.

[2020-04-15 15:37:31 #10 type] 
Type domain.Movement is not enhanced.

------------------------------------------------------------------------------------------------------------------------

[2020-04-15 23:14:36 #1 store] 
Database 'C:\Users\Iraitz\eclipse-workspace\bets2020\src\main\resources\bets.temp' is opened by 4800@LAPTOP-TVD0RTF2

[2020-04-15 23:14:36 #2 type] 
Type domain.Question is not enhanced.

[2020-04-15 23:14:36 #3 type] 
Type domain.Event is not enhanced.

[2020-04-15 23:14:36 #4 type] 
Type domain.User is not enhanced.

[2020-04-15 23:14:36 #5 type] 
Type domain.Admin is not enhanced.

[2020-04-15 23:14:36 #6 type] 
Type domain.RegularUser is not enhanced.

[2020-04-15 23:14:36 #7 type] 
Type domain.Kuota is not enhanced.

[2020-04-15 23:14:36 #8 type] 
Type domain.Bet is not enhanced.

[2020-04-15 23:14:36 #9 type] 
Type domain.Wallet is not enhanced.

[2020-04-15 23:14:36 #10 type] 
Type domain.Movement is not enhanced.

------------------------------------------------------------------------------------------------------------------------

[2020-04-15 23:41:21 #1 store] 
Database 'C:\Users\Iraitz\eclipse-workspace\bets2020\src\main\resources\bets.temp' is opened by 10924@LAPTOP-TVD0RTF2

[2020-04-15 23:41:22 #2 type] 
Type domain.Question is not enhanced.

[2020-04-15 23:41:22 #3 type] 
Type domain.Event is not enhanced.

[2020-04-15 23:41:22 #4 type] 
Type domain.User is not enhanced.

[2020-04-15 23:41:22 #5 type] 
Type domain.Admin is not enhanced.

[2020-04-15 23:41:22 #6 type] 
Type domain.RegularUser is not enhanced.

[2020-04-15 23:41:22 #7 type] 
Type domain.Kuota is not enhanced.

[2020-04-15 23:41:22 #8 type] 
Type domain.Bet is not enhanced.

[2020-04-15 23:41:22 #9 type] 
Type domain.Wallet is not enhanced.

[2020-04-15 23:41:22 #10 type] 
Type domain.Movement is not enhanced.

------------------------------------------------------------------------------------------------------------------------

[2020-04-15 23:47:56 #1 store] 
Database 'C:\Users\Iraitz\eclipse-workspace\bets2020\src\main\resources\bets.temp' is opened by 9324@LAPTOP-TVD0RTF2

[2020-04-15 23:47:56 #2 type] 
Type domain.Question is not enhanced.

[2020-04-15 23:47:56 #3 type] 
Type domain.Event is not enhanced.

[2020-04-15 23:47:56 #4 type] 
Type domain.User is not enhanced.

[2020-04-15 23:47:56 #5 type] 
Type domain.Admin is not enhanced.

[2020-04-15 23:47:56 #6 type] 
Type domain.RegularUser is not enhanced.

[2020-04-15 23:47:56 #7 type] 
Type domain.Kuota is not enhanced.

[2020-04-15 23:47:56 #8 type] 
Type domain.Bet is not enhanced.

[2020-04-15 23:47:56 #9 type] 
Type domain.Wallet is not enhanced.

[2020-04-15 23:47:57 #10 type] 
Type domain.Movement is not enhanced.

------------------------------------------------------------------------------------------------------------------------

[2020-04-15 23:49:33 #1 store] 
Database 'C:\Users\Iraitz\eclipse-workspace\bets2020\src\main\resources\bets.temp' is opened by 10760@LAPTOP-TVD0RTF2

[2020-04-15 23:49:33 #2 type] 
Type domain.Question is not enhanced.

[2020-04-15 23:49:33 #3 type] 
Type domain.Event is not enhanced.

[2020-04-15 23:49:33 #4 type] 
Type domain.User is not enhanced.

[2020-04-15 23:49:33 #5 type] 
Type domain.Admin is not enhanced.

[2020-04-15 23:49:33 #6 type] 
Type domain.RegularUser is not enhanced.

[2020-04-15 23:49:33 #7 type] 
Type domain.Kuota is not enhanced.

[2020-04-15 23:49:33 #8 type] 
Type domain.Bet is not enhanced.

[2020-04-15 23:49:33 #9 type] 
Type domain.Wallet is not enhanced.

[2020-04-15 23:49:33 #10 type] 
Type domain.Movement is not enhanced.

------------------------------------------------------------------------------------------------------------------------

[2020-04-15 23:51:16 #1 store] 
Database 'C:\Users\Iraitz\eclipse-workspace\bets2020\src\main\resources\bets.temp' is opened by 9472@LAPTOP-TVD0RTF2

[2020-04-15 23:51:16 #2 type] 
Type domain.Question is not enhanced.

[2020-04-15 23:51:16 #3 type] 
Type domain.Event is not enhanced.

[2020-04-15 23:51:16 #4 type] 
Type domain.User is not enhanced.

[2020-04-15 23:51:16 #5 type] 
Type domain.Admin is not enhanced.

[2020-04-15 23:51:16 #6 type] 
Type domain.RegularUser is not enhanced.

[2020-04-15 23:51:16 #7 type] 
Type domain.Kuota is not enhanced.

[2020-04-15 23:51:16 #8 type] 
Type domain.Bet is not enhanced.

[2020-04-15 23:51:16 #9 type] 
Type domain.Wallet is not enhanced.

[2020-04-15 23:51:16 #10 type] 
Type domain.Movement is not enhanced.

