------------------------------------------------------------------------------------------------------------------------

[2020-04-16 00:06:37 #1 store] 
Database 'C:\Users\Iraitz\eclipse-workspace\bets2020\src\main\resources\bets.temp' is opened by 12368@LAPTOP-TVD0RTF2

[2020-04-16 00:06:37 #2 type] 
Type domain.Question is not enhanced.

[2020-04-16 00:06:37 #3 type] 
Type domain.Event is not enhanced.

[2020-04-16 00:06:37 #4 type] 
Type domain.User is not enhanced.

[2020-04-16 00:06:37 #5 type] 
Type domain.Admin is not enhanced.

[2020-04-16 00:06:37 #6 type] 
Type domain.RegularUser is not enhanced.

[2020-04-16 00:06:37 #7 type] 
Type domain.Kuota is not enhanced.

[2020-04-16 00:06:37 #8 type] 
Type domain.Bet is not enhanced.

[2020-04-16 00:06:37 #9 type] 
Type domain.Wallet is not enhanced.

[2020-04-16 00:06:37 #10 type] 
Type domain.Movement is not enhanced.

------------------------------------------------------------------------------------------------------------------------

[2020-04-16 16:23:17 #1 store] 
Database 'C:\Users\Iraitz\eclipse-workspace\bets2020\src\main\resources\bets.temp' has been recovered (tr. 353-353)

[2020-04-16 16:23:17 #2 store] 
Database 'C:\Users\Iraitz\eclipse-workspace\bets2020\src\main\resources\bets.temp' is opened by 14068@LAPTOP-TVD0RTF2

[2020-04-16 16:23:17 #3 type] 
Type domain.Question is not enhanced.

[2020-04-16 16:23:17 #4 type] 
Type domain.Event is not enhanced.

[2020-04-16 16:23:17 #5 type] 
Type domain.User is not enhanced.

[2020-04-16 16:23:17 #6 type] 
Type domain.Admin is not enhanced.

[2020-04-16 16:23:17 #7 type] 
Type domain.RegularUser is not enhanced.

[2020-04-16 16:23:17 #8 type] 
Type domain.Kuota is not enhanced.

[2020-04-16 16:23:17 #9 type] 
Type domain.Bet is not enhanced.

[2020-04-16 16:23:17 #10 type] 
Type domain.Wallet is not enhanced.

[2020-04-16 16:23:17 #11 type] 
Type domain.Movement is not enhanced.

------------------------------------------------------------------------------------------------------------------------

[2020-04-16 16:30:18 #1 store] 
Database 'C:\Users\Iraitz\eclipse-workspace\bets2020\src\main\resources\bets.temp' is opened by 4648@LAPTOP-TVD0RTF2

[2020-04-16 16:30:18 #2 type] 
Type domain.Question is not enhanced.

[2020-04-16 16:30:18 #3 type] 
Type domain.Event is not enhanced.

[2020-04-16 16:30:18 #4 type] 
Type domain.User is not enhanced.

[2020-04-16 16:30:18 #5 type] 
Type domain.Admin is not enhanced.

[2020-04-16 16:30:18 #6 type] 
Type domain.RegularUser is not enhanced.

[2020-04-16 16:30:18 #7 type] 
Type domain.Kuota is not enhanced.

[2020-04-16 16:30:18 #8 type] 
Type domain.Bet is not enhanced.

[2020-04-16 16:30:18 #9 type] 
Type domain.Wallet is not enhanced.

[2020-04-16 16:30:18 #10 type] 
Type domain.Movement is not enhanced.

------------------------------------------------------------------------------------------------------------------------

[2020-04-16 16:31:43 #1 store] 
Database 'C:\Users\Iraitz\eclipse-workspace\bets2020\src\main\resources\bets.temp' is opened by 1820@LAPTOP-TVD0RTF2

[2020-04-16 16:31:43 #2 type] 
Type domain.Question is not enhanced.

[2020-04-16 16:31:43 #3 type] 
Type domain.Event is not enhanced.

[2020-04-16 16:31:43 #4 type] 
Type domain.User is not enhanced.

[2020-04-16 16:31:43 #5 type] 
Type domain.Admin is not enhanced.

[2020-04-16 16:31:43 #6 type] 
Type domain.RegularUser is not enhanced.

[2020-04-16 16:31:43 #7 type] 
Type domain.Kuota is not enhanced.

[2020-04-16 16:31:43 #8 type] 
Type domain.Bet is not enhanced.

[2020-04-16 16:31:43 #9 type] 
Type domain.Wallet is not enhanced.

[2020-04-16 16:31:43 #10 type] 
Type domain.Movement is not enhanced.

------------------------------------------------------------------------------------------------------------------------

[2020-04-16 16:35:28 #1 store] 
Database 'C:\Users\Iraitz\eclipse-workspace\bets2020\src\main\resources\bets.temp' is opened by 8996@LAPTOP-TVD0RTF2

[2020-04-16 16:35:28 #2 type] 
Type domain.Question is not enhanced.

[2020-04-16 16:35:28 #3 type] 
Type domain.Event is not enhanced.

[2020-04-16 16:35:28 #4 type] 
Type domain.User is not enhanced.

[2020-04-16 16:35:28 #5 type] 
Type domain.Admin is not enhanced.

[2020-04-16 16:35:28 #6 type] 
Type domain.RegularUser is not enhanced.

[2020-04-16 16:35:28 #7 type] 
Type domain.Kuota is not enhanced.

[2020-04-16 16:35:28 #8 type] 
Type domain.Bet is not enhanced.

[2020-04-16 16:35:28 #9 type] 
Type domain.Wallet is not enhanced.

[2020-04-16 16:35:28 #10 type] 
Type domain.Movement is not enhanced.

------------------------------------------------------------------------------------------------------------------------

[2020-04-16 16:41:21 #1 store] 
Database 'C:\Users\Iraitz\eclipse-workspace\bets2020\src\main\resources\bets.temp' is opened by 9128@LAPTOP-TVD0RTF2

[2020-04-16 16:41:21 #2 type] 
Type domain.Question is not enhanced.

[2020-04-16 16:41:21 #3 type] 
Type domain.Event is not enhanced.

[2020-04-16 16:41:21 #4 type] 
Type domain.User is not enhanced.

[2020-04-16 16:41:21 #5 type] 
Type domain.Admin is not enhanced.

[2020-04-16 16:41:21 #6 type] 
Type domain.RegularUser is not enhanced.

[2020-04-16 16:41:21 #7 type] 
Type domain.Kuota is not enhanced.

[2020-04-16 16:41:21 #8 type] 
Type domain.Bet is not enhanced.

[2020-04-16 16:41:21 #9 type] 
Type domain.Wallet is not enhanced.

[2020-04-16 16:41:21 #10 type] 
Type domain.Movement is not enhanced.

------------------------------------------------------------------------------------------------------------------------

[2020-04-16 16:50:07 #1 store] 
Database 'C:\Users\Iraitz\eclipse-workspace\bets2020\src\main\resources\bets.temp' is opened by 7276@LAPTOP-TVD0RTF2

[2020-04-16 16:50:07 #2 type] 
Type domain.Question is not enhanced.

[2020-04-16 16:50:07 #3 type] 
Type domain.Event is not enhanced.

[2020-04-16 16:50:07 #4 type] 
Type domain.User is not enhanced.

[2020-04-16 16:50:07 #5 type] 
Type domain.Admin is not enhanced.

[2020-04-16 16:50:07 #6 type] 
Type domain.RegularUser is not enhanced.

[2020-04-16 16:50:07 #7 type] 
Type domain.Kuota is not enhanced.

[2020-04-16 16:50:07 #8 type] 
Type domain.Bet is not enhanced.

[2020-04-16 16:50:07 #9 type] 
Type domain.Wallet is not enhanced.

[2020-04-16 16:50:07 #10 type] 
Type domain.Movement is not enhanced.

------------------------------------------------------------------------------------------------------------------------

[2020-04-16 16:52:32 #1 store] 
Database 'C:\Users\Iraitz\eclipse-workspace\bets2020\src\main\resources\bets.temp' is opened by 11044@LAPTOP-TVD0RTF2

[2020-04-16 16:52:33 #2 type] 
Type domain.Question is not enhanced.

[2020-04-16 16:52:33 #3 type] 
Type domain.Event is not enhanced.

[2020-04-16 16:52:33 #4 type] 
Type domain.User is not enhanced.

[2020-04-16 16:52:33 #5 type] 
Type domain.Admin is not enhanced.

[2020-04-16 16:52:33 #6 type] 
Type domain.RegularUser is not enhanced.

[2020-04-16 16:52:33 #7 type] 
Type domain.Kuota is not enhanced.

[2020-04-16 16:52:33 #8 type] 
Type domain.Bet is not enhanced.

[2020-04-16 16:52:33 #9 type] 
Type domain.Wallet is not enhanced.

[2020-04-16 16:52:33 #10 type] 
Type domain.Movement is not enhanced.

------------------------------------------------------------------------------------------------------------------------

[2020-04-16 17:28:29 #1 store] 
Database 'C:\Users\Iraitz\eclipse-workspace\bets2020\src\main\resources\bets.temp' is opened by 1944@LAPTOP-TVD0RTF2

[2020-04-16 17:28:29 #2 type] 
Type domain.Question is not enhanced.

[2020-04-16 17:28:29 #3 type] 
Type domain.Event is not enhanced.

[2020-04-16 17:28:29 #4 type] 
Type domain.User is not enhanced.

[2020-04-16 17:28:29 #5 type] 
Type domain.Admin is not enhanced.

[2020-04-16 17:28:29 #6 type] 
Type domain.RegularUser is not enhanced.

[2020-04-16 17:28:29 #7 type] 
Type domain.Kuota is not enhanced.

[2020-04-16 17:28:29 #8 type] 
Type domain.Bet is not enhanced.

[2020-04-16 17:28:29 #9 type] 
Type domain.Wallet is not enhanced.

[2020-04-16 17:28:29 #10 type] 
Type domain.Movement is not enhanced.

------------------------------------------------------------------------------------------------------------------------

[2020-04-16 17:29:14 #1 store] 
Database 'C:\Users\Iraitz\eclipse-workspace\bets2020\src\main\resources\bets.temp' is opened by 5400@LAPTOP-TVD0RTF2

[2020-04-16 17:29:14 #2 type] 
Type domain.Question is not enhanced.

[2020-04-16 17:29:14 #3 type] 
Type domain.Event is not enhanced.

[2020-04-16 17:29:14 #4 type] 
Type domain.User is not enhanced.

[2020-04-16 17:29:14 #5 type] 
Type domain.Admin is not enhanced.

[2020-04-16 17:29:14 #6 type] 
Type domain.RegularUser is not enhanced.

[2020-04-16 17:29:14 #7 type] 
Type domain.Kuota is not enhanced.

[2020-04-16 17:29:14 #8 type] 
Type domain.Bet is not enhanced.

[2020-04-16 17:29:14 #9 type] 
Type domain.Wallet is not enhanced.

[2020-04-16 17:29:14 #10 type] 
Type domain.Movement is not enhanced.

------------------------------------------------------------------------------------------------------------------------

[2020-04-16 17:34:24 #1 store] 
Database 'C:\Users\Iraitz\eclipse-workspace\bets2020\src\main\resources\bets.temp' is opened by 6892@LAPTOP-TVD0RTF2

[2020-04-16 17:34:24 #2 type] 
Type domain.Question is not enhanced.

[2020-04-16 17:34:24 #3 type] 
Type domain.Event is not enhanced.

[2020-04-16 17:34:24 #4 type] 
Type domain.User is not enhanced.

[2020-04-16 17:34:24 #5 type] 
Type domain.Admin is not enhanced.

[2020-04-16 17:34:24 #6 type] 
Type domain.RegularUser is not enhanced.

[2020-04-16 17:34:24 #7 type] 
Type domain.Kuota is not enhanced.

[2020-04-16 17:34:24 #8 type] 
Type domain.Bet is not enhanced.

[2020-04-16 17:34:24 #9 type] 
Type domain.Wallet is not enhanced.

[2020-04-16 17:34:24 #10 type] 
Type domain.Movement is not enhanced.

------------------------------------------------------------------------------------------------------------------------

[2020-04-16 17:47:30 #1 store] 
Database 'C:\Users\Iraitz\eclipse-workspace\bets2020\src\main\resources\bets.temp' is opened by 6384@LAPTOP-TVD0RTF2

[2020-04-16 17:47:30 #2 type] 
Type domain.Question is not enhanced.

[2020-04-16 17:47:30 #3 type] 
Type domain.Event is not enhanced.

[2020-04-16 17:47:30 #4 type] 
Type domain.User is not enhanced.

[2020-04-16 17:47:30 #5 type] 
Type domain.Admin is not enhanced.

[2020-04-16 17:47:30 #6 type] 
Type domain.RegularUser is not enhanced.

[2020-04-16 17:47:30 #7 type] 
Type domain.Kuota is not enhanced.

[2020-04-16 17:47:30 #8 type] 
Type domain.Bet is not enhanced.

[2020-04-16 17:47:30 #9 type] 
Type domain.Wallet is not enhanced.

[2020-04-16 17:47:30 #10 type] 
Type domain.Movement is not enhanced.

------------------------------------------------------------------------------------------------------------------------

[2020-04-16 18:06:45 #1 store] 
Database 'C:\Users\Iraitz\eclipse-workspace\bets2020\src\main\resources\bets.temp' is opened by 7308@LAPTOP-TVD0RTF2

[2020-04-16 18:06:45 #2 type] 
Type domain.Question is not enhanced.

[2020-04-16 18:06:45 #3 type] 
Type domain.Event is not enhanced.

[2020-04-16 18:06:45 #4 type] 
Type domain.User is not enhanced.

[2020-04-16 18:06:45 #5 type] 
Type domain.Admin is not enhanced.

[2020-04-16 18:06:45 #6 type] 
Type domain.RegularUser is not enhanced.

[2020-04-16 18:06:45 #7 type] 
Type domain.Kuota is not enhanced.

[2020-04-16 18:06:45 #8 type] 
Type domain.Bet is not enhanced.

[2020-04-16 18:06:45 #9 type] 
Type domain.Wallet is not enhanced.

[2020-04-16 18:06:45 #10 type] 
Type domain.Movement is not enhanced.

------------------------------------------------------------------------------------------------------------------------

[2020-04-16 18:27:04 #1 store] 
Database 'C:\Users\Iraitz\eclipse-workspace\bets2020\src\main\resources\bets.temp' is opened by 12308@LAPTOP-TVD0RTF2

[2020-04-16 18:27:05 #2 type] 
Type domain.Question is not enhanced.

[2020-04-16 18:27:05 #3 type] 
Type domain.Event is not enhanced.

[2020-04-16 18:27:05 #4 type] 
Type domain.User is not enhanced.

[2020-04-16 18:27:05 #5 type] 
Type domain.Admin is not enhanced.

[2020-04-16 18:27:05 #6 type] 
Type domain.RegularUser is not enhanced.

[2020-04-16 18:27:05 #7 type] 
Type domain.Kuota is not enhanced.

[2020-04-16 18:27:05 #8 type] 
Type domain.Bet is not enhanced.

[2020-04-16 18:27:05 #9 type] 
Type domain.Wallet is not enhanced.

[2020-04-16 18:27:05 #10 type] 
Type domain.Movement is not enhanced.

------------------------------------------------------------------------------------------------------------------------

[2020-04-16 18:31:55 #1 store] 
Database 'C:\Users\Iraitz\eclipse-workspace\bets2020\src\main\resources\bets.temp' has been recovered (tr. 354-363)

[2020-04-16 18:31:55 #2 store] 
Database 'C:\Users\Iraitz\eclipse-workspace\bets2020\src\main\resources\bets.temp' is opened by 5600@LAPTOP-TVD0RTF2

[2020-04-16 18:31:55 #3 type] 
Type domain.Question is not enhanced.

[2020-04-16 18:31:55 #4 type] 
Type domain.Event is not enhanced.

[2020-04-16 18:31:55 #5 type] 
Type domain.User is not enhanced.

[2020-04-16 18:31:55 #6 type] 
Type domain.Admin is not enhanced.

[2020-04-16 18:31:55 #7 type] 
Type domain.RegularUser is not enhanced.

[2020-04-16 18:31:55 #8 type] 
Type domain.Kuota is not enhanced.

[2020-04-16 18:31:55 #9 type] 
Type domain.Bet is not enhanced.

[2020-04-16 18:31:55 #10 type] 
Type domain.Wallet is not enhanced.

[2020-04-16 18:31:55 #11 type] 
Type domain.Movement is not enhanced.

------------------------------------------------------------------------------------------------------------------------

[2020-04-16 18:41:40 #1 store] 
Database 'C:\Users\Iraitz\eclipse-workspace\bets2020\src\main\resources\bets.temp' has been recovered (tr. 364-369)

[2020-04-16 18:41:40 #2 store] 
Database 'C:\Users\Iraitz\eclipse-workspace\bets2020\src\main\resources\bets.temp' is opened by 5072@LAPTOP-TVD0RTF2

[2020-04-16 18:41:40 #3 type] 
Type domain.Question is not enhanced.

[2020-04-16 18:41:40 #4 type] 
Type domain.Event is not enhanced.

[2020-04-16 18:41:40 #5 type] 
Type domain.User is not enhanced.

[2020-04-16 18:41:40 #6 type] 
Type domain.Admin is not enhanced.

[2020-04-16 18:41:40 #7 type] 
Type domain.RegularUser is not enhanced.

[2020-04-16 18:41:40 #8 type] 
Type domain.Kuota is not enhanced.

[2020-04-16 18:41:40 #9 type] 
Type domain.Bet is not enhanced.

[2020-04-16 18:41:40 #10 type] 
Type domain.Wallet is not enhanced.

[2020-04-16 18:41:40 #11 type] 
Type domain.Movement is not enhanced.

------------------------------------------------------------------------------------------------------------------------

[2020-04-16 18:59:46 #1 store] 
Database 'C:\Users\Iraitz\eclipse-workspace\bets2020\src\main\resources\bets.temp' has been recovered (tr. 370-373)

[2020-04-16 18:59:46 #2 store] 
Database 'C:\Users\Iraitz\eclipse-workspace\bets2020\src\main\resources\bets.temp' is opened by 1948@LAPTOP-TVD0RTF2

[2020-04-16 18:59:46 #3 type] 
Type domain.Question is not enhanced.

[2020-04-16 18:59:46 #4 type] 
Type domain.Event is not enhanced.

[2020-04-16 18:59:46 #5 type] 
Type domain.User is not enhanced.

[2020-04-16 18:59:46 #6 type] 
Type domain.Admin is not enhanced.

[2020-04-16 18:59:46 #7 type] 
Type domain.RegularUser is not enhanced.

[2020-04-16 18:59:46 #8 type] 
Type domain.Kuota is not enhanced.

[2020-04-16 18:59:46 #9 type] 
Type domain.Bet is not enhanced.

[2020-04-16 18:59:46 #10 type] 
Type domain.Wallet is not enhanced.

[2020-04-16 18:59:46 #11 type] 
Type domain.Movement is not enhanced.

------------------------------------------------------------------------------------------------------------------------

[2020-04-16 19:03:56 #1 store] 
Database 'C:\Users\Iraitz\eclipse-workspace\bets2020\src\main\resources\bets.temp' has been recovered (tr. 374-383)

[2020-04-16 19:03:57 #2 store] 
Database 'C:\Users\Iraitz\eclipse-workspace\bets2020\src\main\resources\bets.temp' is opened by 5500@LAPTOP-TVD0RTF2

[2020-04-16 19:03:57 #3 type] 
Type domain.Question is not enhanced.

[2020-04-16 19:03:57 #4 type] 
Type domain.Event is not enhanced.

[2020-04-16 19:03:57 #5 type] 
Type domain.User is not enhanced.

[2020-04-16 19:03:57 #6 type] 
Type domain.Admin is not enhanced.

[2020-04-16 19:03:57 #7 type] 
Type domain.RegularUser is not enhanced.

[2020-04-16 19:03:57 #8 type] 
Type domain.Kuota is not enhanced.

[2020-04-16 19:03:57 #9 type] 
Type domain.Bet is not enhanced.

[2020-04-16 19:03:57 #10 type] 
Type domain.Wallet is not enhanced.

[2020-04-16 19:03:57 #11 type] 
Type domain.Movement is not enhanced.

------------------------------------------------------------------------------------------------------------------------

[2020-04-16 19:52:39 #1 store] 
Database 'C:\Users\asier\git\bets2020\src\main\resources\bets.temp' has been recovered (tr. 385-385)

[2020-04-16 19:52:39 #2 store] 
Database 'C:\Users\asier\git\bets2020\src\main\resources\bets.temp' is opened by 11236@LAPTOP-1KO86THD

[2020-04-16 19:52:39 #3 type] 
Type domain.Question is not enhanced.

[2020-04-16 19:52:39 #4 type] 
Type domain.Event is not enhanced.

[2020-04-16 19:52:39 #5 type] 
Type domain.User is not enhanced.

[2020-04-16 19:52:39 #6 type] 
Type domain.Admin is not enhanced.

[2020-04-16 19:52:39 #7 type] 
Type domain.RegularUser is not enhanced.

[2020-04-16 19:52:39 #8 type] 
Type domain.Kuota is not enhanced.

[2020-04-16 19:52:40 #9 type] 
Type domain.Bet is not enhanced.

[2020-04-16 19:52:40 #10 type] 
Type domain.Wallet is not enhanced.

[2020-04-16 19:52:40 #11 type] 
Type domain.Movement is not enhanced.

------------------------------------------------------------------------------------------------------------------------

[2020-04-16 19:56:59 #1 store] 
Database 'C:\Users\asier\git\bets2020\src\main\resources\bets.temp' has been recovered (tr. 386-386)

[2020-04-16 19:56:59 #2 store] 
Database 'C:\Users\asier\git\bets2020\src\main\resources\bets.temp' is opened by 4840@LAPTOP-1KO86THD

[2020-04-16 19:56:59 #3 type] 
Type domain.Question is not enhanced.

[2020-04-16 19:56:59 #4 type] 
Type domain.Event is not enhanced.

[2020-04-16 19:56:59 #5 type] 
Type domain.User is not enhanced.

[2020-04-16 19:56:59 #6 type] 
Type domain.Admin is not enhanced.

[2020-04-16 19:56:59 #7 type] 
Type domain.RegularUser is not enhanced.

[2020-04-16 19:56:59 #8 type] 
Type domain.Kuota is not enhanced.

[2020-04-16 19:56:59 #9 type] 
Type domain.Bet is not enhanced.

[2020-04-16 19:56:59 #10 type] 
Type domain.Wallet is not enhanced.

[2020-04-16 19:56:59 #11 type] 
Type domain.Movement is not enhanced.

------------------------------------------------------------------------------------------------------------------------

[2020-04-16 19:57:20 #1 store] 
Database 'C:\Users\asier\git\bets2020\src\main\resources\bets.temp' is opened by 5456@LAPTOP-1KO86THD

[2020-04-16 19:57:21 #2 type] 
Type domain.Question is not enhanced.

[2020-04-16 19:57:21 #3 type] 
Type domain.Event is not enhanced.

[2020-04-16 19:57:21 #4 type] 
Type domain.User is not enhanced.

[2020-04-16 19:57:21 #5 type] 
Type domain.Admin is not enhanced.

[2020-04-16 19:57:21 #6 type] 
Type domain.RegularUser is not enhanced.

[2020-04-16 19:57:21 #7 type] 
Type domain.Kuota is not enhanced.

[2020-04-16 19:57:21 #8 type] 
Type domain.Bet is not enhanced.

[2020-04-16 19:57:21 #9 type] 
Type domain.Wallet is not enhanced.

[2020-04-16 19:57:21 #10 type] 
Type domain.Movement is not enhanced.

------------------------------------------------------------------------------------------------------------------------

[2020-04-16 20:11:07 #1 store] 
Database 'C:\Users\asier\git\bets2020\src\main\resources\bets.temp' is opened by 4248@LAPTOP-1KO86THD

[2020-04-16 20:11:08 #2 type] 
Type domain.Question is not enhanced.

[2020-04-16 20:11:08 #3 type] 
Type domain.Event is not enhanced.

[2020-04-16 20:11:08 #4 type] 
Type domain.User is not enhanced.

[2020-04-16 20:11:08 #5 type] 
Type domain.Admin is not enhanced.

[2020-04-16 20:11:08 #6 type] 
Type domain.RegularUser is not enhanced.

[2020-04-16 20:11:08 #7 type] 
Type domain.Kuota is not enhanced.

[2020-04-16 20:11:08 #8 type] 
Type domain.Bet is not enhanced.

[2020-04-16 20:11:08 #9 type] 
Type domain.Wallet is not enhanced.

[2020-04-16 20:11:08 #10 type] 
Type domain.Movement is not enhanced.

------------------------------------------------------------------------------------------------------------------------

[2020-04-16 20:21:29 #1 store] 
Database 'C:\Users\asier\git\bets2020\src\main\resources\bets.temp' is opened by 800@LAPTOP-1KO86THD

[2020-04-16 20:21:29 #2 type] 
Type domain.Question is not enhanced.

[2020-04-16 20:21:29 #3 type] 
Type domain.Event is not enhanced.

[2020-04-16 20:21:29 #4 type] 
Type domain.User is not enhanced.

[2020-04-16 20:21:29 #5 type] 
Type domain.Admin is not enhanced.

[2020-04-16 20:21:29 #6 type] 
Type domain.RegularUser is not enhanced.

[2020-04-16 20:21:29 #7 type] 
Type domain.Kuota is not enhanced.

[2020-04-16 20:21:29 #8 type] 
Type domain.Bet is not enhanced.

[2020-04-16 20:21:29 #9 type] 
Type domain.Wallet is not enhanced.

[2020-04-16 20:21:29 #10 type] 
Type domain.Movement is not enhanced.

------------------------------------------------------------------------------------------------------------------------

[2020-04-16 20:29:30 #1 store] 
Database 'C:\Users\asier\git\bets2020\src\main\resources\bets.temp' is opened by 448@LAPTOP-1KO86THD

[2020-04-16 20:29:30 #2 type] 
Type domain.Question is not enhanced.

[2020-04-16 20:29:30 #3 type] 
Type domain.Event is not enhanced.

[2020-04-16 20:29:30 #4 type] 
Type domain.User is not enhanced.

[2020-04-16 20:29:30 #5 type] 
Type domain.Admin is not enhanced.

[2020-04-16 20:29:30 #6 type] 
Type domain.RegularUser is not enhanced.

[2020-04-16 20:29:30 #7 type] 
Type domain.Kuota is not enhanced.

[2020-04-16 20:29:30 #8 type] 
Type domain.Bet is not enhanced.

[2020-04-16 20:29:30 #9 type] 
Type domain.Wallet is not enhanced.

[2020-04-16 20:29:30 #10 type] 
Type domain.Movement is not enhanced.

------------------------------------------------------------------------------------------------------------------------

[2020-04-16 20:29:49 #1 store] 
Database 'C:\Users\asier\git\bets2020\src\main\resources\bets.temp' is opened by 15440@LAPTOP-1KO86THD

[2020-04-16 20:29:49 #2 type] 
Type domain.Question is not enhanced.

[2020-04-16 20:29:49 #3 type] 
Type domain.Event is not enhanced.

[2020-04-16 20:29:49 #4 type] 
Type domain.User is not enhanced.

[2020-04-16 20:29:49 #5 type] 
Type domain.Admin is not enhanced.

[2020-04-16 20:29:49 #6 type] 
Type domain.RegularUser is not enhanced.

[2020-04-16 20:29:49 #7 type] 
Type domain.Kuota is not enhanced.

[2020-04-16 20:29:49 #8 type] 
Type domain.Bet is not enhanced.

[2020-04-16 20:29:49 #9 type] 
Type domain.Wallet is not enhanced.

[2020-04-16 20:29:49 #10 type] 
Type domain.Movement is not enhanced.

