------------------------------------------------------------------------------------------------------------------------

[2020-03-03 00:13:29 #1 store] 
Database 'C:\Users\Iraitz\git\bets2020\src\main\resources\bets.temp' is opened by 13728@LAPTOP-TVD0RTF2

[2020-03-03 00:13:30 #2 type] 
Type domain.Question is not enhanced.

[2020-03-03 00:13:30 #3 type] 
Type domain.Event is not enhanced.

[2020-03-03 00:13:30 #4 type] 
Type domain.User is not enhanced.

[2020-03-03 00:13:30 #5 type] 
Type domain.Admin is not enhanced.

[2020-03-03 00:13:30 #6 type] 
Type domain.RegularUser is not enhanced.

------------------------------------------------------------------------------------------------------------------------

[2020-03-03 07:48:08 #1 store] 
Database 'C:\Users\Iraitz\git\bets2020\src\main\resources\bets.temp' is opened by 3088@LAPTOP-TVD0RTF2

[2020-03-03 07:48:08 #2 type] 
Type domain.Question is not enhanced.

[2020-03-03 07:48:08 #3 type] 
Type domain.Event is not enhanced.

[2020-03-03 07:48:08 #4 type] 
Type domain.User is not enhanced.

[2020-03-03 07:48:08 #5 type] 
Type domain.Admin is not enhanced.

[2020-03-03 07:48:08 #6 type] 
Type domain.RegularUser is not enhanced.

[2020-03-03 07:48:08 #7 type] 
Type domain.Kuota is not enhanced.

------------------------------------------------------------------------------------------------------------------------

[2020-03-03 09:00:13 #1 store] 
Database 'C:\Users\Iraitz\git\bets2020\src\main\resources\bets.temp' is opened by 3160@LAPTOP-TVD0RTF2

[2020-03-03 09:00:13 #2 type] 
Type domain.Question is not enhanced.

[2020-03-03 09:00:13 #3 type] 
Type domain.Event is not enhanced.

[2020-03-03 09:00:13 #4 type] 
Type domain.User is not enhanced.

[2020-03-03 09:00:13 #5 type] 
Type domain.Admin is not enhanced.

[2020-03-03 09:00:13 #6 type] 
Type domain.RegularUser is not enhanced.

[2020-03-03 09:00:13 #7 type] 
Type domain.Kuota is not enhanced.

------------------------------------------------------------------------------------------------------------------------

[2020-03-03 10:59:21 #1 store] 
Database '/users/913187/eclipse-workspace/bets2020/src/main/resources/bets.temp' is opened by 9370@U015984.gi

[2020-03-03 10:59:21 #2 type] 
Type domain.Question is not enhanced.

[2020-03-03 10:59:21 #3 type] 
Type domain.Event is not enhanced.

[2020-03-03 10:59:21 #4 type] 
Type domain.User is not enhanced.

[2020-03-03 10:59:21 #5 type] 
Type domain.Admin is not enhanced.

[2020-03-03 10:59:21 #6 type] 
Type domain.RegularUser is not enhanced.

[2020-03-03 10:59:21 #7 type] 
Type domain.Kuota is not enhanced.

------------------------------------------------------------------------------------------------------------------------

[2020-03-03 11:10:30 #1 store] 
Database '/users/913187/eclipse-workspace/bets2020/src/main/resources/bets.temp' is opened by 9944@U015984.gi

[2020-03-03 11:10:30 #2 type] 
Type domain.Question is not enhanced.

[2020-03-03 11:10:30 #3 type] 
Type domain.Event is not enhanced.

[2020-03-03 11:10:30 #4 type] 
Type domain.User is not enhanced.

[2020-03-03 11:10:30 #5 type] 
Type domain.Admin is not enhanced.

[2020-03-03 11:10:30 #6 type] 
Type domain.RegularUser is not enhanced.

[2020-03-03 11:10:30 #7 type] 
Type domain.Kuota is not enhanced.

------------------------------------------------------------------------------------------------------------------------

[2020-03-03 11:11:50 #1 store] 
Database '/users/913187/eclipse-workspace/bets2020/src/main/resources/bets.temp' is opened by 10027@U015984.gi

[2020-03-03 11:11:50 #2 type] 
Type domain.Question is not enhanced.

[2020-03-03 11:11:50 #3 type] 
Type domain.Event is not enhanced.

[2020-03-03 11:11:50 #4 type] 
Type domain.User is not enhanced.

[2020-03-03 11:11:50 #5 type] 
Type domain.Admin is not enhanced.

[2020-03-03 11:11:50 #6 type] 
Type domain.RegularUser is not enhanced.

[2020-03-03 11:11:50 #7 type] 
Type domain.Kuota is not enhanced.

------------------------------------------------------------------------------------------------------------------------

[2020-03-03 11:12:03 #1 store] 
Database '/users/913187/eclipse-workspace/bets2020/src/main/resources/bets.temp' is opened by 10063@U015984.gi

[2020-03-03 11:12:04 #2 type] 
Type domain.Question is not enhanced.

[2020-03-03 11:12:04 #3 type] 
Type domain.Event is not enhanced.

[2020-03-03 11:12:04 #4 type] 
Type domain.User is not enhanced.

[2020-03-03 11:12:04 #5 type] 
Type domain.Admin is not enhanced.

[2020-03-03 11:12:04 #6 type] 
Type domain.RegularUser is not enhanced.

[2020-03-03 11:12:04 #7 type] 
Type domain.Kuota is not enhanced.

------------------------------------------------------------------------------------------------------------------------

[2020-03-03 11:13:27 #1 store] 
Database '/users/913187/eclipse-workspace/bets2020/src/main/resources/bets.temp' is opened by 10145@U015984.gi

[2020-03-03 11:13:27 #2 type] 
Type domain.Question is not enhanced.

[2020-03-03 11:13:27 #3 type] 
Type domain.Event is not enhanced.

[2020-03-03 11:13:27 #4 type] 
Type domain.User is not enhanced.

[2020-03-03 11:13:27 #5 type] 
Type domain.Admin is not enhanced.

[2020-03-03 11:13:27 #6 type] 
Type domain.RegularUser is not enhanced.

[2020-03-03 11:13:27 #7 type] 
Type domain.Kuota is not enhanced.

------------------------------------------------------------------------------------------------------------------------

[2020-03-03 11:13:37 #1 store] 
Database '/users/913187/eclipse-workspace/bets2020/src/main/resources/bets.temp' is opened by 10180@U015984.gi

[2020-03-03 11:13:37 #2 type] 
Type domain.Question is not enhanced.

[2020-03-03 11:13:37 #3 type] 
Type domain.Event is not enhanced.

[2020-03-03 11:13:37 #4 type] 
Type domain.User is not enhanced.

[2020-03-03 11:13:37 #5 type] 
Type domain.Admin is not enhanced.

[2020-03-03 11:13:37 #6 type] 
Type domain.RegularUser is not enhanced.

[2020-03-03 11:13:37 #7 type] 
Type domain.Kuota is not enhanced.

------------------------------------------------------------------------------------------------------------------------

[2020-03-03 11:15:58 #1 store] 
Database '/users/913187/eclipse-workspace/bets2020/src/main/resources/bets.temp' is opened by 10278@U015984.gi

[2020-03-03 11:15:58 #2 type] 
Type domain.Question is not enhanced.

[2020-03-03 11:15:58 #3 type] 
Type domain.Event is not enhanced.

[2020-03-03 11:15:58 #4 type] 
Type domain.User is not enhanced.

[2020-03-03 11:15:58 #5 type] 
Type domain.Admin is not enhanced.

[2020-03-03 11:15:58 #6 type] 
Type domain.RegularUser is not enhanced.

[2020-03-03 11:15:58 #7 type] 
Type domain.Kuota is not enhanced.

------------------------------------------------------------------------------------------------------------------------

[2020-03-03 11:16:38 #1 store] 
Database '/users/913187/eclipse-workspace/bets2020/src/main/resources/bets.temp' is opened by 10353@U015984.gi

[2020-03-03 11:16:38 #2 type] 
Type domain.Question is not enhanced.

[2020-03-03 11:16:38 #3 type] 
Type domain.Event is not enhanced.

[2020-03-03 11:16:38 #4 type] 
Type domain.User is not enhanced.

[2020-03-03 11:16:38 #5 type] 
Type domain.Admin is not enhanced.

[2020-03-03 11:16:38 #6 type] 
Type domain.RegularUser is not enhanced.

[2020-03-03 11:16:38 #7 type] 
Type domain.Kuota is not enhanced.

------------------------------------------------------------------------------------------------------------------------

[2020-03-03 11:34:09 #1 store] 
Database '/users/913187/eclipse-workspace/bets2020/src/main/resources/bets.temp' is opened by 11147@U015984.gi

[2020-03-03 11:34:09 #2 type] 
Type domain.Question is not enhanced.

[2020-03-03 11:34:09 #3 type] 
Type domain.Event is not enhanced.

[2020-03-03 11:34:09 #4 type] 
Type domain.User is not enhanced.

[2020-03-03 11:34:09 #5 type] 
Type domain.Admin is not enhanced.

[2020-03-03 11:34:09 #6 type] 
Type domain.RegularUser is not enhanced.

[2020-03-03 11:34:09 #7 type] 
Type domain.Kuota is not enhanced.

------------------------------------------------------------------------------------------------------------------------

[2020-03-03 11:34:28 #1 store] 
Database '/users/913187/eclipse-workspace/bets2020/src/main/resources/bets.temp' has been recovered (tr. 30-30)

[2020-03-03 11:34:28 #2 store] 
Database '/users/913187/eclipse-workspace/bets2020/src/main/resources/bets.temp' is opened by 11220@U015984.gi

[2020-03-03 11:34:28 #3 type] 
Type domain.Question is not enhanced.

[2020-03-03 11:34:28 #4 type] 
Type domain.Event is not enhanced.

[2020-03-03 11:34:28 #5 type] 
Type domain.User is not enhanced.

[2020-03-03 11:34:28 #6 type] 
Type domain.Admin is not enhanced.

[2020-03-03 11:34:28 #7 type] 
Type domain.RegularUser is not enhanced.

[2020-03-03 11:34:28 #8 type] 
Type domain.Kuota is not enhanced.

------------------------------------------------------------------------------------------------------------------------

[2020-03-03 11:35:40 #1 store] 
Database '/users/913187/eclipse-workspace/bets2020/src/main/resources/bets.temp' is opened by 11297@U015984.gi

[2020-03-03 11:35:40 #2 type] 
Type domain.Question is not enhanced.

[2020-03-03 11:35:40 #3 type] 
Type domain.Event is not enhanced.

[2020-03-03 11:35:40 #4 type] 
Type domain.User is not enhanced.

[2020-03-03 11:35:40 #5 type] 
Type domain.Admin is not enhanced.

[2020-03-03 11:35:40 #6 type] 
Type domain.RegularUser is not enhanced.

[2020-03-03 11:35:40 #7 type] 
Type domain.Kuota is not enhanced.

------------------------------------------------------------------------------------------------------------------------

[2020-03-03 11:38:51 #1 store] 
Database '/users/913187/eclipse-workspace/bets2020/src/main/resources/bets.temp' is opened by 11552@U015984.gi

[2020-03-03 11:38:51 #2 type] 
Type domain.Question is not enhanced.

[2020-03-03 11:38:51 #3 type] 
Type domain.Event is not enhanced.

[2020-03-03 11:38:51 #4 type] 
Type domain.User is not enhanced.

[2020-03-03 11:38:51 #5 type] 
Type domain.Admin is not enhanced.

[2020-03-03 11:38:51 #6 type] 
Type domain.RegularUser is not enhanced.

[2020-03-03 11:38:51 #7 type] 
Type domain.Kuota is not enhanced.

------------------------------------------------------------------------------------------------------------------------

[2020-03-03 11:40:53 #1 store] 
Database '/users/913187/eclipse-workspace/bets2020/src/main/resources/bets.temp' is opened by 11598@U015984.gi

[2020-03-03 11:40:53 #2 type] 
Type domain.Question is not enhanced.

[2020-03-03 11:40:53 #3 type] 
Type domain.Event is not enhanced.

[2020-03-03 11:40:53 #4 type] 
Type domain.User is not enhanced.

[2020-03-03 11:40:53 #5 type] 
Type domain.Admin is not enhanced.

[2020-03-03 11:40:53 #6 type] 
Type domain.RegularUser is not enhanced.

[2020-03-03 11:40:53 #7 type] 
Type domain.Kuota is not enhanced.

------------------------------------------------------------------------------------------------------------------------

[2020-03-03 11:42:33 #1 store] 
Database '/users/913187/eclipse-workspace/bets2020/src/main/resources/bets.temp' has been recovered (tr. 33-33)

[2020-03-03 11:42:33 #2 store] 
Database '/users/913187/eclipse-workspace/bets2020/src/main/resources/bets.temp' is opened by 11656@U015984.gi

[2020-03-03 11:42:33 #3 type] 
Type domain.Question is not enhanced.

[2020-03-03 11:42:33 #4 type] 
Type domain.Event is not enhanced.

[2020-03-03 11:42:33 #5 type] 
Type domain.User is not enhanced.

[2020-03-03 11:42:33 #6 type] 
Type domain.Admin is not enhanced.

[2020-03-03 11:42:33 #7 type] 
Type domain.RegularUser is not enhanced.

[2020-03-03 11:42:33 #8 type] 
Type domain.Kuota is not enhanced.

------------------------------------------------------------------------------------------------------------------------

[2020-03-03 11:44:00 #1 store] 
Database '/users/913187/eclipse-workspace/bets2020/src/main/resources/bets.temp' is opened by 11771@U015984.gi

[2020-03-03 11:44:00 #2 type] 
Type domain.Question is not enhanced.

[2020-03-03 11:44:00 #3 type] 
Type domain.Event is not enhanced.

[2020-03-03 11:44:00 #4 type] 
Type domain.User is not enhanced.

[2020-03-03 11:44:00 #5 type] 
Type domain.Admin is not enhanced.

[2020-03-03 11:44:00 #6 type] 
Type domain.RegularUser is not enhanced.

[2020-03-03 11:44:00 #7 type] 
Type domain.Kuota is not enhanced.

------------------------------------------------------------------------------------------------------------------------

[2020-03-03 20:30:25 #1 store] 
Database 'C:\Users\Iraitz\eclipse-workspace\bets2020\src\main\resources\bets.temp' has been recovered (tr. 39-39)

[2020-03-03 20:30:25 #2 store] 
Database 'C:\Users\Iraitz\eclipse-workspace\bets2020\src\main\resources\bets.temp' is opened by 3240@LAPTOP-TVD0RTF2

[2020-03-03 20:30:25 #3 type] 
Type domain.Question is not enhanced.

[2020-03-03 20:30:25 #4 type] 
Type domain.Event is not enhanced.

[2020-03-03 20:30:25 #5 type] 
Type domain.User is not enhanced.

[2020-03-03 20:30:25 #6 type] 
Type domain.Admin is not enhanced.

[2020-03-03 20:30:25 #7 type] 
Type domain.RegularUser is not enhanced.

[2020-03-03 20:30:25 #8 type] 
Type domain.Kuota is not enhanced.

------------------------------------------------------------------------------------------------------------------------

[2020-03-03 20:31:16 #1 store] 
Database 'C:\Users\Iraitz\eclipse-workspace\bets2020\src\main\resources\bets.temp' is opened by 8736@LAPTOP-TVD0RTF2

[2020-03-03 20:31:16 #2 type] 
Type domain.Question is not enhanced.

[2020-03-03 20:31:16 #3 type] 
Type domain.Event is not enhanced.

[2020-03-03 20:31:16 #4 type] 
Type domain.User is not enhanced.

[2020-03-03 20:31:16 #5 type] 
Type domain.Admin is not enhanced.

[2020-03-03 20:31:16 #6 type] 
Type domain.RegularUser is not enhanced.

[2020-03-03 20:31:16 #7 type] 
Type domain.Kuota is not enhanced.

------------------------------------------------------------------------------------------------------------------------

[2020-03-03 20:58:32 #1 store] 
Database 'B:\Documentos\Eclipse uni\bets2020\src\main\resources\bets.temp' is opened by 2256@DESKTOP-M1R57FE

[2020-03-03 20:58:32 #2 type] 
Type domain.Question is not enhanced.

[2020-03-03 20:58:32 #3 type] 
Type domain.Event is not enhanced.

[2020-03-03 20:58:32 #4 type] 
Type domain.User is not enhanced.

[2020-03-03 20:58:32 #5 type] 
Type domain.Admin is not enhanced.

[2020-03-03 20:58:32 #6 type] 
Type domain.RegularUser is not enhanced.

[2020-03-03 20:58:32 #7 type] 
Type domain.Kuota is not enhanced.

------------------------------------------------------------------------------------------------------------------------

[2020-03-03 21:00:47 #1 store] 
Database 'B:\Documentos\Eclipse uni\bets2020\src\main\resources\bets.temp' is opened by 12452@DESKTOP-M1R57FE

[2020-03-03 21:00:47 #2 type] 
Type domain.Question is not enhanced.

[2020-03-03 21:00:47 #3 type] 
Type domain.Event is not enhanced.

[2020-03-03 21:00:47 #4 type] 
Type domain.User is not enhanced.

[2020-03-03 21:00:47 #5 type] 
Type domain.Admin is not enhanced.

[2020-03-03 21:00:47 #6 type] 
Type domain.RegularUser is not enhanced.

[2020-03-03 21:00:47 #7 type] 
Type domain.Kuota is not enhanced.

------------------------------------------------------------------------------------------------------------------------

[2020-03-03 21:09:01 #1 store] 
Database 'B:\Documentos\Eclipse uni\bets2020\src\main\resources\bets.temp' is opened by 3892@DESKTOP-M1R57FE

[2020-03-03 21:09:01 #2 type] 
Type domain.Question is not enhanced.

[2020-03-03 21:09:01 #3 type] 
Type domain.Event is not enhanced.

[2020-03-03 21:09:01 #4 type] 
Type domain.User is not enhanced.

[2020-03-03 21:09:01 #5 type] 
Type domain.Admin is not enhanced.

[2020-03-03 21:09:01 #6 type] 
Type domain.RegularUser is not enhanced.

[2020-03-03 21:09:01 #7 type] 
Type domain.Kuota is not enhanced.

------------------------------------------------------------------------------------------------------------------------

[2020-03-03 21:10:08 #1 store] 
Database 'B:\Documentos\Eclipse uni\bets2020\src\main\resources\bets.temp' is opened by 6416@DESKTOP-M1R57FE

[2020-03-03 21:10:08 #2 type] 
Type domain.Question is not enhanced.

[2020-03-03 21:10:08 #3 type] 
Type domain.Event is not enhanced.

[2020-03-03 21:10:08 #4 type] 
Type domain.User is not enhanced.

[2020-03-03 21:10:08 #5 type] 
Type domain.Admin is not enhanced.

[2020-03-03 21:10:08 #6 type] 
Type domain.RegularUser is not enhanced.

[2020-03-03 21:10:08 #7 type] 
Type domain.Kuota is not enhanced.

------------------------------------------------------------------------------------------------------------------------

[2020-03-03 21:11:45 #1 store] 
Database 'B:\Documentos\Eclipse uni\bets2020\src\main\resources\bets.temp' is opened by 11184@DESKTOP-M1R57FE

[2020-03-03 21:11:45 #2 type] 
Type domain.Question is not enhanced.

[2020-03-03 21:11:45 #3 type] 
Type domain.Event is not enhanced.

[2020-03-03 21:11:45 #4 type] 
Type domain.User is not enhanced.

[2020-03-03 21:11:45 #5 type] 
Type domain.Admin is not enhanced.

[2020-03-03 21:11:45 #6 type] 
Type domain.RegularUser is not enhanced.

[2020-03-03 21:11:45 #7 type] 
Type domain.Kuota is not enhanced.

------------------------------------------------------------------------------------------------------------------------

[2020-03-03 21:27:07 #1 store] 
Database 'B:\Documentos\Eclipse uni\bets2020\src\main\resources\bets.temp' is opened by 12600@DESKTOP-M1R57FE

[2020-03-03 21:27:07 #2 type] 
Type domain.Question is not enhanced.

[2020-03-03 21:27:07 #3 type] 
Type domain.Event is not enhanced.

[2020-03-03 21:27:07 #4 type] 
Type domain.User is not enhanced.

[2020-03-03 21:27:07 #5 type] 
Type domain.Admin is not enhanced.

[2020-03-03 21:27:07 #6 type] 
Type domain.RegularUser is not enhanced.

[2020-03-03 21:27:07 #7 type] 
Type domain.Kuota is not enhanced.

------------------------------------------------------------------------------------------------------------------------

[2020-03-03 21:27:36 #1 store] 
Database 'B:\Documentos\Eclipse uni\bets2020\src\main\resources\bets.temp' is opened by 10544@DESKTOP-M1R57FE

[2020-03-03 21:27:36 #2 type] 
Type domain.Question is not enhanced.

[2020-03-03 21:27:36 #3 type] 
Type domain.Event is not enhanced.

[2020-03-03 21:27:36 #4 type] 
Type domain.User is not enhanced.

[2020-03-03 21:27:36 #5 type] 
Type domain.Admin is not enhanced.

[2020-03-03 21:27:36 #6 type] 
Type domain.RegularUser is not enhanced.

[2020-03-03 21:27:36 #7 type] 
Type domain.Kuota is not enhanced.

------------------------------------------------------------------------------------------------------------------------

[2020-03-03 21:29:27 #1 store] 
Database 'B:\Documentos\Eclipse uni\bets2020\src\main\resources\bets.temp' is opened by 5324@DESKTOP-M1R57FE

[2020-03-03 21:29:27 #2 type] 
Type domain.Question is not enhanced.

[2020-03-03 21:29:27 #3 type] 
Type domain.Event is not enhanced.

[2020-03-03 21:29:27 #4 type] 
Type domain.User is not enhanced.

[2020-03-03 21:29:27 #5 type] 
Type domain.Admin is not enhanced.

[2020-03-03 21:29:27 #6 type] 
Type domain.RegularUser is not enhanced.

[2020-03-03 21:29:27 #7 type] 
Type domain.Kuota is not enhanced.

------------------------------------------------------------------------------------------------------------------------

[2020-03-03 21:31:58 #1 store] 
Database 'B:\Documentos\Eclipse uni\bets2020\src\main\resources\bets.temp' is opened by 11956@DESKTOP-M1R57FE

[2020-03-03 21:31:58 #2 type] 
Type domain.Question is not enhanced.

[2020-03-03 21:31:58 #3 type] 
Type domain.Event is not enhanced.

[2020-03-03 21:31:58 #4 type] 
Type domain.User is not enhanced.

[2020-03-03 21:31:58 #5 type] 
Type domain.Admin is not enhanced.

[2020-03-03 21:31:58 #6 type] 
Type domain.RegularUser is not enhanced.

[2020-03-03 21:31:58 #7 type] 
Type domain.Kuota is not enhanced.

------------------------------------------------------------------------------------------------------------------------

[2020-03-03 21:33:05 #1 store] 
Database 'B:\Documentos\Eclipse uni\bets2020\src\main\resources\bets.temp' is opened by 10888@DESKTOP-M1R57FE

[2020-03-03 21:33:06 #2 type] 
Type domain.Question is not enhanced.

[2020-03-03 21:33:06 #3 type] 
Type domain.Event is not enhanced.

[2020-03-03 21:33:06 #4 type] 
Type domain.User is not enhanced.

[2020-03-03 21:33:06 #5 type] 
Type domain.Admin is not enhanced.

[2020-03-03 21:33:06 #6 type] 
Type domain.RegularUser is not enhanced.

[2020-03-03 21:33:06 #7 type] 
Type domain.Kuota is not enhanced.

------------------------------------------------------------------------------------------------------------------------

[2020-03-03 21:33:42 #1 store] 
Database 'B:\Documentos\Eclipse uni\bets2020\src\main\resources\bets.temp' is opened by 6364@DESKTOP-M1R57FE

[2020-03-03 21:33:42 #2 type] 
Type domain.Question is not enhanced.

[2020-03-03 21:33:42 #3 type] 
Type domain.Event is not enhanced.

[2020-03-03 21:33:42 #4 type] 
Type domain.User is not enhanced.

[2020-03-03 21:33:42 #5 type] 
Type domain.Admin is not enhanced.

[2020-03-03 21:33:42 #6 type] 
Type domain.RegularUser is not enhanced.

[2020-03-03 21:33:42 #7 type] 
Type domain.Kuota is not enhanced.

------------------------------------------------------------------------------------------------------------------------

[2020-03-03 21:38:22 #1 store] 
Database 'B:\Documentos\Eclipse uni\bets2020\src\main\resources\bets.temp' is opened by 11492@DESKTOP-M1R57FE

[2020-03-03 21:38:22 #2 type] 
Type domain.Question is not enhanced.

[2020-03-03 21:38:22 #3 type] 
Type domain.Event is not enhanced.

[2020-03-03 21:38:22 #4 type] 
Type domain.User is not enhanced.

[2020-03-03 21:38:22 #5 type] 
Type domain.Admin is not enhanced.

[2020-03-03 21:38:22 #6 type] 
Type domain.RegularUser is not enhanced.

[2020-03-03 21:38:22 #7 type] 
Type domain.Kuota is not enhanced.

------------------------------------------------------------------------------------------------------------------------

[2020-03-03 21:40:43 #1 store] 
Database 'B:\Documentos\Eclipse uni\bets2020\src\main\resources\bets.temp' is opened by 7280@DESKTOP-M1R57FE

[2020-03-03 21:40:43 #2 type] 
Type domain.Question is not enhanced.

[2020-03-03 21:40:43 #3 type] 
Type domain.Event is not enhanced.

[2020-03-03 21:40:43 #4 type] 
Type domain.User is not enhanced.

[2020-03-03 21:40:43 #5 type] 
Type domain.Admin is not enhanced.

[2020-03-03 21:40:43 #6 type] 
Type domain.RegularUser is not enhanced.

[2020-03-03 21:40:43 #7 type] 
Type domain.Kuota is not enhanced.

------------------------------------------------------------------------------------------------------------------------

[2020-03-03 21:49:08 #1 store] 
Database 'B:\Documentos\Eclipse uni\bets2020\src\main\resources\bets.temp' is opened by 13740@DESKTOP-M1R57FE

[2020-03-03 21:49:08 #2 type] 
Type domain.Question is not enhanced.

[2020-03-03 21:49:08 #3 type] 
Type domain.Event is not enhanced.

[2020-03-03 21:49:08 #4 type] 
Type domain.User is not enhanced.

[2020-03-03 21:49:08 #5 type] 
Type domain.Admin is not enhanced.

[2020-03-03 21:49:08 #6 type] 
Type domain.RegularUser is not enhanced.

[2020-03-03 21:49:08 #7 type] 
Type domain.Kuota is not enhanced.

------------------------------------------------------------------------------------------------------------------------

[2020-03-03 21:53:28 #1 store] 
Database 'B:\Documentos\Eclipse uni\bets2020\src\main\resources\bets.temp' is opened by 4260@DESKTOP-M1R57FE

[2020-03-03 21:53:28 #2 type] 
Type domain.Question is not enhanced.

[2020-03-03 21:53:28 #3 type] 
Type domain.Event is not enhanced.

[2020-03-03 21:53:28 #4 type] 
Type domain.User is not enhanced.

[2020-03-03 21:53:28 #5 type] 
Type domain.Admin is not enhanced.

[2020-03-03 21:53:28 #6 type] 
Type domain.RegularUser is not enhanced.

[2020-03-03 21:53:28 #7 type] 
Type domain.Kuota is not enhanced.

------------------------------------------------------------------------------------------------------------------------

[2020-03-03 21:56:59 #1 store] 
Database 'B:\Documentos\Eclipse uni\bets2020\src\main\resources\bets.temp' is opened by 12904@DESKTOP-M1R57FE

[2020-03-03 21:56:59 #2 type] 
Type domain.Question is not enhanced.

[2020-03-03 21:56:59 #3 type] 
Type domain.Event is not enhanced.

[2020-03-03 21:56:59 #4 type] 
Type domain.User is not enhanced.

[2020-03-03 21:56:59 #5 type] 
Type domain.Admin is not enhanced.

[2020-03-03 21:56:59 #6 type] 
Type domain.RegularUser is not enhanced.

[2020-03-03 21:56:59 #7 type] 
Type domain.Kuota is not enhanced.

------------------------------------------------------------------------------------------------------------------------

[2020-03-03 22:40:56 #1 store] 
Database 'B:\Documentos\Eclipse uni\bets2020\src\main\resources\bets.temp' is opened by 8384@DESKTOP-M1R57FE

[2020-03-03 22:40:56 #2 type] 
Type domain.Question is not enhanced.

[2020-03-03 22:40:56 #3 type] 
Type domain.Event is not enhanced.

[2020-03-03 22:40:56 #4 type] 
Type domain.User is not enhanced.

[2020-03-03 22:40:56 #5 type] 
Type domain.Admin is not enhanced.

[2020-03-03 22:40:56 #6 type] 
Type domain.RegularUser is not enhanced.

[2020-03-03 22:40:56 #7 type] 
Type domain.Kuota is not enhanced.

------------------------------------------------------------------------------------------------------------------------

[2020-03-03 22:41:31 #1 store] 
Database 'B:\Documentos\Eclipse uni\bets2020\src\main\resources\bets.temp' is opened by 10352@DESKTOP-M1R57FE

[2020-03-03 22:41:31 #2 type] 
Type domain.Question is not enhanced.

[2020-03-03 22:41:31 #3 type] 
Type domain.Event is not enhanced.

[2020-03-03 22:41:31 #4 type] 
Type domain.User is not enhanced.

[2020-03-03 22:41:31 #5 type] 
Type domain.Admin is not enhanced.

[2020-03-03 22:41:31 #6 type] 
Type domain.RegularUser is not enhanced.

[2020-03-03 22:41:31 #7 type] 
Type domain.Kuota is not enhanced.

------------------------------------------------------------------------------------------------------------------------

[2020-03-03 22:47:58 #1 store] 
Database 'B:\Documentos\Eclipse uni\bets2020\src\main\resources\bets.temp' is opened by 13668@DESKTOP-M1R57FE

[2020-03-03 22:47:58 #2 type] 
Type domain.Question is not enhanced.

[2020-03-03 22:47:58 #3 type] 
Type domain.Event is not enhanced.

[2020-03-03 22:47:58 #4 type] 
Type domain.User is not enhanced.

[2020-03-03 22:47:58 #5 type] 
Type domain.Admin is not enhanced.

[2020-03-03 22:47:58 #6 type] 
Type domain.RegularUser is not enhanced.

[2020-03-03 22:47:58 #7 type] 
Type domain.Kuota is not enhanced.

------------------------------------------------------------------------------------------------------------------------

[2020-03-03 22:50:52 #1 store] 
Database 'B:\Documentos\Eclipse uni\bets2020\src\main\resources\bets.temp' is opened by 10912@DESKTOP-M1R57FE

[2020-03-03 22:50:52 #2 type] 
Type domain.Question is not enhanced.

[2020-03-03 22:50:52 #3 type] 
Type domain.Event is not enhanced.

[2020-03-03 22:50:52 #4 type] 
Type domain.User is not enhanced.

[2020-03-03 22:50:52 #5 type] 
Type domain.Admin is not enhanced.

[2020-03-03 22:50:52 #6 type] 
Type domain.RegularUser is not enhanced.

[2020-03-03 22:50:53 #7 type] 
Type domain.Kuota is not enhanced.

------------------------------------------------------------------------------------------------------------------------

[2020-03-03 23:01:56 #1 store] 
Database 'C:\Users\Iraitz\workspace1\bets2020\src\main\resources\bets.temp' has been recovered (tr. 42-44)

[2020-03-03 23:01:57 #2 store] 
Database 'C:\Users\Iraitz\workspace1\bets2020\src\main\resources\bets.temp' is opened by 1636@LAPTOP-TVD0RTF2

[2020-03-03 23:01:57 #3 type] 
Type domain.Question is not enhanced.

[2020-03-03 23:01:57 #4 type] 
Type domain.Event is not enhanced.

[2020-03-03 23:01:57 #5 type] 
Type domain.User is not enhanced.

[2020-03-03 23:01:57 #6 type] 
Type domain.Admin is not enhanced.

[2020-03-03 23:01:57 #7 type] 
Type domain.RegularUser is not enhanced.

[2020-03-03 23:01:57 #8 type] 
Type domain.Kuota is not enhanced.

