------------------------------------------------------------------------------------------------------------------------

[2020-03-26 00:01:20 #1 store] 
Database 'C:\Users\Iraitz\eclipse-workspace\bets2020\src\main\resources\bets.temp' is opened by 5276@LAPTOP-TVD0RTF2

[2020-03-26 00:01:20 #2 type] 
Type domain.Question is not enhanced.

[2020-03-26 00:01:20 #3 type] 
Type domain.Event is not enhanced.

[2020-03-26 00:01:20 #4 type] 
Type domain.User is not enhanced.

[2020-03-26 00:01:20 #5 type] 
Type domain.Admin is not enhanced.

[2020-03-26 00:01:20 #6 type] 
Type domain.RegularUser is not enhanced.

[2020-03-26 00:01:20 #7 type] 
Type domain.Kuota is not enhanced.

[2020-03-26 00:01:20 #8 type] 
Type domain.Bet is not enhanced.

------------------------------------------------------------------------------------------------------------------------

[2020-03-26 00:05:03 #1 store] 
Database 'C:\Users\Iraitz\eclipse-workspace\bets2020\src\main\resources\bets.temp' is opened by 1832@LAPTOP-TVD0RTF2

[2020-03-26 00:05:04 #2 type] 
Type domain.Question is not enhanced.

[2020-03-26 00:05:04 #3 type] 
Type domain.Event is not enhanced.

[2020-03-26 00:05:04 #4 type] 
Type domain.User is not enhanced.

[2020-03-26 00:05:04 #5 type] 
Type domain.Admin is not enhanced.

[2020-03-26 00:05:04 #6 type] 
Type domain.RegularUser is not enhanced.

[2020-03-26 00:05:04 #7 type] 
Type domain.Kuota is not enhanced.

[2020-03-26 00:05:04 #8 type] 
Type domain.Bet is not enhanced.

------------------------------------------------------------------------------------------------------------------------

[2020-03-26 00:19:56 #1 store] 
Database 'C:\Users\Iraitz\eclipse-workspace\bets2020\src\main\resources\bets.temp' is opened by 3092@LAPTOP-TVD0RTF2

[2020-03-26 00:19:57 #2 type] 
Type domain.Question is not enhanced.

[2020-03-26 00:19:57 #3 type] 
Type domain.Event is not enhanced.

[2020-03-26 00:19:57 #4 type] 
Type domain.User is not enhanced.

[2020-03-26 00:19:57 #5 type] 
Type domain.Admin is not enhanced.

[2020-03-26 00:19:57 #6 type] 
Type domain.RegularUser is not enhanced.

[2020-03-26 00:19:57 #7 type] 
Type domain.Kuota is not enhanced.

[2020-03-26 00:19:57 #8 type] 
Type domain.Bet is not enhanced.

------------------------------------------------------------------------------------------------------------------------

[2020-03-26 00:23:19 #1 store] 
Database 'C:\Users\Iraitz\eclipse-workspace\bets2020\src\main\resources\bets.temp' is opened by 1892@LAPTOP-TVD0RTF2

[2020-03-26 00:23:19 #2 type] 
Type domain.Question is not enhanced.

[2020-03-26 00:23:19 #3 type] 
Type domain.Event is not enhanced.

[2020-03-26 00:23:19 #4 type] 
Type domain.User is not enhanced.

[2020-03-26 00:23:19 #5 type] 
Type domain.Admin is not enhanced.

[2020-03-26 00:23:19 #6 type] 
Type domain.RegularUser is not enhanced.

[2020-03-26 00:23:19 #7 type] 
Type domain.Kuota is not enhanced.

[2020-03-26 00:23:19 #8 type] 
Type domain.Bet is not enhanced.

------------------------------------------------------------------------------------------------------------------------

[2020-03-26 00:27:22 #1 store] 
Database 'C:\Users\Iraitz\eclipse-workspace\bets2020\src\main\resources\bets.temp' is opened by 9900@LAPTOP-TVD0RTF2

[2020-03-26 00:27:23 #2 type] 
Type domain.Question is not enhanced.

[2020-03-26 00:27:23 #3 type] 
Type domain.Event is not enhanced.

[2020-03-26 00:27:23 #4 type] 
Type domain.User is not enhanced.

[2020-03-26 00:27:23 #5 type] 
Type domain.Admin is not enhanced.

[2020-03-26 00:27:23 #6 type] 
Type domain.RegularUser is not enhanced.

[2020-03-26 00:27:23 #7 type] 
Type domain.Kuota is not enhanced.

[2020-03-26 00:27:23 #8 type] 
Type domain.Bet is not enhanced.

------------------------------------------------------------------------------------------------------------------------

[2020-03-26 00:28:16 #1 store] 
Database 'C:\Users\Iraitz\eclipse-workspace\bets2020\src\main\resources\bets.temp' is opened by 13732@LAPTOP-TVD0RTF2

[2020-03-26 00:28:16 #2 type] 
Type domain.Question is not enhanced.

[2020-03-26 00:28:16 #3 type] 
Type domain.Event is not enhanced.

[2020-03-26 00:28:16 #4 type] 
Type domain.User is not enhanced.

[2020-03-26 00:28:16 #5 type] 
Type domain.Admin is not enhanced.

[2020-03-26 00:28:16 #6 type] 
Type domain.RegularUser is not enhanced.

[2020-03-26 00:28:16 #7 type] 
Type domain.Kuota is not enhanced.

[2020-03-26 00:28:16 #8 type] 
Type domain.Bet is not enhanced.

------------------------------------------------------------------------------------------------------------------------

[2020-03-26 11:45:40 #1 store] 
Database 'C:\Users\Iraitz\eclipse-workspace\bets2020\src\main\resources\bets.temp' is opened by 8504@LAPTOP-TVD0RTF2

[2020-03-26 11:45:40 #2 type] 
Type domain.Question is not enhanced.

[2020-03-26 11:45:40 #3 type] 
Type domain.Event is not enhanced.

[2020-03-26 11:45:40 #4 type] 
Type domain.User is not enhanced.

[2020-03-26 11:45:40 #5 type] 
Type domain.Admin is not enhanced.

[2020-03-26 11:45:40 #6 type] 
Type domain.RegularUser is not enhanced.

[2020-03-26 11:45:40 #7 type] 
Type domain.Kuota is not enhanced.

[2020-03-26 11:45:40 #8 type] 
Type domain.Bet is not enhanced.

------------------------------------------------------------------------------------------------------------------------

[2020-03-26 11:47:39 #1 store] 
Database 'C:\Users\Iraitz\eclipse-workspace\bets2020\src\main\resources\bets.temp' is opened by 12032@LAPTOP-TVD0RTF2

[2020-03-26 11:47:39 #2 type] 
Type domain.Question is not enhanced.

[2020-03-26 11:47:39 #3 type] 
Type domain.Event is not enhanced.

[2020-03-26 11:47:39 #4 type] 
Type domain.User is not enhanced.

[2020-03-26 11:47:39 #5 type] 
Type domain.Admin is not enhanced.

[2020-03-26 11:47:39 #6 type] 
Type domain.RegularUser is not enhanced.

[2020-03-26 11:47:39 #7 type] 
Type domain.Kuota is not enhanced.

[2020-03-26 11:47:39 #8 type] 
Type domain.Bet is not enhanced.

------------------------------------------------------------------------------------------------------------------------

[2020-03-26 11:49:32 #1 store] 
Database 'C:\Users\Iraitz\eclipse-workspace\bets2020\src\main\resources\bets.temp' is opened by 5048@LAPTOP-TVD0RTF2

[2020-03-26 11:49:32 #2 type] 
Type domain.Question is not enhanced.

[2020-03-26 11:49:32 #3 type] 
Type domain.Event is not enhanced.

[2020-03-26 11:49:32 #4 type] 
Type domain.User is not enhanced.

[2020-03-26 11:49:32 #5 type] 
Type domain.Admin is not enhanced.

[2020-03-26 11:49:32 #6 type] 
Type domain.RegularUser is not enhanced.

[2020-03-26 11:49:32 #7 type] 
Type domain.Kuota is not enhanced.

[2020-03-26 11:49:32 #8 type] 
Type domain.Bet is not enhanced.

------------------------------------------------------------------------------------------------------------------------

[2020-03-26 12:02:02 #1 store] 
Database 'C:\Users\Iraitz\eclipse-workspace\bets2020\src\main\resources\bets.temp' is opened by 12876@LAPTOP-TVD0RTF2

[2020-03-26 12:02:02 #2 type] 
Type domain.Question is not enhanced.

[2020-03-26 12:02:02 #3 type] 
Type domain.Event is not enhanced.

[2020-03-26 12:02:02 #4 type] 
Type domain.User is not enhanced.

[2020-03-26 12:02:02 #5 type] 
Type domain.Admin is not enhanced.

[2020-03-26 12:02:02 #6 type] 
Type domain.RegularUser is not enhanced.

[2020-03-26 12:02:02 #7 type] 
Type domain.Kuota is not enhanced.

[2020-03-26 12:02:02 #8 type] 
Type domain.Bet is not enhanced.

------------------------------------------------------------------------------------------------------------------------

[2020-03-26 12:10:14 #1 store] 
Database 'C:\Users\Iraitz\eclipse-workspace\bets2020\src\main\resources\bets.temp' is opened by 14192@LAPTOP-TVD0RTF2

[2020-03-26 12:10:14 #2 type] 
Type domain.Question is not enhanced.

[2020-03-26 12:10:14 #3 type] 
Type domain.Event is not enhanced.

[2020-03-26 12:10:14 #4 type] 
Type domain.User is not enhanced.

[2020-03-26 12:10:14 #5 type] 
Type domain.Admin is not enhanced.

[2020-03-26 12:10:14 #6 type] 
Type domain.RegularUser is not enhanced.

[2020-03-26 12:10:14 #7 type] 
Type domain.Kuota is not enhanced.

[2020-03-26 12:10:14 #8 type] 
Type domain.Bet is not enhanced.

------------------------------------------------------------------------------------------------------------------------

[2020-03-26 12:12:14 #1 store] 
Database 'C:\Users\Iraitz\eclipse-workspace\bets2020\src\main\resources\bets.temp' is opened by 9160@LAPTOP-TVD0RTF2

[2020-03-26 12:12:15 #2 type] 
Type domain.Question is not enhanced.

[2020-03-26 12:12:15 #3 type] 
Type domain.Event is not enhanced.

[2020-03-26 12:12:15 #4 type] 
Type domain.User is not enhanced.

[2020-03-26 12:12:15 #5 type] 
Type domain.Admin is not enhanced.

[2020-03-26 12:12:15 #6 type] 
Type domain.RegularUser is not enhanced.

[2020-03-26 12:12:15 #7 type] 
Type domain.Kuota is not enhanced.

[2020-03-26 12:12:15 #8 type] 
Type domain.Bet is not enhanced.

------------------------------------------------------------------------------------------------------------------------

[2020-03-26 12:13:44 #1 store] 
Database 'C:\Users\Iraitz\eclipse-workspace\bets2020\src\main\resources\bets.temp' is opened by 12880@LAPTOP-TVD0RTF2

[2020-03-26 12:13:44 #2 type] 
Type domain.Question is not enhanced.

[2020-03-26 12:13:44 #3 type] 
Type domain.Event is not enhanced.

[2020-03-26 12:13:44 #4 type] 
Type domain.User is not enhanced.

[2020-03-26 12:13:44 #5 type] 
Type domain.Admin is not enhanced.

[2020-03-26 12:13:44 #6 type] 
Type domain.RegularUser is not enhanced.

[2020-03-26 12:13:44 #7 type] 
Type domain.Kuota is not enhanced.

[2020-03-26 12:13:44 #8 type] 
Type domain.Bet is not enhanced.

------------------------------------------------------------------------------------------------------------------------

[2020-03-26 12:20:41 #1 store] 
Database 'C:\Users\Iraitz\eclipse-workspace\bets2020\src\main\resources\bets.temp' is opened by 4868@LAPTOP-TVD0RTF2

[2020-03-26 12:20:41 #2 type] 
Type domain.Question is not enhanced.

[2020-03-26 12:20:41 #3 type] 
Type domain.Event is not enhanced.

[2020-03-26 12:20:41 #4 type] 
Type domain.User is not enhanced.

[2020-03-26 12:20:41 #5 type] 
Type domain.Admin is not enhanced.

[2020-03-26 12:20:41 #6 type] 
Type domain.RegularUser is not enhanced.

[2020-03-26 12:20:41 #7 type] 
Type domain.Kuota is not enhanced.

[2020-03-26 12:20:41 #8 type] 
Type domain.Bet is not enhanced.

