<<<<<<< HEAD
------------------------------------------------------------------------------------------------------------------------

[2020-04-27 22:07:27 #1 store] 
Database 'B:\Documentos\Eclipse uni\bets2020\src\main\resources\bets.temp' has been recovered (tr. 571-588)

[2020-04-27 22:07:27 #2 store] 
Database 'B:\Documentos\Eclipse uni\bets2020\src\main\resources\bets.temp' is opened by 13364@DESKTOP-M1R57FE

[2020-04-27 22:07:27 #3 type] 
Type domain.Question is not enhanced.

[2020-04-27 22:07:27 #4 type] 
Type domain.Event is not enhanced.

[2020-04-27 22:07:27 #5 type] 
Type domain.User is not enhanced.

[2020-04-27 22:07:27 #6 type] 
Type domain.Admin is not enhanced.

[2020-04-27 22:07:27 #7 type] 
Type domain.RegularUser is not enhanced.

[2020-04-27 22:07:27 #8 type] 
Type domain.Kuota is not enhanced.

[2020-04-27 22:07:27 #9 type] 
Type domain.Bet is not enhanced.

[2020-04-27 22:07:27 #10 type] 
Type domain.Wallet is not enhanced.

[2020-04-27 22:07:27 #11 type] 
Type domain.Movement is not enhanced.

------------------------------------------------------------------------------------------------------------------------

[2020-04-27 22:09:50 #1 store] 
Database 'B:\Documentos\Eclipse uni\bets2020\src\main\resources\bets.temp' has been recovered (tr. 589-589)

[2020-04-27 22:09:50 #2 store] 
Database 'B:\Documentos\Eclipse uni\bets2020\src\main\resources\bets.temp' is opened by 5364@DESKTOP-M1R57FE

[2020-04-27 22:09:50 #3 type] 
Type domain.Question is not enhanced.

[2020-04-27 22:09:50 #4 type] 
Type domain.Event is not enhanced.

[2020-04-27 22:09:50 #5 type] 
Type domain.User is not enhanced.

[2020-04-27 22:09:50 #6 type] 
Type domain.Admin is not enhanced.

[2020-04-27 22:09:50 #7 type] 
Type domain.RegularUser is not enhanced.

[2020-04-27 22:09:50 #8 type] 
Type domain.Kuota is not enhanced.

[2020-04-27 22:09:50 #9 type] 
Type domain.Bet is not enhanced.

[2020-04-27 22:09:50 #10 type] 
Type domain.Wallet is not enhanced.

[2020-04-27 22:09:50 #11 type] 
Type domain.Movement is not enhanced.

=======
------------------------------------------------------------------------------------------------------------------------

[2020-04-27 17:53:12 #1 store] 
Database 'C:\Users\Iraitz\eclipse-workspace\bets2020\src\main\resources\bets.temp' has been recovered (tr. 589-595)

[2020-04-27 17:53:12 #2 store] 
Database 'C:\Users\Iraitz\eclipse-workspace\bets2020\src\main\resources\bets.temp' is opened by 9636@LAPTOP-TVD0RTF2

[2020-04-27 17:53:13 #3 type] 
Type domain.Question is not enhanced.

[2020-04-27 17:53:13 #4 type] 
Type domain.Event is not enhanced.

[2020-04-27 17:53:13 #5 type] 
Type domain.User is not enhanced.

[2020-04-27 17:53:13 #6 type] 
Type domain.Admin is not enhanced.

[2020-04-27 17:53:13 #7 type] 
Type domain.RegularUser is not enhanced.

[2020-04-27 17:53:13 #8 type] 
Type domain.Kuota is not enhanced.

[2020-04-27 17:53:13 #9 type] 
Type domain.Bet is not enhanced.

[2020-04-27 17:53:13 #10 type] 
Type domain.Wallet is not enhanced.

[2020-04-27 17:53:13 #11 type] 
Type domain.Movement is not enhanced.

------------------------------------------------------------------------------------------------------------------------

[2020-04-27 17:58:25 #1 store] 
Database 'C:\Users\Iraitz\eclipse-workspace\bets2020\src\main\resources\bets.temp' is opened by 14220@LAPTOP-TVD0RTF2

[2020-04-27 17:58:25 #2 type] 
Type domain.Question is not enhanced.

[2020-04-27 17:58:25 #3 type] 
Type domain.Event is not enhanced.

[2020-04-27 17:58:25 #4 type] 
Type domain.User is not enhanced.

[2020-04-27 17:58:25 #5 type] 
Type domain.Admin is not enhanced.

[2020-04-27 17:58:25 #6 type] 
Type domain.RegularUser is not enhanced.

[2020-04-27 17:58:25 #7 type] 
Type domain.Kuota is not enhanced.

[2020-04-27 17:58:25 #8 type] 
Type domain.Bet is not enhanced.

[2020-04-27 17:58:25 #9 type] 
Type domain.Wallet is not enhanced.

[2020-04-27 17:58:25 #10 type] 
Type domain.Movement is not enhanced.

------------------------------------------------------------------------------------------------------------------------

[2020-04-27 18:00:50 #1 store] 
Database 'C:\Users\Iraitz\eclipse-workspace\bets2020\src\main\resources\bets.temp' is opened by 12000@LAPTOP-TVD0RTF2

[2020-04-27 18:00:51 #2 type] 
Type domain.Question is not enhanced.

[2020-04-27 18:00:51 #3 type] 
Type domain.Event is not enhanced.

[2020-04-27 18:00:51 #4 type] 
Type domain.User is not enhanced.

[2020-04-27 18:00:51 #5 type] 
Type domain.Admin is not enhanced.

[2020-04-27 18:00:51 #6 type] 
Type domain.RegularUser is not enhanced.

[2020-04-27 18:00:51 #7 type] 
Type domain.Kuota is not enhanced.

[2020-04-27 18:00:51 #8 type] 
Type domain.Bet is not enhanced.

[2020-04-27 18:00:51 #9 type] 
Type domain.Wallet is not enhanced.

[2020-04-27 18:00:51 #10 type] 
Type domain.Movement is not enhanced.

------------------------------------------------------------------------------------------------------------------------

[2020-04-27 18:21:56 #1 store] 
Database 'C:\Users\Iraitz\eclipse-workspace\bets2020\src\main\resources\bets.temp' has been recovered (tr. 596-602)

[2020-04-27 18:21:56 #2 store] 
Database 'C:\Users\Iraitz\eclipse-workspace\bets2020\src\main\resources\bets.temp' is opened by 4708@LAPTOP-TVD0RTF2

[2020-04-27 18:21:56 #3 type] 
Type domain.Question is not enhanced.

[2020-04-27 18:21:56 #4 type] 
Type domain.Event is not enhanced.

[2020-04-27 18:21:56 #5 type] 
Type domain.User is not enhanced.

[2020-04-27 18:21:56 #6 type] 
Type domain.Admin is not enhanced.

[2020-04-27 18:21:56 #7 type] 
Type domain.RegularUser is not enhanced.

[2020-04-27 18:21:56 #8 type] 
Type domain.Kuota is not enhanced.

[2020-04-27 18:21:56 #9 type] 
Type domain.Bet is not enhanced.

[2020-04-27 18:21:56 #10 type] 
Type domain.Wallet is not enhanced.

[2020-04-27 18:21:56 #11 type] 
Type domain.Movement is not enhanced.

------------------------------------------------------------------------------------------------------------------------

[2020-04-27 18:27:39 #1 store] 
Database 'C:\Users\Iraitz\eclipse-workspace\bets2020\src\main\resources\bets.temp' has been recovered (tr. 603-605)

[2020-04-27 18:27:39 #2 store] 
Database 'C:\Users\Iraitz\eclipse-workspace\bets2020\src\main\resources\bets.temp' is opened by 4628@LAPTOP-TVD0RTF2

[2020-04-27 18:27:39 #3 type] 
Type domain.Question is not enhanced.

[2020-04-27 18:27:39 #4 type] 
Type domain.Event is not enhanced.

[2020-04-27 18:27:39 #5 type] 
Type domain.User is not enhanced.

[2020-04-27 18:27:39 #6 type] 
Type domain.Admin is not enhanced.

[2020-04-27 18:27:39 #7 type] 
Type domain.RegularUser is not enhanced.

[2020-04-27 18:27:39 #8 type] 
Type domain.Kuota is not enhanced.

[2020-04-27 18:27:39 #9 type] 
Type domain.Bet is not enhanced.

[2020-04-27 18:27:39 #10 type] 
Type domain.Wallet is not enhanced.

[2020-04-27 18:27:39 #11 type] 
Type domain.Movement is not enhanced.

------------------------------------------------------------------------------------------------------------------------

[2020-04-27 18:41:49 #1 store] 
Database 'C:\Users\Iraitz\eclipse-workspace\bets2020\src\main\resources\bets.temp' has been recovered (tr. 606-609)

[2020-04-27 18:41:49 #2 store] 
Database 'C:\Users\Iraitz\eclipse-workspace\bets2020\src\main\resources\bets.temp' is opened by 11540@LAPTOP-TVD0RTF2

[2020-04-27 18:41:49 #3 type] 
Type domain.Question is not enhanced.

[2020-04-27 18:41:49 #4 type] 
Type domain.Event is not enhanced.

[2020-04-27 18:41:49 #5 type] 
Type domain.User is not enhanced.

[2020-04-27 18:41:49 #6 type] 
Type domain.Admin is not enhanced.

[2020-04-27 18:41:49 #7 type] 
Type domain.RegularUser is not enhanced.

[2020-04-27 18:41:50 #8 type] 
Type domain.Kuota is not enhanced.

[2020-04-27 18:41:50 #9 type] 
Type domain.Bet is not enhanced.

[2020-04-27 18:41:50 #10 type] 
Type domain.Wallet is not enhanced.

[2020-04-27 18:41:50 #11 type] 
Type domain.Movement is not enhanced.

------------------------------------------------------------------------------------------------------------------------

[2020-04-27 18:44:02 #1 store] 
Database 'C:\Users\Iraitz\eclipse-workspace\bets2020\src\main\resources\bets.temp' is opened by 6432@LAPTOP-TVD0RTF2

[2020-04-27 18:44:03 #2 type] 
Type domain.Question is not enhanced.

[2020-04-27 18:44:03 #3 type] 
Type domain.Event is not enhanced.

[2020-04-27 18:44:03 #4 type] 
Type domain.User is not enhanced.

[2020-04-27 18:44:03 #5 type] 
Type domain.Admin is not enhanced.

[2020-04-27 18:44:03 #6 type] 
Type domain.RegularUser is not enhanced.

[2020-04-27 18:44:03 #7 type] 
Type domain.Kuota is not enhanced.

[2020-04-27 18:44:03 #8 type] 
Type domain.Bet is not enhanced.

[2020-04-27 18:44:03 #9 type] 
Type domain.Wallet is not enhanced.

[2020-04-27 18:44:03 #10 type] 
Type domain.Movement is not enhanced.

------------------------------------------------------------------------------------------------------------------------

[2020-04-27 18:50:41 #1 store] 
Database 'C:\Users\Iraitz\eclipse-workspace\bets2020\src\main\resources\bets.temp' is opened by 8092@LAPTOP-TVD0RTF2

[2020-04-27 18:50:41 #2 type] 
Type domain.Question is not enhanced.

[2020-04-27 18:50:41 #3 type] 
Type domain.Event is not enhanced.

[2020-04-27 18:50:41 #4 type] 
Type domain.User is not enhanced.

[2020-04-27 18:50:41 #5 type] 
Type domain.Admin is not enhanced.

[2020-04-27 18:50:41 #6 type] 
Type domain.RegularUser is not enhanced.

[2020-04-27 18:50:41 #7 type] 
Type domain.Kuota is not enhanced.

[2020-04-27 18:50:41 #8 type] 
Type domain.Bet is not enhanced.

[2020-04-27 18:50:41 #9 type] 
Type domain.Wallet is not enhanced.

[2020-04-27 18:50:41 #10 type] 
Type domain.Movement is not enhanced.

------------------------------------------------------------------------------------------------------------------------

[2020-04-27 18:53:17 #1 store] 
Database 'C:\Users\Iraitz\eclipse-workspace\bets2020\src\main\resources\bets.temp' is opened by 6828@LAPTOP-TVD0RTF2

[2020-04-27 18:53:18 #2 type] 
Type domain.Question is not enhanced.

[2020-04-27 18:53:18 #3 type] 
Type domain.Event is not enhanced.

[2020-04-27 18:53:18 #4 type] 
Type domain.User is not enhanced.

[2020-04-27 18:53:18 #5 type] 
Type domain.Admin is not enhanced.

[2020-04-27 18:53:18 #6 type] 
Type domain.RegularUser is not enhanced.

[2020-04-27 18:53:18 #7 type] 
Type domain.Kuota is not enhanced.

[2020-04-27 18:53:18 #8 type] 
Type domain.Bet is not enhanced.

[2020-04-27 18:53:18 #9 type] 
Type domain.Wallet is not enhanced.

[2020-04-27 18:53:18 #10 type] 
Type domain.Movement is not enhanced.

------------------------------------------------------------------------------------------------------------------------

[2020-04-27 18:55:20 #1 store] 
Database 'C:\Users\Iraitz\eclipse-workspace\bets2020\src\main\resources\bets.temp' is opened by 14768@LAPTOP-TVD0RTF2

[2020-04-27 18:55:21 #2 type] 
Type domain.Question is not enhanced.

[2020-04-27 18:55:21 #3 type] 
Type domain.Event is not enhanced.

[2020-04-27 18:55:21 #4 type] 
Type domain.User is not enhanced.

[2020-04-27 18:55:21 #5 type] 
Type domain.Admin is not enhanced.

[2020-04-27 18:55:21 #6 type] 
Type domain.RegularUser is not enhanced.

[2020-04-27 18:55:21 #7 type] 
Type domain.Kuota is not enhanced.

[2020-04-27 18:55:21 #8 type] 
Type domain.Bet is not enhanced.

[2020-04-27 18:55:21 #9 type] 
Type domain.Wallet is not enhanced.

[2020-04-27 18:55:21 #10 type] 
Type domain.Movement is not enhanced.

------------------------------------------------------------------------------------------------------------------------

[2020-04-27 18:57:41 #1 store] 
Database 'C:\Users\Iraitz\eclipse-workspace\bets2020\src\main\resources\bets.temp' is opened by 13928@LAPTOP-TVD0RTF2

[2020-04-27 18:57:41 #2 type] 
Type domain.Question is not enhanced.

[2020-04-27 18:57:41 #3 type] 
Type domain.Event is not enhanced.

[2020-04-27 18:57:41 #4 type] 
Type domain.User is not enhanced.

[2020-04-27 18:57:41 #5 type] 
Type domain.Admin is not enhanced.

[2020-04-27 18:57:41 #6 type] 
Type domain.RegularUser is not enhanced.

[2020-04-27 18:57:41 #7 type] 
Type domain.Kuota is not enhanced.

[2020-04-27 18:57:41 #8 type] 
Type domain.Bet is not enhanced.

[2020-04-27 18:57:41 #9 type] 
Type domain.Wallet is not enhanced.

[2020-04-27 18:57:41 #10 type] 
Type domain.Movement is not enhanced.

------------------------------------------------------------------------------------------------------------------------

[2020-04-27 19:00:32 #1 store] 
Database 'C:\Users\Iraitz\eclipse-workspace\bets2020\src\main\resources\bets.temp' is opened by 11836@LAPTOP-TVD0RTF2

[2020-04-27 19:00:32 #2 type] 
Type domain.Question is not enhanced.

[2020-04-27 19:00:32 #3 type] 
Type domain.Event is not enhanced.

[2020-04-27 19:00:32 #4 type] 
Type domain.User is not enhanced.

[2020-04-27 19:00:32 #5 type] 
Type domain.Admin is not enhanced.

[2020-04-27 19:00:32 #6 type] 
Type domain.RegularUser is not enhanced.

[2020-04-27 19:00:32 #7 type] 
Type domain.Kuota is not enhanced.

[2020-04-27 19:00:32 #8 type] 
Type domain.Bet is not enhanced.

[2020-04-27 19:00:32 #9 type] 
Type domain.Wallet is not enhanced.

[2020-04-27 19:00:32 #10 type] 
Type domain.Movement is not enhanced.

------------------------------------------------------------------------------------------------------------------------

[2020-04-27 19:04:39 #1 store] 
Database 'C:\Users\Iraitz\eclipse-workspace\bets2020\src\main\resources\bets.temp' is opened by 12584@LAPTOP-TVD0RTF2

[2020-04-27 19:04:39 #2 type] 
Type domain.Question is not enhanced.

[2020-04-27 19:04:39 #3 type] 
Type domain.Event is not enhanced.

[2020-04-27 19:04:39 #4 type] 
Type domain.User is not enhanced.

[2020-04-27 19:04:39 #5 type] 
Type domain.Admin is not enhanced.

[2020-04-27 19:04:39 #6 type] 
Type domain.RegularUser is not enhanced.

[2020-04-27 19:04:39 #7 type] 
Type domain.Kuota is not enhanced.

[2020-04-27 19:04:39 #8 type] 
Type domain.Bet is not enhanced.

[2020-04-27 19:04:39 #9 type] 
Type domain.Wallet is not enhanced.

[2020-04-27 19:04:39 #10 type] 
Type domain.Movement is not enhanced.

------------------------------------------------------------------------------------------------------------------------

[2020-04-27 19:07:06 #1 store] 
Database 'C:\Users\Iraitz\eclipse-workspace\bets2020\src\main\resources\bets.temp' is opened by 13124@LAPTOP-TVD0RTF2

[2020-04-27 19:07:06 #2 type] 
Type domain.Question is not enhanced.

[2020-04-27 19:07:06 #3 type] 
Type domain.Event is not enhanced.

[2020-04-27 19:07:06 #4 type] 
Type domain.User is not enhanced.

[2020-04-27 19:07:06 #5 type] 
Type domain.Admin is not enhanced.

[2020-04-27 19:07:06 #6 type] 
Type domain.RegularUser is not enhanced.

[2020-04-27 19:07:06 #7 type] 
Type domain.Kuota is not enhanced.

[2020-04-27 19:07:06 #8 type] 
Type domain.Bet is not enhanced.

[2020-04-27 19:07:06 #9 type] 
Type domain.Wallet is not enhanced.

[2020-04-27 19:07:06 #10 type] 
Type domain.Movement is not enhanced.

------------------------------------------------------------------------------------------------------------------------

[2020-04-27 19:08:24 #1 store] 
Database 'C:\Users\Iraitz\eclipse-workspace\bets2020\src\main\resources\bets.temp' is opened by 1740@LAPTOP-TVD0RTF2

[2020-04-27 19:08:25 #2 type] 
Type domain.Question is not enhanced.

[2020-04-27 19:08:25 #3 type] 
Type domain.Event is not enhanced.

[2020-04-27 19:08:25 #4 type] 
Type domain.User is not enhanced.

[2020-04-27 19:08:25 #5 type] 
Type domain.Admin is not enhanced.

[2020-04-27 19:08:25 #6 type] 
Type domain.RegularUser is not enhanced.

[2020-04-27 19:08:25 #7 type] 
Type domain.Kuota is not enhanced.

[2020-04-27 19:08:25 #8 type] 
Type domain.Bet is not enhanced.

[2020-04-27 19:08:25 #9 type] 
Type domain.Wallet is not enhanced.

[2020-04-27 19:08:25 #10 type] 
Type domain.Movement is not enhanced.

------------------------------------------------------------------------------------------------------------------------

[2020-04-27 19:11:15 #1 store] 
Database 'C:\Users\Iraitz\eclipse-workspace\bets2020\src\main\resources\bets.temp' is opened by 6656@LAPTOP-TVD0RTF2

[2020-04-27 19:11:16 #2 type] 
Type domain.Question is not enhanced.

[2020-04-27 19:11:16 #3 type] 
Type domain.Event is not enhanced.

[2020-04-27 19:11:16 #4 type] 
Type domain.User is not enhanced.

[2020-04-27 19:11:16 #5 type] 
Type domain.Admin is not enhanced.

[2020-04-27 19:11:16 #6 type] 
Type domain.RegularUser is not enhanced.

[2020-04-27 19:11:16 #7 type] 
Type domain.Kuota is not enhanced.

[2020-04-27 19:11:16 #8 type] 
Type domain.Bet is not enhanced.

[2020-04-27 19:11:16 #9 type] 
Type domain.Wallet is not enhanced.

[2020-04-27 19:11:16 #10 type] 
Type domain.Movement is not enhanced.

------------------------------------------------------------------------------------------------------------------------

[2020-04-27 19:12:29 #1 store] 
Database 'C:\Users\Iraitz\eclipse-workspace\bets2020\src\main\resources\bets.temp' is opened by 5908@LAPTOP-TVD0RTF2

[2020-04-27 19:12:29 #2 type] 
Type domain.Question is not enhanced.

[2020-04-27 19:12:29 #3 type] 
Type domain.Event is not enhanced.

[2020-04-27 19:12:29 #4 type] 
Type domain.User is not enhanced.

[2020-04-27 19:12:29 #5 type] 
Type domain.Admin is not enhanced.

[2020-04-27 19:12:29 #6 type] 
Type domain.RegularUser is not enhanced.

[2020-04-27 19:12:29 #7 type] 
Type domain.Kuota is not enhanced.

[2020-04-27 19:12:29 #8 type] 
Type domain.Bet is not enhanced.

[2020-04-27 19:12:29 #9 type] 
Type domain.Wallet is not enhanced.

[2020-04-27 19:12:29 #10 type] 
Type domain.Movement is not enhanced.

------------------------------------------------------------------------------------------------------------------------

[2020-04-27 19:16:26 #1 store] 
Database 'C:\Users\Iraitz\eclipse-workspace\bets2020\src\main\resources\bets.temp' is opened by 6080@LAPTOP-TVD0RTF2

[2020-04-27 19:16:26 #2 type] 
Type domain.Question is not enhanced.

[2020-04-27 19:16:26 #3 type] 
Type domain.Event is not enhanced.

[2020-04-27 19:16:26 #4 type] 
Type domain.User is not enhanced.

[2020-04-27 19:16:26 #5 type] 
Type domain.Admin is not enhanced.

[2020-04-27 19:16:26 #6 type] 
Type domain.RegularUser is not enhanced.

[2020-04-27 19:16:26 #7 type] 
Type domain.Kuota is not enhanced.

[2020-04-27 19:16:26 #8 type] 
Type domain.Bet is not enhanced.

[2020-04-27 19:16:26 #9 type] 
Type domain.Wallet is not enhanced.

[2020-04-27 19:16:26 #10 type] 
Type domain.Movement is not enhanced.

------------------------------------------------------------------------------------------------------------------------

[2020-04-27 19:19:48 #1 store] 
Database 'C:\Users\Iraitz\eclipse-workspace\bets2020\src\main\resources\bets.temp' is opened by 8980@LAPTOP-TVD0RTF2

[2020-04-27 19:19:48 #2 type] 
Type domain.Question is not enhanced.

[2020-04-27 19:19:48 #3 type] 
Type domain.Event is not enhanced.

[2020-04-27 19:19:48 #4 type] 
Type domain.User is not enhanced.

[2020-04-27 19:19:48 #5 type] 
Type domain.Admin is not enhanced.

[2020-04-27 19:19:48 #6 type] 
Type domain.RegularUser is not enhanced.

[2020-04-27 19:19:48 #7 type] 
Type domain.Kuota is not enhanced.

[2020-04-27 19:19:48 #8 type] 
Type domain.Bet is not enhanced.

[2020-04-27 19:19:48 #9 type] 
Type domain.Wallet is not enhanced.

[2020-04-27 19:19:48 #10 type] 
Type domain.Movement is not enhanced.

------------------------------------------------------------------------------------------------------------------------

[2020-04-27 19:20:14 #1 store] 
Database 'C:\Users\Iraitz\eclipse-workspace\bets2020\src\main\resources\bets.temp' is opened by 6864@LAPTOP-TVD0RTF2

[2020-04-27 19:20:15 #2 type] 
Type domain.Question is not enhanced.

[2020-04-27 19:20:15 #3 type] 
Type domain.Event is not enhanced.

[2020-04-27 19:20:15 #4 type] 
Type domain.User is not enhanced.

[2020-04-27 19:20:15 #5 type] 
Type domain.Admin is not enhanced.

[2020-04-27 19:20:15 #6 type] 
Type domain.RegularUser is not enhanced.

[2020-04-27 19:20:15 #7 type] 
Type domain.Kuota is not enhanced.

[2020-04-27 19:20:15 #8 type] 
Type domain.Bet is not enhanced.

[2020-04-27 19:20:15 #9 type] 
Type domain.Wallet is not enhanced.

[2020-04-27 19:20:15 #10 type] 
Type domain.Movement is not enhanced.

------------------------------------------------------------------------------------------------------------------------

[2020-04-27 19:23:16 #1 store] 
Database 'C:\Users\Iraitz\eclipse-workspace\bets2020\src\main\resources\bets.temp' is opened by 5588@LAPTOP-TVD0RTF2

[2020-04-27 19:23:16 #2 type] 
Type domain.Question is not enhanced.

[2020-04-27 19:23:16 #3 type] 
Type domain.Event is not enhanced.

[2020-04-27 19:23:16 #4 type] 
Type domain.User is not enhanced.

[2020-04-27 19:23:16 #5 type] 
Type domain.Admin is not enhanced.

[2020-04-27 19:23:16 #6 type] 
Type domain.RegularUser is not enhanced.

[2020-04-27 19:23:16 #7 type] 
Type domain.Kuota is not enhanced.

[2020-04-27 19:23:16 #8 type] 
Type domain.Bet is not enhanced.

[2020-04-27 19:23:16 #9 type] 
Type domain.Wallet is not enhanced.

[2020-04-27 19:23:16 #10 type] 
Type domain.Movement is not enhanced.

------------------------------------------------------------------------------------------------------------------------

[2020-04-27 19:29:10 #1 store] 
Database 'C:\Users\Iraitz\eclipse-workspace\bets2020\src\main\resources\bets.temp' is opened by 14268@LAPTOP-TVD0RTF2

[2020-04-27 19:29:11 #2 type] 
Type domain.Question is not enhanced.

[2020-04-27 19:29:11 #3 type] 
Type domain.Event is not enhanced.

[2020-04-27 19:29:11 #4 type] 
Type domain.User is not enhanced.

[2020-04-27 19:29:11 #5 type] 
Type domain.Admin is not enhanced.

[2020-04-27 19:29:11 #6 type] 
Type domain.RegularUser is not enhanced.

[2020-04-27 19:29:11 #7 type] 
Type domain.Kuota is not enhanced.

[2020-04-27 19:29:11 #8 type] 
Type domain.Bet is not enhanced.

[2020-04-27 19:29:11 #9 type] 
Type domain.Wallet is not enhanced.

[2020-04-27 19:29:11 #10 type] 
Type domain.Movement is not enhanced.

------------------------------------------------------------------------------------------------------------------------

[2020-04-27 19:30:04 #1 store] 
Database 'C:\Users\Iraitz\eclipse-workspace\bets2020\src\main\resources\bets.temp' is opened by 2084@LAPTOP-TVD0RTF2

[2020-04-27 19:30:04 #2 type] 
Type domain.Question is not enhanced.

[2020-04-27 19:30:04 #3 type] 
Type domain.Event is not enhanced.

[2020-04-27 19:30:04 #4 type] 
Type domain.User is not enhanced.

[2020-04-27 19:30:04 #5 type] 
Type domain.Admin is not enhanced.

[2020-04-27 19:30:04 #6 type] 
Type domain.RegularUser is not enhanced.

[2020-04-27 19:30:04 #7 type] 
Type domain.Kuota is not enhanced.

[2020-04-27 19:30:04 #8 type] 
Type domain.Bet is not enhanced.

[2020-04-27 19:30:04 #9 type] 
Type domain.Wallet is not enhanced.

[2020-04-27 19:30:04 #10 type] 
Type domain.Movement is not enhanced.

------------------------------------------------------------------------------------------------------------------------

[2020-04-27 19:40:27 #1 store] 
Database 'C:\Users\Iraitz\eclipse-workspace\bets2020\src\main\resources\bets.temp' is opened by 8052@LAPTOP-TVD0RTF2

[2020-04-27 19:40:27 #2 type] 
Type domain.Question is not enhanced.

[2020-04-27 19:40:27 #3 type] 
Type domain.Event is not enhanced.

[2020-04-27 19:40:27 #4 type] 
Type domain.User is not enhanced.

[2020-04-27 19:40:27 #5 type] 
Type domain.Admin is not enhanced.

[2020-04-27 19:40:27 #6 type] 
Type domain.RegularUser is not enhanced.

[2020-04-27 19:40:27 #7 type] 
Type domain.Kuota is not enhanced.

[2020-04-27 19:40:27 #8 type] 
Type domain.Bet is not enhanced.

[2020-04-27 19:40:27 #9 type] 
Type domain.Wallet is not enhanced.

[2020-04-27 19:40:27 #10 type] 
Type domain.Movement is not enhanced.

------------------------------------------------------------------------------------------------------------------------

[2020-04-27 19:45:04 #1 store] 
Database 'C:\Users\Iraitz\eclipse-workspace\bets2020\src\main\resources\bets.temp' is opened by 2824@LAPTOP-TVD0RTF2

[2020-04-27 19:45:05 #2 type] 
Type domain.Question is not enhanced.

[2020-04-27 19:45:05 #3 type] 
Type domain.Event is not enhanced.

[2020-04-27 19:45:05 #4 type] 
Type domain.User is not enhanced.

[2020-04-27 19:45:05 #5 type] 
Type domain.Admin is not enhanced.

[2020-04-27 19:45:05 #6 type] 
Type domain.RegularUser is not enhanced.

[2020-04-27 19:45:05 #7 type] 
Type domain.Kuota is not enhanced.

[2020-04-27 19:45:05 #8 type] 
Type domain.Bet is not enhanced.

[2020-04-27 19:45:05 #9 type] 
Type domain.Wallet is not enhanced.

[2020-04-27 19:45:05 #10 type] 
Type domain.Movement is not enhanced.

------------------------------------------------------------------------------------------------------------------------

[2020-04-27 19:49:18 #1 store] 
Database 'C:\Users\Iraitz\eclipse-workspace\bets2020\src\main\resources\bets.temp' is opened by 14136@LAPTOP-TVD0RTF2

[2020-04-27 19:49:18 #2 type] 
Type domain.Question is not enhanced.

[2020-04-27 19:49:18 #3 type] 
Type domain.Event is not enhanced.

[2020-04-27 19:49:18 #4 type] 
Type domain.User is not enhanced.

[2020-04-27 19:49:18 #5 type] 
Type domain.Admin is not enhanced.

[2020-04-27 19:49:18 #6 type] 
Type domain.RegularUser is not enhanced.

[2020-04-27 19:49:18 #7 type] 
Type domain.Kuota is not enhanced.

[2020-04-27 19:49:18 #8 type] 
Type domain.Bet is not enhanced.

[2020-04-27 19:49:18 #9 type] 
Type domain.Wallet is not enhanced.

[2020-04-27 19:49:18 #10 type] 
Type domain.Movement is not enhanced.

------------------------------------------------------------------------------------------------------------------------

[2020-04-27 19:50:45 #1 store] 
Database 'C:\Users\Iraitz\eclipse-workspace\bets2020\src\main\resources\bets.temp' is opened by 11000@LAPTOP-TVD0RTF2

[2020-04-27 19:50:45 #2 type] 
Type domain.Question is not enhanced.

[2020-04-27 19:50:45 #3 type] 
Type domain.Event is not enhanced.

[2020-04-27 19:50:45 #4 type] 
Type domain.User is not enhanced.

[2020-04-27 19:50:45 #5 type] 
Type domain.Admin is not enhanced.

[2020-04-27 19:50:45 #6 type] 
Type domain.RegularUser is not enhanced.

[2020-04-27 19:50:45 #7 type] 
Type domain.Kuota is not enhanced.

[2020-04-27 19:50:45 #8 type] 
Type domain.Bet is not enhanced.

[2020-04-27 19:50:45 #9 type] 
Type domain.Wallet is not enhanced.

[2020-04-27 19:50:45 #10 type] 
Type domain.Movement is not enhanced.

------------------------------------------------------------------------------------------------------------------------

[2020-04-27 19:53:53 #1 store] 
Database 'C:\Users\Iraitz\eclipse-workspace\bets2020\src\main\resources\bets.temp' has been recovered (tr. 616-620)

[2020-04-27 19:53:53 #2 store] 
Database 'C:\Users\Iraitz\eclipse-workspace\bets2020\src\main\resources\bets.temp' is opened by 4664@LAPTOP-TVD0RTF2

[2020-04-27 19:53:54 #3 type] 
Type domain.Question is not enhanced.

[2020-04-27 19:53:54 #4 type] 
Type domain.Event is not enhanced.

[2020-04-27 19:53:54 #5 type] 
Type domain.User is not enhanced.

[2020-04-27 19:53:54 #6 type] 
Type domain.Admin is not enhanced.

[2020-04-27 19:53:54 #7 type] 
Type domain.RegularUser is not enhanced.

[2020-04-27 19:53:54 #8 type] 
Type domain.Kuota is not enhanced.

[2020-04-27 19:53:54 #9 type] 
Type domain.Bet is not enhanced.

[2020-04-27 19:53:54 #10 type] 
Type domain.Wallet is not enhanced.

[2020-04-27 19:53:54 #11 type] 
Type domain.Movement is not enhanced.

------------------------------------------------------------------------------------------------------------------------

[2020-04-27 19:54:25 #1 store] 
Database 'C:\Users\Iraitz\eclipse-workspace\bets2020\src\main\resources\bets.temp' is opened by 6024@LAPTOP-TVD0RTF2

[2020-04-27 19:54:26 #2 type] 
Type domain.Question is not enhanced.

[2020-04-27 19:54:26 #3 type] 
Type domain.Event is not enhanced.

[2020-04-27 19:54:26 #4 type] 
Type domain.User is not enhanced.

[2020-04-27 19:54:26 #5 type] 
Type domain.Admin is not enhanced.

[2020-04-27 19:54:26 #6 type] 
Type domain.RegularUser is not enhanced.

[2020-04-27 19:54:26 #7 type] 
Type domain.Kuota is not enhanced.

[2020-04-27 19:54:26 #8 type] 
Type domain.Bet is not enhanced.

[2020-04-27 19:54:26 #9 type] 
Type domain.Wallet is not enhanced.

[2020-04-27 19:54:26 #10 type] 
Type domain.Movement is not enhanced.

------------------------------------------------------------------------------------------------------------------------

[2020-04-27 20:40:12 #1 store] 
Database 'C:\Users\Iraitz\eclipse-workspace\bets2020\src\main\resources\bets.temp' is opened by 10012@LAPTOP-TVD0RTF2

[2020-04-27 20:40:12 #2 type] 
Type domain.Question is not enhanced.

[2020-04-27 20:40:12 #3 type] 
Type domain.Event is not enhanced.

[2020-04-27 20:40:12 #4 type] 
Type domain.User is not enhanced.

[2020-04-27 20:40:12 #5 type] 
Type domain.Admin is not enhanced.

[2020-04-27 20:40:12 #6 type] 
Type domain.RegularUser is not enhanced.

[2020-04-27 20:40:12 #7 type] 
Type domain.Kuota is not enhanced.

[2020-04-27 20:40:12 #8 type] 
Type domain.Bet is not enhanced.

[2020-04-27 20:40:12 #9 type] 
Type domain.Wallet is not enhanced.

[2020-04-27 20:40:12 #10 type] 
Type domain.Movement is not enhanced.

------------------------------------------------------------------------------------------------------------------------

[2020-04-27 20:42:09 #1 store] 
Database 'C:\Users\Iraitz\eclipse-workspace\bets2020\src\main\resources\bets.temp' is opened by 13928@LAPTOP-TVD0RTF2

[2020-04-27 20:42:09 #2 type] 
Type domain.Question is not enhanced.

[2020-04-27 20:42:09 #3 type] 
Type domain.Event is not enhanced.

[2020-04-27 20:42:09 #4 type] 
Type domain.User is not enhanced.

[2020-04-27 20:42:09 #5 type] 
Type domain.Admin is not enhanced.

[2020-04-27 20:42:09 #6 type] 
Type domain.RegularUser is not enhanced.

[2020-04-27 20:42:09 #7 type] 
Type domain.Kuota is not enhanced.

[2020-04-27 20:42:09 #8 type] 
Type domain.Bet is not enhanced.

[2020-04-27 20:42:09 #9 type] 
Type domain.Wallet is not enhanced.

[2020-04-27 20:42:09 #10 type] 
Type domain.Movement is not enhanced.

------------------------------------------------------------------------------------------------------------------------

[2020-04-27 20:51:29 #1 store] 
Database 'C:\Users\Iraitz\eclipse-workspace\bets2020\src\main\resources\bets.temp' is opened by 1224@LAPTOP-TVD0RTF2

[2020-04-27 20:51:29 #2 type] 
Type domain.Question is not enhanced.

[2020-04-27 20:51:29 #3 type] 
Type domain.Event is not enhanced.

[2020-04-27 20:51:29 #4 type] 
Type domain.User is not enhanced.

[2020-04-27 20:51:29 #5 type] 
Type domain.Admin is not enhanced.

[2020-04-27 20:51:29 #6 type] 
Type domain.RegularUser is not enhanced.

[2020-04-27 20:51:29 #7 type] 
Type domain.Kuota is not enhanced.

[2020-04-27 20:51:29 #8 type] 
Type domain.Bet is not enhanced.

[2020-04-27 20:51:29 #9 type] 
Type domain.Wallet is not enhanced.

[2020-04-27 20:51:29 #10 type] 
Type domain.Movement is not enhanced.

------------------------------------------------------------------------------------------------------------------------

[2020-04-27 20:53:09 #1 store] 
Database 'C:\Users\Iraitz\eclipse-workspace\bets2020\src\main\resources\bets.temp' is opened by 8028@LAPTOP-TVD0RTF2

[2020-04-27 20:53:09 #2 type] 
Type domain.Question is not enhanced.

[2020-04-27 20:53:09 #3 type] 
Type domain.Event is not enhanced.

[2020-04-27 20:53:09 #4 type] 
Type domain.User is not enhanced.

[2020-04-27 20:53:09 #5 type] 
Type domain.Admin is not enhanced.

[2020-04-27 20:53:09 #6 type] 
Type domain.RegularUser is not enhanced.

[2020-04-27 20:53:09 #7 type] 
Type domain.Kuota is not enhanced.

[2020-04-27 20:53:09 #8 type] 
Type domain.Bet is not enhanced.

[2020-04-27 20:53:09 #9 type] 
Type domain.Wallet is not enhanced.

[2020-04-27 20:53:09 #10 type] 
Type domain.Movement is not enhanced.

<<<<<<< HEAD
------------------------------------------------------------------------------------------------------------------------

[2020-04-27 21:39:31 #1 store] 
Database 'C:\Users\Iraitz\eclipse-workspace\bets2020\src\main\resources\bets.temp' has been recovered (tr. 621-632)

[2020-04-27 21:39:31 #2 store] 
Database 'C:\Users\Iraitz\eclipse-workspace\bets2020\src\main\resources\bets.temp' is opened by 14768@LAPTOP-TVD0RTF2

[2020-04-27 21:39:31 #3 type] 
Type domain.Question is not enhanced.

[2020-04-27 21:39:31 #4 type] 
Type domain.Event is not enhanced.

[2020-04-27 21:39:31 #5 type] 
Type domain.User is not enhanced.

[2020-04-27 21:39:31 #6 type] 
Type domain.Admin is not enhanced.

[2020-04-27 21:39:31 #7 type] 
Type domain.RegularUser is not enhanced.

[2020-04-27 21:39:31 #8 type] 
Type domain.Kuota is not enhanced.

[2020-04-27 21:39:31 #9 type] 
Type domain.Bet is not enhanced.

[2020-04-27 21:39:31 #10 type] 
Type domain.Wallet is not enhanced.

[2020-04-27 21:39:31 #11 type] 
Type domain.Movement is not enhanced.

------------------------------------------------------------------------------------------------------------------------

[2020-04-27 21:40:43 #1 store] 
Database 'C:\Users\Iraitz\eclipse-workspace\bets2020\src\main\resources\bets.temp' has been recovered (tr. 633-637)

[2020-04-27 21:40:43 #2 store] 
Database 'C:\Users\Iraitz\eclipse-workspace\bets2020\src\main\resources\bets.temp' is opened by 4956@LAPTOP-TVD0RTF2

[2020-04-27 21:40:44 #3 type] 
Type domain.Question is not enhanced.

[2020-04-27 21:40:44 #4 type] 
Type domain.Event is not enhanced.

[2020-04-27 21:40:44 #5 type] 
Type domain.User is not enhanced.

[2020-04-27 21:40:44 #6 type] 
Type domain.Admin is not enhanced.

[2020-04-27 21:40:44 #7 type] 
Type domain.RegularUser is not enhanced.

[2020-04-27 21:40:44 #8 type] 
Type domain.Kuota is not enhanced.

[2020-04-27 21:40:44 #9 type] 
Type domain.Bet is not enhanced.

[2020-04-27 21:40:44 #10 type] 
Type domain.Movement is not enhanced.

------------------------------------------------------------------------------------------------------------------------

[2020-04-27 21:43:31 #1 store] 
Database 'C:\Users\Iraitz\eclipse-workspace\bets2020\src\main\resources\bets.temp' has been recovered (tr. 638-646)

[2020-04-27 21:43:31 #2 store] 
Database 'C:\Users\Iraitz\eclipse-workspace\bets2020\src\main\resources\bets.temp' is opened by 12820@LAPTOP-TVD0RTF2

[2020-04-27 21:43:31 #3 type] 
Type domain.Question is not enhanced.

[2020-04-27 21:43:31 #4 type] 
Type domain.Event is not enhanced.

[2020-04-27 21:43:31 #5 type] 
Type domain.User is not enhanced.

[2020-04-27 21:43:31 #6 type] 
Type domain.Admin is not enhanced.

[2020-04-27 21:43:31 #7 type] 
Type domain.RegularUser is not enhanced.

[2020-04-27 21:43:31 #8 type] 
Type domain.Kuota is not enhanced.

[2020-04-27 21:43:31 #9 type] 
Type domain.Bet is not enhanced.

[2020-04-27 21:43:31 #10 type] 
Type domain.Movement is not enhanced.

------------------------------------------------------------------------------------------------------------------------

[2020-04-27 21:54:24 #1 store] 
Database 'C:\Users\Iraitz\eclipse-workspace\bets2020\src\main\resources\bets.temp' has been recovered (tr. 647-648)

[2020-04-27 21:54:24 #2 store] 
Database 'C:\Users\Iraitz\eclipse-workspace\bets2020\src\main\resources\bets.temp' is opened by 2292@LAPTOP-TVD0RTF2

[2020-04-27 21:54:24 #3 type] 
Type domain.Question is not enhanced.

[2020-04-27 21:54:24 #4 type] 
Type domain.Event is not enhanced.

[2020-04-27 21:54:24 #5 type] 
Type domain.User is not enhanced.

[2020-04-27 21:54:24 #6 type] 
Type domain.Admin is not enhanced.

[2020-04-27 21:54:24 #7 type] 
Type domain.RegularUser is not enhanced.

[2020-04-27 21:54:24 #8 type] 
Type domain.Kuota is not enhanced.

[2020-04-27 21:54:24 #9 type] 
Type domain.Bet is not enhanced.

[2020-04-27 21:54:24 #10 type] 
Type domain.Movement is not enhanced.

------------------------------------------------------------------------------------------------------------------------

[2020-04-27 21:57:01 #1 store] 
Database 'C:\Users\Iraitz\eclipse-workspace\bets2020\src\main\resources\bets.temp' is opened by 8156@LAPTOP-TVD0RTF2

[2020-04-27 21:57:01 #2 type] 
Type domain.Question is not enhanced.

[2020-04-27 21:57:01 #3 type] 
Type domain.Event is not enhanced.

[2020-04-27 21:57:01 #4 type] 
Type domain.User is not enhanced.

[2020-04-27 21:57:01 #5 type] 
Type domain.Admin is not enhanced.

[2020-04-27 21:57:01 #6 type] 
Type domain.RegularUser is not enhanced.

[2020-04-27 21:57:01 #7 type] 
Type domain.Kuota is not enhanced.

[2020-04-27 21:57:01 #8 type] 
Type domain.Bet is not enhanced.

[2020-04-27 21:57:01 #9 type] 
Type domain.Movement is not enhanced.

------------------------------------------------------------------------------------------------------------------------

[2020-04-27 22:28:45 #1 store] 
Database 'C:\Users\Iraitz\eclipse-workspace\bets2020\src\main\resources\bets.temp' is opened by 1448@LAPTOP-TVD0RTF2

[2020-04-27 22:28:45 #2 type] 
Type domain.Question is not enhanced.

[2020-04-27 22:28:45 #3 type] 
Type domain.Event is not enhanced.

[2020-04-27 22:28:45 #4 type] 
Type domain.User is not enhanced.

[2020-04-27 22:28:45 #5 type] 
Type domain.Admin is not enhanced.

[2020-04-27 22:28:45 #6 type] 
Type domain.RegularUser is not enhanced.

[2020-04-27 22:28:45 #7 type] 
Type domain.Kuota is not enhanced.

[2020-04-27 22:28:45 #8 type] 
Type domain.Bet is not enhanced.

[2020-04-27 22:28:45 #9 type] 
Type domain.Movement is not enhanced.

------------------------------------------------------------------------------------------------------------------------

[2020-04-27 22:35:14 #1 store] 
Database 'C:\Users\Iraitz\eclipse-workspace\bets2020\src\main\resources\bets.temp' has been recovered (tr. 649-651)

[2020-04-27 22:35:14 #2 store] 
Database 'C:\Users\Iraitz\eclipse-workspace\bets2020\src\main\resources\bets.temp' is opened by 5452@LAPTOP-TVD0RTF2

[2020-04-27 22:35:15 #3 type] 
Type domain.Question is not enhanced.

[2020-04-27 22:35:15 #4 type] 
Type domain.Event is not enhanced.

[2020-04-27 22:35:15 #5 type] 
Type domain.User is not enhanced.

[2020-04-27 22:35:15 #6 type] 
Type domain.Admin is not enhanced.

[2020-04-27 22:35:15 #7 type] 
Type domain.RegularUser is not enhanced.

[2020-04-27 22:35:15 #8 type] 
Type domain.Kuota is not enhanced.

[2020-04-27 22:35:15 #9 type] 
Type domain.Bet is not enhanced.

[2020-04-27 22:35:15 #10 type] 
Type domain.Movement is not enhanced.

------------------------------------------------------------------------------------------------------------------------

[2020-04-27 22:36:34 #1 store] 
Database 'C:\Users\Iraitz\eclipse-workspace\bets2020\src\main\resources\bets.temp' has been recovered (tr. 652-654)

[2020-04-27 22:36:34 #2 store] 
Database 'C:\Users\Iraitz\eclipse-workspace\bets2020\src\main\resources\bets.temp' is opened by 8824@LAPTOP-TVD0RTF2

[2020-04-27 22:36:34 #3 type] 
Type domain.Question is not enhanced.

[2020-04-27 22:36:34 #4 type] 
Type domain.Event is not enhanced.

[2020-04-27 22:36:34 #5 type] 
Type domain.User is not enhanced.

[2020-04-27 22:36:34 #6 type] 
Type domain.Admin is not enhanced.

[2020-04-27 22:36:34 #7 type] 
Type domain.RegularUser is not enhanced.

[2020-04-27 22:36:34 #8 type] 
Type domain.Kuota is not enhanced.

[2020-04-27 22:36:34 #9 type] 
Type domain.Bet is not enhanced.

[2020-04-27 22:36:34 #10 type] 
Type domain.Movement is not enhanced.

------------------------------------------------------------------------------------------------------------------------

[2020-04-27 22:40:13 #1 store] 
Database 'C:\Users\Iraitz\eclipse-workspace\bets2020\src\main\resources\bets.temp' has been recovered (tr. 655-658)

[2020-04-27 22:40:13 #2 store] 
Database 'C:\Users\Iraitz\eclipse-workspace\bets2020\src\main\resources\bets.temp' is opened by 9356@LAPTOP-TVD0RTF2

[2020-04-27 22:40:13 #3 type] 
Type domain.Question is not enhanced.

[2020-04-27 22:40:13 #4 type] 
Type domain.Event is not enhanced.

[2020-04-27 22:40:13 #5 type] 
Type domain.User is not enhanced.

[2020-04-27 22:40:13 #6 type] 
Type domain.Admin is not enhanced.

[2020-04-27 22:40:13 #7 type] 
Type domain.RegularUser is not enhanced.

[2020-04-27 22:40:13 #8 type] 
Type domain.Kuota is not enhanced.

[2020-04-27 22:40:13 #9 type] 
Type domain.Bet is not enhanced.

[2020-04-27 22:40:13 #10 type] 
Type domain.Movement is not enhanced.

------------------------------------------------------------------------------------------------------------------------

[2020-04-27 22:52:07 #1 store] 
Database 'C:\Users\Iraitz\eclipse-workspace\bets2020\src\main\resources\bets.temp' has been recovered (tr. 659-664)

[2020-04-27 22:52:07 #2 store] 
Database 'C:\Users\Iraitz\eclipse-workspace\bets2020\src\main\resources\bets.temp' is opened by 12812@LAPTOP-TVD0RTF2

[2020-04-27 22:52:08 #3 type] 
Type domain.Question is not enhanced.

[2020-04-27 22:52:08 #4 type] 
Type domain.Event is not enhanced.

[2020-04-27 22:52:08 #5 type] 
Type domain.User is not enhanced.

[2020-04-27 22:52:08 #6 type] 
Type domain.Admin is not enhanced.

[2020-04-27 22:52:08 #7 type] 
Type domain.RegularUser is not enhanced.

[2020-04-27 22:52:08 #8 type] 
Type domain.Kuota is not enhanced.

[2020-04-27 22:52:08 #9 type] 
Type domain.Bet is not enhanced.

[2020-04-27 22:52:08 #10 type] 
Type domain.Movement is not enhanced.

------------------------------------------------------------------------------------------------------------------------

[2020-04-27 22:59:35 #1 store] 
Database 'C:\Users\Iraitz\eclipse-workspace\bets2020\src\main\resources\bets.temp' has been recovered (tr. 665-671)

[2020-04-27 22:59:35 #2 store] 
Database 'C:\Users\Iraitz\eclipse-workspace\bets2020\src\main\resources\bets.temp' is opened by 4616@LAPTOP-TVD0RTF2

[2020-04-27 22:59:35 #3 type] 
Type domain.Question is not enhanced.

[2020-04-27 22:59:35 #4 type] 
Type domain.Event is not enhanced.

[2020-04-27 22:59:35 #5 type] 
Type domain.User is not enhanced.

[2020-04-27 22:59:35 #6 type] 
Type domain.Admin is not enhanced.

[2020-04-27 22:59:35 #7 type] 
Type domain.RegularUser is not enhanced.

[2020-04-27 22:59:35 #8 type] 
Type domain.Kuota is not enhanced.

[2020-04-27 22:59:35 #9 type] 
Type domain.Bet is not enhanced.

[2020-04-27 22:59:35 #10 type] 
Type domain.Movement is not enhanced.

------------------------------------------------------------------------------------------------------------------------

[2020-04-27 23:15:41 #1 store] 
Database 'C:\Users\Iraitz\eclipse-workspace\bets2020\src\main\resources\bets.temp' has been recovered (tr. 672-687)

[2020-04-27 23:15:41 #2 store] 
Database 'C:\Users\Iraitz\eclipse-workspace\bets2020\src\main\resources\bets.temp' is opened by 5484@LAPTOP-TVD0RTF2

[2020-04-27 23:15:41 #3 type] 
Type domain.Question is not enhanced.

[2020-04-27 23:15:41 #4 type] 
Type domain.Event is not enhanced.

[2020-04-27 23:15:41 #5 type] 
Type domain.User is not enhanced.

[2020-04-27 23:15:41 #6 type] 
Type domain.Admin is not enhanced.

[2020-04-27 23:15:41 #7 type] 
Type domain.RegularUser is not enhanced.

[2020-04-27 23:15:41 #8 type] 
Type domain.Kuota is not enhanced.

[2020-04-27 23:15:41 #9 type] 
Type domain.Bet is not enhanced.

[2020-04-27 23:15:41 #10 type] 
Type domain.Movement is not enhanced.

=======
>>>>>>> dda747ca92db4315b47ed60aea6a06448b993822
>>>>>>> d03a404d40e07c73b5b1412140f4430dbeec7d33
------------------------------------------------------------------------------------------------------------------------

[2020-04-27 23:35:49 #1 store] 
Database 'C:\Users\Iraitz\eclipse-workspace\bets2020\src\main\resources\bets.temp' has been recovered (tr. 688-693)

[2020-04-27 23:35:49 #2 store] 
Database 'C:\Users\Iraitz\eclipse-workspace\bets2020\src\main\resources\bets.temp' is opened by 14256@LAPTOP-TVD0RTF2

[2020-04-27 23:35:50 #3 type] 
Type domain.Question is not enhanced.

[2020-04-27 23:35:50 #4 type] 
Type domain.Event is not enhanced.

[2020-04-27 23:35:50 #5 type] 
Type domain.User is not enhanced.

[2020-04-27 23:35:50 #6 type] 
Type domain.Admin is not enhanced.

[2020-04-27 23:35:50 #7 type] 
Type domain.RegularUser is not enhanced.

[2020-04-27 23:35:50 #8 type] 
Type domain.Kuota is not enhanced.

[2020-04-27 23:35:50 #9 type] 
Type domain.Bet is not enhanced.

[2020-04-27 23:35:50 #10 type] 
Type domain.Movement is not enhanced.

------------------------------------------------------------------------------------------------------------------------

[2020-04-27 23:39:13 #1 store] 
Database 'C:\Users\Iraitz\eclipse-workspace\bets2020\src\main\resources\bets.temp' has been recovered (tr. 694-701)

[2020-04-27 23:39:13 #2 store] 
Database 'C:\Users\Iraitz\eclipse-workspace\bets2020\src\main\resources\bets.temp' is opened by 6892@LAPTOP-TVD0RTF2

[2020-04-27 23:39:13 #3 type] 
Type domain.Question is not enhanced.

[2020-04-27 23:39:13 #4 type] 
Type domain.Event is not enhanced.

[2020-04-27 23:39:13 #5 type] 
Type domain.User is not enhanced.

[2020-04-27 23:39:13 #6 type] 
Type domain.Admin is not enhanced.

[2020-04-27 23:39:13 #7 type] 
Type domain.RegularUser is not enhanced.

[2020-04-27 23:39:13 #8 type] 
Type domain.Kuota is not enhanced.

[2020-04-27 23:39:13 #9 type] 
Type domain.Bet is not enhanced.

[2020-04-27 23:39:13 #10 type] 
Type domain.Movement is not enhanced.

