------------------------------------------------------------------------------------------------------------------------

[2020-03-25 00:17:16 #1 store] 
Database 'C:\Users\Iraitz\eclipse-workspace\bets2020\src\main\resources\bets.temp' is opened by 14448@LAPTOP-TVD0RTF2

[2020-03-25 00:17:17 #2 type] 
Type domain.Question is not enhanced.

[2020-03-25 00:17:17 #3 type] 
Type domain.Event is not enhanced.

[2020-03-25 00:17:17 #4 type] 
Type domain.User is not enhanced.

[2020-03-25 00:17:17 #5 type] 
Type domain.Admin is not enhanced.

[2020-03-25 00:17:17 #6 type] 
Type domain.RegularUser is not enhanced.

[2020-03-25 00:17:17 #7 type] 
Type domain.Kuota is not enhanced.

[2020-03-25 00:17:17 #8 type] 
Type domain.Bet is not enhanced.

------------------------------------------------------------------------------------------------------------------------

[2020-03-25 00:19:37 #1 store] 
Database 'C:\Users\Iraitz\eclipse-workspace\bets2020\src\main\resources\bets.temp' is opened by 8348@LAPTOP-TVD0RTF2

[2020-03-25 00:19:37 #2 type] 
Type domain.Question is not enhanced.

[2020-03-25 00:19:37 #3 type] 
Type domain.Event is not enhanced.

[2020-03-25 00:19:37 #4 type] 
Type domain.User is not enhanced.

[2020-03-25 00:19:37 #5 type] 
Type domain.Admin is not enhanced.

[2020-03-25 00:19:37 #6 type] 
Type domain.RegularUser is not enhanced.

[2020-03-25 00:19:37 #7 type] 
Type domain.Kuota is not enhanced.

[2020-03-25 00:19:37 #8 type] 
Type domain.Bet is not enhanced.

------------------------------------------------------------------------------------------------------------------------

[2020-03-25 00:21:00 #1 store] 
Database 'C:\Users\Iraitz\eclipse-workspace\bets2020\src\main\resources\bets.temp' is opened by 14552@LAPTOP-TVD0RTF2

[2020-03-25 00:21:00 #2 type] 
Type domain.Question is not enhanced.

[2020-03-25 00:21:00 #3 type] 
Type domain.Event is not enhanced.

[2020-03-25 00:21:00 #4 type] 
Type domain.User is not enhanced.

[2020-03-25 00:21:00 #5 type] 
Type domain.Admin is not enhanced.

[2020-03-25 00:21:00 #6 type] 
Type domain.RegularUser is not enhanced.

[2020-03-25 00:21:00 #7 type] 
Type domain.Kuota is not enhanced.

[2020-03-25 00:21:00 #8 type] 
Type domain.Bet is not enhanced.

------------------------------------------------------------------------------------------------------------------------

[2020-03-25 18:31:46 #1 store] 
Database 'C:\Users\Iraitz\eclipse-workspace\bets2020\src\main\resources\bets.temp' is opened by 9436@LAPTOP-TVD0RTF2

[2020-03-25 18:31:47 #2 type] 
Type domain.Question is not enhanced.

[2020-03-25 18:31:47 #3 type] 
Type domain.Event is not enhanced.

[2020-03-25 18:31:47 #4 type] 
Type domain.User is not enhanced.

[2020-03-25 18:31:47 #5 type] 
Type domain.Admin is not enhanced.

[2020-03-25 18:31:47 #6 type] 
Type domain.RegularUser is not enhanced.

[2020-03-25 18:31:47 #7 type] 
Type domain.Kuota is not enhanced.

[2020-03-25 18:31:47 #8 type] 
Type domain.Bet is not enhanced.

------------------------------------------------------------------------------------------------------------------------

[2020-03-25 18:33:23 #1 store] 
Database 'C:\Users\Iraitz\eclipse-workspace\bets2020\src\main\resources\bets.temp' is opened by 9660@LAPTOP-TVD0RTF2

[2020-03-25 18:33:23 #2 type] 
Type domain.Question is not enhanced.

[2020-03-25 18:33:23 #3 type] 
Type domain.Event is not enhanced.

[2020-03-25 18:33:23 #4 type] 
Type domain.User is not enhanced.

[2020-03-25 18:33:23 #5 type] 
Type domain.Admin is not enhanced.

[2020-03-25 18:33:23 #6 type] 
Type domain.RegularUser is not enhanced.

[2020-03-25 18:33:23 #7 type] 
Type domain.Kuota is not enhanced.

[2020-03-25 18:33:23 #8 type] 
Type domain.Bet is not enhanced.

------------------------------------------------------------------------------------------------------------------------

[2020-03-25 19:20:04 #1 store] 
Database 'C:\Users\Iraitz\eclipse-workspace\bets2020\src\main\resources\bets.temp' is opened by 4908@LAPTOP-TVD0RTF2

[2020-03-25 19:20:04 #2 type] 
Type domain.Question is not enhanced.

[2020-03-25 19:20:04 #3 type] 
Type domain.Event is not enhanced.

[2020-03-25 19:20:04 #4 type] 
Type domain.User is not enhanced.

[2020-03-25 19:20:04 #5 type] 
Type domain.Admin is not enhanced.

[2020-03-25 19:20:04 #6 type] 
Type domain.RegularUser is not enhanced.

[2020-03-25 19:20:04 #7 type] 
Type domain.Kuota is not enhanced.

[2020-03-25 19:20:04 #8 type] 
Type domain.Bet is not enhanced.

------------------------------------------------------------------------------------------------------------------------

[2020-03-25 19:35:13 #1 store] 
Database 'C:\Users\Iraitz\eclipse-workspace\bets2020\src\main\resources\bets.temp' is opened by 14376@LAPTOP-TVD0RTF2

[2020-03-25 19:35:13 #2 type] 
Type domain.Question is not enhanced.

[2020-03-25 19:35:13 #3 type] 
Type domain.Event is not enhanced.

[2020-03-25 19:35:13 #4 type] 
Type domain.User is not enhanced.

[2020-03-25 19:35:13 #5 type] 
Type domain.Admin is not enhanced.

[2020-03-25 19:35:13 #6 type] 
Type domain.RegularUser is not enhanced.

[2020-03-25 19:35:13 #7 type] 
Type domain.Kuota is not enhanced.

[2020-03-25 19:35:13 #8 type] 
Type domain.Bet is not enhanced.

------------------------------------------------------------------------------------------------------------------------

[2020-03-25 19:38:13 #1 store] 
Database 'C:\Users\Iraitz\eclipse-workspace\bets2020\src\main\resources\bets.temp' is opened by 9540@LAPTOP-TVD0RTF2

[2020-03-25 19:38:14 #2 type] 
Type domain.Question is not enhanced.

[2020-03-25 19:38:14 #3 type] 
Type domain.Event is not enhanced.

[2020-03-25 19:38:14 #4 type] 
Type domain.User is not enhanced.

[2020-03-25 19:38:14 #5 type] 
Type domain.Admin is not enhanced.

[2020-03-25 19:38:14 #6 type] 
Type domain.RegularUser is not enhanced.

[2020-03-25 19:38:14 #7 type] 
Type domain.Kuota is not enhanced.

[2020-03-25 19:38:14 #8 type] 
Type domain.Bet is not enhanced.

------------------------------------------------------------------------------------------------------------------------

[2020-03-25 19:48:51 #1 store] 
Database 'C:\Users\Iraitz\eclipse-workspace\bets2020\src\main\resources\bets.temp' is opened by 6652@LAPTOP-TVD0RTF2

[2020-03-25 19:48:51 #2 type] 
Type domain.Question is not enhanced.

[2020-03-25 19:48:51 #3 type] 
Type domain.Event is not enhanced.

[2020-03-25 19:48:51 #4 type] 
Type domain.User is not enhanced.

[2020-03-25 19:48:51 #5 type] 
Type domain.Admin is not enhanced.

[2020-03-25 19:48:51 #6 type] 
Type domain.RegularUser is not enhanced.

[2020-03-25 19:48:51 #7 type] 
Type domain.Kuota is not enhanced.

[2020-03-25 19:48:51 #8 type] 
Type domain.Bet is not enhanced.

------------------------------------------------------------------------------------------------------------------------

[2020-03-25 19:49:18 #1 store] 
Database 'C:\Users\Iraitz\eclipse-workspace\bets2020\src\main\resources\bets.temp' is opened by 8624@LAPTOP-TVD0RTF2

[2020-03-25 19:49:19 #2 type] 
Type domain.Question is not enhanced.

[2020-03-25 19:49:19 #3 type] 
Type domain.Event is not enhanced.

[2020-03-25 19:49:19 #4 type] 
Type domain.User is not enhanced.

[2020-03-25 19:49:19 #5 type] 
Type domain.Admin is not enhanced.

[2020-03-25 19:49:19 #6 type] 
Type domain.RegularUser is not enhanced.

[2020-03-25 19:49:19 #7 type] 
Type domain.Kuota is not enhanced.

[2020-03-25 19:49:19 #8 type] 
Type domain.Bet is not enhanced.

------------------------------------------------------------------------------------------------------------------------

[2020-03-25 19:51:34 #1 store] 
Database 'C:\Users\Iraitz\eclipse-workspace\bets2020\src\main\resources\bets.temp' is opened by 7508@LAPTOP-TVD0RTF2

[2020-03-25 19:51:34 #2 type] 
Type domain.Question is not enhanced.

[2020-03-25 19:51:34 #3 type] 
Type domain.Event is not enhanced.

[2020-03-25 19:51:34 #4 type] 
Type domain.User is not enhanced.

[2020-03-25 19:51:34 #5 type] 
Type domain.Admin is not enhanced.

[2020-03-25 19:51:34 #6 type] 
Type domain.RegularUser is not enhanced.

[2020-03-25 19:51:34 #7 type] 
Type domain.Kuota is not enhanced.

[2020-03-25 19:51:34 #8 type] 
Type domain.Bet is not enhanced.

------------------------------------------------------------------------------------------------------------------------

[2020-03-25 23:21:03 #1 store] 
Database 'C:\Users\Iraitz\eclipse-workspace\bets2020\src\main\resources\bets.temp' is opened by 12368@LAPTOP-TVD0RTF2

[2020-03-25 23:21:03 #2 type] 
Type domain.Question is not enhanced.

[2020-03-25 23:21:03 #3 type] 
Type domain.Event is not enhanced.

[2020-03-25 23:21:03 #4 type] 
Type domain.User is not enhanced.

[2020-03-25 23:21:03 #5 type] 
Type domain.Admin is not enhanced.

[2020-03-25 23:21:03 #6 type] 
Type domain.RegularUser is not enhanced.

[2020-03-25 23:21:03 #7 type] 
Type domain.Kuota is not enhanced.

[2020-03-25 23:21:03 #8 type] 
Type domain.Bet is not enhanced.

------------------------------------------------------------------------------------------------------------------------

[2020-03-25 23:53:11 #1 store] 
Database 'C:\Users\Iraitz\eclipse-workspace\bets2020\src\main\resources\bets.temp' is opened by 14008@LAPTOP-TVD0RTF2

[2020-03-25 23:53:11 #2 type] 
Type domain.Question is not enhanced.

[2020-03-25 23:53:11 #3 type] 
Type domain.Event is not enhanced.

[2020-03-25 23:53:11 #4 type] 
Type domain.User is not enhanced.

[2020-03-25 23:53:11 #5 type] 
Type domain.Admin is not enhanced.

[2020-03-25 23:53:11 #6 type] 
Type domain.RegularUser is not enhanced.

[2020-03-25 23:53:11 #7 type] 
Type domain.Kuota is not enhanced.

[2020-03-25 23:53:11 #8 type] 
Type domain.Bet is not enhanced.

------------------------------------------------------------------------------------------------------------------------

[2020-03-25 23:55:58 #1 store] 
Database 'C:\Users\Iraitz\eclipse-workspace\bets2020\src\main\resources\bets.temp' is opened by 12564@LAPTOP-TVD0RTF2

[2020-03-25 23:55:58 #2 type] 
Type domain.Question is not enhanced.

[2020-03-25 23:55:58 #3 type] 
Type domain.Event is not enhanced.

[2020-03-25 23:55:58 #4 type] 
Type domain.User is not enhanced.

[2020-03-25 23:55:58 #5 type] 
Type domain.Admin is not enhanced.

[2020-03-25 23:55:58 #6 type] 
Type domain.RegularUser is not enhanced.

[2020-03-25 23:55:58 #7 type] 
Type domain.Kuota is not enhanced.

[2020-03-25 23:55:58 #8 type] 
Type domain.Bet is not enhanced.

------------------------------------------------------------------------------------------------------------------------

[2020-03-25 23:58:33 #1 store] 
Database 'C:\Users\Iraitz\eclipse-workspace\bets2020\src\main\resources\bets.temp' is opened by 15152@LAPTOP-TVD0RTF2

[2020-03-25 23:58:33 #2 type] 
Type domain.Question is not enhanced.

[2020-03-25 23:58:33 #3 type] 
Type domain.Event is not enhanced.

[2020-03-25 23:58:33 #4 type] 
Type domain.User is not enhanced.

[2020-03-25 23:58:33 #5 type] 
Type domain.Admin is not enhanced.

[2020-03-25 23:58:33 #6 type] 
Type domain.RegularUser is not enhanced.

[2020-03-25 23:58:33 #7 type] 
Type domain.Kuota is not enhanced.

[2020-03-25 23:58:33 #8 type] 
Type domain.Bet is not enhanced.

