------------------------------------------------------------------------------------------------------------------------

[2020-03-01 00:47:54 #1 store] 
Database 'B:\Documentos\Eclipse uni\bets2020\src\main\resources\bets.temp' is opened by 584@DESKTOP-M1R57FE

[2020-03-01 00:47:55 #2 type] 
Type domain.Question is not enhanced.

[2020-03-01 00:47:55 #3 type] 
Type domain.Event is not enhanced.

[2020-03-01 00:47:55 #4 type] 
Type domain.User is not enhanced.

[2020-03-01 00:47:55 #5 type.registry] 
New type domain.RegularUser

------------------------------------------------------------------------------------------------------------------------

[2020-03-01 00:55:59 #1 store] 
Database 'B:\Documentos\Eclipse uni\bets2020\src\main\resources\bets.temp' has been recovered (tr. 7-7)

[2020-03-01 00:55:59 #2 store] 
Database 'B:\Documentos\Eclipse uni\bets2020\src\main\resources\bets.temp' is opened by 8740@DESKTOP-M1R57FE

[2020-03-01 00:56:00 #3 type] 
Type domain.Question is not enhanced.

[2020-03-01 00:56:00 #4 type] 
Type domain.Event is not enhanced.

[2020-03-01 00:56:00 #5 type] 
Type domain.RegularUser is not enhanced.

------------------------------------------------------------------------------------------------------------------------

[2020-03-01 00:58:42 #1 store] 
Database 'B:\Documentos\Eclipse uni\bets2020\src\main\resources\bets.temp' has been recovered (tr. 8-8)

[2020-03-01 00:58:42 #2 store] 
Database 'B:\Documentos\Eclipse uni\bets2020\src\main\resources\bets.temp' is opened by 6760@DESKTOP-M1R57FE

[2020-03-01 00:58:42 #3 type] 
Type domain.Question is not enhanced.

[2020-03-01 00:58:42 #4 type] 
Type domain.Event is not enhanced.

[2020-03-01 00:58:42 #5 type] 
Type domain.User is not enhanced.

[2020-03-01 00:58:42 #6 type] 
Type domain.RegularUser is not enhanced.

------------------------------------------------------------------------------------------------------------------------

[2020-03-01 01:01:26 #1 store] 
Database 'B:\Documentos\Eclipse uni\bets2020\src\main\resources\bets.temp' is opened by 14996@DESKTOP-M1R57FE

[2020-03-01 01:01:26 #2 type] 
Type domain.Question is not enhanced.

[2020-03-01 01:01:26 #3 type] 
Type domain.Event is not enhanced.

[2020-03-01 01:01:26 #4 type] 
Type domain.User is not enhanced.

[2020-03-01 01:01:26 #5 type] 
Type domain.RegularUser is not enhanced.

[2020-03-01 01:01:26 #6 type.registry] 
New type domain.Admin

[2020-03-01 01:01:26 #7 type] 
Type domain.Admin is not enhanced.

------------------------------------------------------------------------------------------------------------------------

[2020-03-01 01:14:47 #1 store] 
Database 'B:\Documentos\Eclipse uni\bets2020\src\main\resources\bets.temp' is opened by 7100@DESKTOP-M1R57FE

[2020-03-01 01:14:47 #2 type] 
Type domain.Question is not enhanced.

[2020-03-01 01:14:47 #3 type] 
Type domain.Event is not enhanced.

[2020-03-01 01:14:47 #4 type] 
Type domain.User is not enhanced.

[2020-03-01 01:14:47 #5 type] 
Type domain.RegularUser is not enhanced.

[2020-03-01 01:14:47 #6 type] 
Type domain.Admin is not enhanced.

------------------------------------------------------------------------------------------------------------------------

[2020-03-01 01:21:59 #1 store] 
Database 'B:\Documentos\Eclipse uni\bets2020\src\main\resources\bets.temp' is opened by 3500@DESKTOP-M1R57FE

[2020-03-01 01:21:59 #2 type] 
Type domain.Question is not enhanced.

[2020-03-01 01:21:59 #3 type] 
Type domain.Event is not enhanced.

[2020-03-01 01:21:59 #4 type] 
Type domain.User is not enhanced.

[2020-03-01 01:21:59 #5 type] 
Type domain.RegularUser is not enhanced.

[2020-03-01 01:21:59 #6 type] 
Type domain.Admin is not enhanced.

------------------------------------------------------------------------------------------------------------------------

[2020-03-01 01:24:31 #1 store] 
Database 'B:\Documentos\Eclipse uni\bets2020\src\main\resources\bets.temp' is opened by 4564@DESKTOP-M1R57FE

[2020-03-01 01:24:31 #2 type] 
Type domain.Question is not enhanced.

[2020-03-01 01:24:31 #3 type] 
Type domain.Event is not enhanced.

[2020-03-01 01:24:31 #4 type.registry] 
New type domain.User

[2020-03-01 01:24:31 #5 type] 
Type domain.User is not enhanced.

[2020-03-01 01:24:31 #6 type.registry] 
New type domain.Admin

[2020-03-01 01:24:31 #7 type] 
Type domain.Admin is not enhanced.

------------------------------------------------------------------------------------------------------------------------

[2020-03-01 01:30:02 #1 store] 
Database 'B:\Documentos\Eclipse uni\bets2020\src\main\resources\bets.temp' is opened by 6972@DESKTOP-M1R57FE

[2020-03-01 01:30:02 #2 type] 
Type domain.Question is not enhanced.

[2020-03-01 01:30:02 #3 type] 
Type domain.Event is not enhanced.

[2020-03-01 01:30:02 #4 type] 
Type domain.User is not enhanced.

[2020-03-01 01:30:02 #5 type] 
Type domain.Admin is not enhanced.

[2020-03-01 01:30:02 #6 type.registry] 
New type domain.RegularUser

[2020-03-01 01:30:02 #7 type] 
Type domain.RegularUser is not enhanced.

------------------------------------------------------------------------------------------------------------------------

[2020-03-01 01:32:43 #1 store] 
Database 'B:\Documentos\Eclipse uni\bets2020\src\main\resources\bets.temp' is opened by 6448@DESKTOP-M1R57FE

[2020-03-01 01:32:43 #2 type] 
Type domain.Question is not enhanced.

[2020-03-01 01:32:43 #3 type] 
Type domain.Event is not enhanced.

[2020-03-01 01:32:43 #4 type] 
Type domain.User is not enhanced.

[2020-03-01 01:32:43 #5 type] 
Type domain.Admin is not enhanced.

[2020-03-01 01:32:43 #6 type] 
Type domain.RegularUser is not enhanced.

------------------------------------------------------------------------------------------------------------------------

[2020-03-01 01:35:13 #1 store] 
Database 'B:\Documentos\Eclipse uni\bets2020\src\main\resources\bets.temp' is opened by 8512@DESKTOP-M1R57FE

[2020-03-01 01:35:13 #2 type] 
Type domain.Question is not enhanced.

[2020-03-01 01:35:13 #3 type] 
Type domain.Event is not enhanced.

[2020-03-01 01:35:13 #4 type] 
Type domain.User is not enhanced.

[2020-03-01 01:35:13 #5 type] 
Type domain.Admin is not enhanced.

[2020-03-01 01:35:13 #6 type] 
Type domain.RegularUser is not enhanced.

------------------------------------------------------------------------------------------------------------------------

[2020-03-01 18:21:53 #1 store] 
Database 'B:\Documentos\Eclipse uni\bets2020\src\main\resources\bets.temp' is opened by 7056@DESKTOP-M1R57FE

[2020-03-01 18:21:53 #2 type] 
Type domain.Question is not enhanced.

[2020-03-01 18:21:53 #3 type] 
Type domain.Event is not enhanced.

[2020-03-01 18:21:53 #4 type] 
Type domain.User is not enhanced.

[2020-03-01 18:21:53 #5 type] 
Type domain.Admin is not enhanced.

[2020-03-01 18:21:53 #6 type] 
Type domain.RegularUser is not enhanced.

------------------------------------------------------------------------------------------------------------------------

[2020-03-01 18:22:49 #1 store] 
Database 'B:\Documentos\Eclipse uni\bets2020\src\main\resources\bets.temp' is opened by 13800@DESKTOP-M1R57FE

[2020-03-01 18:22:49 #2 type] 
Type domain.Question is not enhanced.

[2020-03-01 18:22:49 #3 type] 
Type domain.Event is not enhanced.

[2020-03-01 18:22:49 #4 type] 
Type domain.User is not enhanced.

[2020-03-01 18:22:49 #5 type] 
Type domain.Admin is not enhanced.

[2020-03-01 18:22:49 #6 type] 
Type domain.RegularUser is not enhanced.

------------------------------------------------------------------------------------------------------------------------

[2020-03-01 18:24:55 #1 store] 
Database 'B:\Documentos\Eclipse uni\bets2020\src\main\resources\bets.temp' is opened by 3028@DESKTOP-M1R57FE

[2020-03-01 18:24:55 #2 type] 
Type domain.Question is not enhanced.

[2020-03-01 18:24:55 #3 type] 
Type domain.Event is not enhanced.

[2020-03-01 18:24:55 #4 type] 
Type domain.User is not enhanced.

[2020-03-01 18:24:55 #5 type] 
Type domain.Admin is not enhanced.

[2020-03-01 18:24:55 #6 type] 
Type domain.RegularUser is not enhanced.

------------------------------------------------------------------------------------------------------------------------

[2020-03-01 18:25:22 #1 store] 
Database 'B:\Documentos\Eclipse uni\bets2020\src\main\resources\bets.temp' is opened by 5412@DESKTOP-M1R57FE

[2020-03-01 18:25:22 #2 type] 
Type domain.Question is not enhanced.

[2020-03-01 18:25:22 #3 type] 
Type domain.Event is not enhanced.

[2020-03-01 18:25:22 #4 type] 
Type domain.User is not enhanced.

[2020-03-01 18:25:22 #5 type] 
Type domain.Admin is not enhanced.

[2020-03-01 18:25:22 #6 type] 
Type domain.RegularUser is not enhanced.

------------------------------------------------------------------------------------------------------------------------

[2020-03-01 18:27:05 #1 store] 
Database 'B:\Documentos\Eclipse uni\bets2020\src\main\resources\bets.temp' is opened by 2948@DESKTOP-M1R57FE

[2020-03-01 18:27:05 #2 type] 
Type domain.Question is not enhanced.

[2020-03-01 18:27:05 #3 type] 
Type domain.Event is not enhanced.

[2020-03-01 18:27:05 #4 type] 
Type domain.User is not enhanced.

[2020-03-01 18:27:05 #5 type] 
Type domain.Admin is not enhanced.

[2020-03-01 18:27:05 #6 type] 
Type domain.RegularUser is not enhanced.

------------------------------------------------------------------------------------------------------------------------

[2020-03-01 18:27:23 #1 store] 
Database 'B:\Documentos\Eclipse uni\bets2020\src\main\resources\bets.temp' is opened by 9460@DESKTOP-M1R57FE

[2020-03-01 18:27:23 #2 type] 
Type domain.Question is not enhanced.

[2020-03-01 18:27:23 #3 type] 
Type domain.Event is not enhanced.

[2020-03-01 18:27:23 #4 type] 
Type domain.User is not enhanced.

[2020-03-01 18:27:23 #5 type] 
Type domain.Admin is not enhanced.

[2020-03-01 18:27:23 #6 type] 
Type domain.RegularUser is not enhanced.

------------------------------------------------------------------------------------------------------------------------

[2020-03-01 20:16:28 #1 store] 
Database 'C:\Users\Iraitz\eclipse-workspace\bets2020\src\main\resources\bets.temp' is opened by 3444@LAPTOP-TVD0RTF2

[2020-03-01 20:16:28 #2 type] 
Type domain.Question is not enhanced.

[2020-03-01 20:16:28 #3 type] 
Type domain.Event is not enhanced.

[2020-03-01 20:16:28 #4 type] 
Type domain.User is not enhanced.

[2020-03-01 20:16:28 #5 type] 
Type domain.Admin is not enhanced.

[2020-03-01 20:16:28 #6 type] 
Type domain.RegularUser is not enhanced.

------------------------------------------------------------------------------------------------------------------------

[2020-03-01 20:21:48 #1 store] 
Database 'C:\Users\Iraitz\eclipse-workspace\bets2020\src\main\resources\bets.temp' is opened by 10976@LAPTOP-TVD0RTF2

[2020-03-01 20:21:48 #2 type] 
Type domain.Question is not enhanced.

[2020-03-01 20:21:48 #3 type] 
Type domain.Event is not enhanced.

[2020-03-01 20:21:48 #4 type] 
Type domain.User is not enhanced.

[2020-03-01 20:21:48 #5 type] 
Type domain.Admin is not enhanced.

[2020-03-01 20:21:48 #6 type] 
Type domain.RegularUser is not enhanced.

------------------------------------------------------------------------------------------------------------------------

[2020-03-01 20:22:47 #1 store] 
Database 'C:\Users\Iraitz\eclipse-workspace\bets2020\src\main\resources\bets.temp' is opened by 12892@LAPTOP-TVD0RTF2

[2020-03-01 20:22:47 #2 type] 
Type domain.Question is not enhanced.

[2020-03-01 20:22:47 #3 type] 
Type domain.Event is not enhanced.

[2020-03-01 20:22:47 #4 type] 
Type domain.User is not enhanced.

[2020-03-01 20:22:47 #5 type] 
Type domain.Admin is not enhanced.

[2020-03-01 20:22:47 #6 type] 
Type domain.RegularUser is not enhanced.

------------------------------------------------------------------------------------------------------------------------

[2020-03-01 20:55:23 #1 store] 
Database 'C:\Users\Iraitz\eclipse-workspace\bets2020\src\main\resources\bets.temp' is opened by 8864@LAPTOP-TVD0RTF2

[2020-03-01 20:55:24 #2 type] 
Type domain.Question is not enhanced.

[2020-03-01 20:55:24 #3 type] 
Type domain.Event is not enhanced.

[2020-03-01 20:55:24 #4 type] 
Type domain.User is not enhanced.

[2020-03-01 20:55:24 #5 type] 
Type domain.Admin is not enhanced.

[2020-03-01 20:55:24 #6 type] 
Type domain.RegularUser is not enhanced.

------------------------------------------------------------------------------------------------------------------------

[2020-03-01 21:09:22 #1 store] 
Database 'C:\Users\Iraitz\eclipse-workspace\bets2020\src\main\resources\bets.temp' is opened by 6108@LAPTOP-TVD0RTF2

[2020-03-01 21:09:22 #2 type] 
Type domain.Question is not enhanced.

[2020-03-01 21:09:22 #3 type] 
Type domain.Event is not enhanced.

[2020-03-01 21:09:22 #4 type] 
Type domain.User is not enhanced.

[2020-03-01 21:09:22 #5 type] 
Type domain.Admin is not enhanced.

[2020-03-01 21:09:22 #6 type] 
Type domain.RegularUser is not enhanced.

------------------------------------------------------------------------------------------------------------------------

[2020-03-01 21:40:46 #1 store] 
Database 'C:\Users\Iraitz\eclipse-workspace\bets2020\src\main\resources\bets.temp' is opened by 13160@LAPTOP-TVD0RTF2

[2020-03-01 21:40:46 #2 type] 
Type domain.Question is not enhanced.

[2020-03-01 21:40:46 #3 type] 
Type domain.Event is not enhanced.

[2020-03-01 21:40:46 #4 type] 
Type domain.User is not enhanced.

[2020-03-01 21:40:46 #5 type] 
Type domain.Admin is not enhanced.

[2020-03-01 21:40:46 #6 type] 
Type domain.RegularUser is not enhanced.

------------------------------------------------------------------------------------------------------------------------

[2020-03-01 22:15:31 #1 store] 
Database 'C:\Users\Iraitz\eclipse-workspace\bets2020\src\main\resources\bets.temp' is opened by 7720@LAPTOP-TVD0RTF2

[2020-03-01 22:15:31 #2 type] 
Type domain.Question is not enhanced.

[2020-03-01 22:15:31 #3 type] 
Type domain.Event is not enhanced.

[2020-03-01 22:15:31 #4 type] 
Type domain.User is not enhanced.

[2020-03-01 22:15:31 #5 type] 
Type domain.Admin is not enhanced.

[2020-03-01 22:15:31 #6 type] 
Type domain.RegularUser is not enhanced.

------------------------------------------------------------------------------------------------------------------------

[2020-03-01 22:23:44 #1 store] 
Database 'C:\Users\Iraitz\eclipse-workspace\bets2020\src\main\resources\bets.temp' is opened by 8924@LAPTOP-TVD0RTF2

[2020-03-01 22:23:44 #2 type] 
Type domain.Question is not enhanced.

[2020-03-01 22:23:44 #3 type] 
Type domain.Event is not enhanced.

[2020-03-01 22:23:44 #4 type] 
Type domain.User is not enhanced.

[2020-03-01 22:23:44 #5 type] 
Type domain.Admin is not enhanced.

[2020-03-01 22:23:44 #6 type] 
Type domain.RegularUser is not enhanced.

------------------------------------------------------------------------------------------------------------------------

[2020-03-01 22:24:50 #1 store] 
Database 'C:\Users\Iraitz\eclipse-workspace\bets2020\src\main\resources\bets.temp' is opened by 8864@LAPTOP-TVD0RTF2

[2020-03-01 22:24:50 #2 type] 
Type domain.Question is not enhanced.

[2020-03-01 22:24:50 #3 type] 
Type domain.Event is not enhanced.

[2020-03-01 22:24:50 #4 type] 
Type domain.User is not enhanced.

[2020-03-01 22:24:50 #5 type] 
Type domain.Admin is not enhanced.

[2020-03-01 22:24:50 #6 type] 
Type domain.RegularUser is not enhanced.

------------------------------------------------------------------------------------------------------------------------

[2020-03-01 22:29:18 #1 store] 
Database 'C:\Users\Iraitz\eclipse-workspace\bets2020\src\main\resources\bets.temp' is opened by 6576@LAPTOP-TVD0RTF2

[2020-03-01 22:29:19 #2 type] 
Type domain.Question is not enhanced.

[2020-03-01 22:29:19 #3 type] 
Type domain.Event is not enhanced.

[2020-03-01 22:29:19 #4 type] 
Type domain.User is not enhanced.

[2020-03-01 22:29:19 #5 type] 
Type domain.Admin is not enhanced.

[2020-03-01 22:29:19 #6 type] 
Type domain.RegularUser is not enhanced.

------------------------------------------------------------------------------------------------------------------------

[2020-03-01 22:30:06 #1 store] 
Database 'C:\Users\Iraitz\eclipse-workspace\bets2020\src\main\resources\bets.temp' is opened by 10468@LAPTOP-TVD0RTF2

[2020-03-01 22:30:06 #2 type] 
Type domain.Question is not enhanced.

[2020-03-01 22:30:06 #3 type] 
Type domain.Event is not enhanced.

[2020-03-01 22:30:06 #4 type] 
Type domain.User is not enhanced.

[2020-03-01 22:30:06 #5 type] 
Type domain.Admin is not enhanced.

[2020-03-01 22:30:06 #6 type] 
Type domain.RegularUser is not enhanced.

------------------------------------------------------------------------------------------------------------------------

[2020-03-01 22:42:55 #1 store] 
Database 'C:\Users\Iraitz\eclipse-workspace\bets2020\src\main\resources\bets.temp' is opened by 12092@LAPTOP-TVD0RTF2

[2020-03-01 22:42:55 #2 type] 
Type domain.Question is not enhanced.

[2020-03-01 22:42:55 #3 type] 
Type domain.Event is not enhanced.

[2020-03-01 22:42:55 #4 type] 
Type domain.User is not enhanced.

[2020-03-01 22:42:55 #5 type] 
Type domain.Admin is not enhanced.

[2020-03-01 22:42:55 #6 type] 
Type domain.RegularUser is not enhanced.

------------------------------------------------------------------------------------------------------------------------

[2020-03-01 22:47:47 #1 store] 
Database 'C:\Users\Iraitz\eclipse-workspace\bets2020\src\main\resources\bets.temp' is opened by 8776@LAPTOP-TVD0RTF2

[2020-03-01 22:47:47 #2 type] 
Type domain.Question is not enhanced.

[2020-03-01 22:47:47 #3 type] 
Type domain.Event is not enhanced.

[2020-03-01 22:47:47 #4 type] 
Type domain.User is not enhanced.

[2020-03-01 22:47:47 #5 type] 
Type domain.Admin is not enhanced.

[2020-03-01 22:47:47 #6 type] 
Type domain.RegularUser is not enhanced.

------------------------------------------------------------------------------------------------------------------------

[2020-03-01 22:48:16 #1 store] 
Database 'C:\Users\Iraitz\eclipse-workspace\bets2020\src\main\resources\bets.temp' is opened by 12604@LAPTOP-TVD0RTF2

[2020-03-01 22:48:16 #2 type] 
Type domain.Question is not enhanced.

[2020-03-01 22:48:16 #3 type] 
Type domain.Event is not enhanced.

[2020-03-01 22:48:16 #4 type] 
Type domain.User is not enhanced.

[2020-03-01 22:48:16 #5 type] 
Type domain.Admin is not enhanced.

[2020-03-01 22:48:16 #6 type] 
Type domain.RegularUser is not enhanced.

------------------------------------------------------------------------------------------------------------------------

[2020-03-01 22:48:54 #1 store] 
Database 'C:\Users\Iraitz\eclipse-workspace\bets2020\src\main\resources\bets.temp' is opened by 6432@LAPTOP-TVD0RTF2

[2020-03-01 22:48:54 #2 type] 
Type domain.Question is not enhanced.

[2020-03-01 22:48:54 #3 type] 
Type domain.Event is not enhanced.

[2020-03-01 22:48:54 #4 type] 
Type domain.User is not enhanced.

[2020-03-01 22:48:54 #5 type] 
Type domain.Admin is not enhanced.

[2020-03-01 22:48:54 #6 type] 
Type domain.RegularUser is not enhanced.

