------------------------------------------------------------------------------------------------------------------------

[2020-02-29 18:44:10 #1 store] 
Database 'C:\Users\asier\git\bets2020\src\main\resources\bets.temp' is opened by 2560@LAPTOP-1KO86THD

[2020-02-29 18:44:10 #2 type] 
Type domain.Question is not enhanced.

[2020-02-29 18:44:10 #3 type] 
Type domain.Event is not enhanced.

------------------------------------------------------------------------------------------------------------------------

[2020-02-29 19:07:40 #1 store] 
Database 'C:\Users\asier\git\bets2020\src\main\resources\bets.temp' is opened by 7308@LAPTOP-1KO86THD

[2020-02-29 19:07:41 #2 type] 
Type domain.Question is not enhanced.

[2020-02-29 19:07:41 #3 type] 
Type domain.Event is not enhanced.

[2020-02-29 19:07:52 #4 type.registry] 
New type domain.User

[2020-02-29 19:07:52 #5 type] 
Type domain.User is not enhanced.

------------------------------------------------------------------------------------------------------------------------

[2020-02-29 19:08:16 #1 store] 
Database 'C:\Users\asier\git\bets2020\src\main\resources\bets.temp' has been recovered (tr. 6-6)

[2020-02-29 19:08:16 #2 store] 
Database 'C:\Users\asier\git\bets2020\src\main\resources\bets.temp' is opened by 1636@LAPTOP-1KO86THD

[2020-02-29 19:08:16 #3 type] 
Type domain.Question is not enhanced.

[2020-02-29 19:08:16 #4 type] 
Type domain.Event is not enhanced.

[2020-02-29 19:08:16 #5 type] 
Type domain.User is not enhanced.

------------------------------------------------------------------------------------------------------------------------

[2020-02-29 19:08:59 #1 store] 
Database 'C:\Users\asier\git\bets2020\src\main\resources\bets.temp' is opened by 21872@LAPTOP-1KO86THD

[2020-02-29 19:08:59 #2 type] 
Type domain.Question is not enhanced.

[2020-02-29 19:08:59 #3 type] 
Type domain.Event is not enhanced.

[2020-02-29 19:08:59 #4 type] 
Type domain.User is not enhanced.

------------------------------------------------------------------------------------------------------------------------

[2020-02-29 19:33:30 #1 store] 
Database 'C:\Users\asier\git\bets2020\src\main\resources\bets.temp' is opened by 14960@LAPTOP-1KO86THD

[2020-02-29 19:33:30 #2 type] 
Type domain.Question is not enhanced.

[2020-02-29 19:33:30 #3 type] 
Type domain.Event is not enhanced.

[2020-02-29 19:33:30 #4 type] 
Type domain.User is not enhanced.

------------------------------------------------------------------------------------------------------------------------

[2020-02-29 19:34:11 #1 store] 
Database 'C:\Users\asier\git\bets2020\src\main\resources\bets.temp' is opened by 2104@LAPTOP-1KO86THD

[2020-02-29 19:34:11 #2 type] 
Type domain.Question is not enhanced.

[2020-02-29 19:34:11 #3 type] 
Type domain.Event is not enhanced.

[2020-02-29 19:34:11 #4 type] 
Type domain.User is not enhanced.

------------------------------------------------------------------------------------------------------------------------

[2020-02-29 22:32:45 #1 store] 
Database 'B:\Documentos\Eclipse uni\bets2020\src\main\resources\bets.temp' is opened by 932@DESKTOP-M1R57FE

[2020-02-29 22:32:45 #2 type] 
Type domain.Question is not enhanced.

[2020-02-29 22:32:45 #3 type] 
Type domain.Event is not enhanced.

[2020-02-29 22:32:45 #4 type] 
Type domain.User is not enhanced.

------------------------------------------------------------------------------------------------------------------------

[2020-02-29 22:37:22 #1 store] 
Database 'B:\Documentos\Eclipse uni\bets2020\src\main\resources\bets.temp' is opened by 8084@DESKTOP-M1R57FE

[2020-02-29 22:37:22 #2 type] 
Type domain.Question is not enhanced.

[2020-02-29 22:37:22 #3 type] 
Type domain.Event is not enhanced.

[2020-02-29 22:37:22 #4 type] 
Type domain.User is not enhanced.

