------------------------------------------------------------------------------------------------------------------------

[2020-03-24 13:40:25 #1 store] 
Database 'C:\Users\Iraitz\eclipse-workspace\bets2020\src\main\resources\bets.temp' is opened by 14836@LAPTOP-TVD0RTF2

[2020-03-24 13:40:25 #2 type] 
Type domain.Question is not enhanced.

[2020-03-24 13:40:25 #3 type] 
Type domain.Event is not enhanced.

[2020-03-24 13:40:25 #4 type] 
Type domain.User is not enhanced.

[2020-03-24 13:40:25 #5 type] 
Type domain.Admin is not enhanced.

[2020-03-24 13:40:25 #6 type] 
Type domain.RegularUser is not enhanced.

[2020-03-24 13:40:25 #7 type] 
Type domain.Kuota is not enhanced.

------------------------------------------------------------------------------------------------------------------------

[2020-03-24 13:47:53 #1 store] 
Database 'C:\Users\Iraitz\eclipse-workspace\bets2020\src\main\resources\bets.temp' is opened by 12968@LAPTOP-TVD0RTF2

[2020-03-24 13:47:53 #2 type] 
Type domain.Question is not enhanced.

[2020-03-24 13:47:53 #3 type] 
Type domain.Event is not enhanced.

[2020-03-24 13:47:53 #4 type] 
Type domain.User is not enhanced.

[2020-03-24 13:47:53 #5 type] 
Type domain.Admin is not enhanced.

[2020-03-24 13:47:53 #6 type] 
Type domain.RegularUser is not enhanced.

[2020-03-24 13:47:53 #7 type] 
Type domain.Kuota is not enhanced.

------------------------------------------------------------------------------------------------------------------------

[2020-03-24 13:51:03 #1 store] 
Database 'C:\Users\Iraitz\eclipse-workspace\bets2020\src\main\resources\bets.temp' is opened by 15320@LAPTOP-TVD0RTF2

[2020-03-24 13:51:04 #2 type] 
Type domain.Question is not enhanced.

[2020-03-24 13:51:04 #3 type] 
Type domain.Event is not enhanced.

[2020-03-24 13:51:04 #4 type] 
Type domain.User is not enhanced.

[2020-03-24 13:51:04 #5 type] 
Type domain.Admin is not enhanced.

[2020-03-24 13:51:04 #6 type] 
Type domain.RegularUser is not enhanced.

[2020-03-24 13:51:04 #7 type] 
Type domain.Kuota is not enhanced.

------------------------------------------------------------------------------------------------------------------------

[2020-03-24 13:52:09 #1 store] 
Database 'C:\Users\Iraitz\eclipse-workspace\bets2020\src\main\resources\bets.temp' is opened by 15140@LAPTOP-TVD0RTF2

[2020-03-24 13:52:09 #2 type] 
Type domain.Question is not enhanced.

[2020-03-24 13:52:09 #3 type] 
Type domain.Event is not enhanced.

[2020-03-24 13:52:09 #4 type] 
Type domain.User is not enhanced.

[2020-03-24 13:52:09 #5 type] 
Type domain.Admin is not enhanced.

[2020-03-24 13:52:09 #6 type] 
Type domain.RegularUser is not enhanced.

[2020-03-24 13:52:09 #7 type] 
Type domain.Kuota is not enhanced.

------------------------------------------------------------------------------------------------------------------------

[2020-03-24 13:53:59 #1 store] 
Database 'C:\Users\Iraitz\eclipse-workspace\bets2020\src\main\resources\bets.temp' is opened by 15176@LAPTOP-TVD0RTF2

[2020-03-24 13:53:59 #2 type] 
Type domain.Question is not enhanced.

[2020-03-24 13:53:59 #3 type] 
Type domain.Event is not enhanced.

[2020-03-24 13:53:59 #4 type] 
Type domain.User is not enhanced.

[2020-03-24 13:53:59 #5 type] 
Type domain.Admin is not enhanced.

[2020-03-24 13:53:59 #6 type] 
Type domain.RegularUser is not enhanced.

[2020-03-24 13:53:59 #7 type] 
Type domain.Kuota is not enhanced.

------------------------------------------------------------------------------------------------------------------------

[2020-03-24 14:26:30 #1 store] 
Database 'C:\Users\Iraitz\eclipse-workspace\bets2020\src\main\resources\bets.temp' has been recovered (tr. 66-66)

[2020-03-24 14:26:30 #2 store] 
Database 'C:\Users\Iraitz\eclipse-workspace\bets2020\src\main\resources\bets.temp' is opened by 6620@LAPTOP-TVD0RTF2

[2020-03-24 14:26:30 #3 type] 
Type domain.Question is not enhanced.

[2020-03-24 14:26:30 #4 type] 
Type domain.Event is not enhanced.

[2020-03-24 14:26:30 #5 type] 
Type domain.User is not enhanced.

[2020-03-24 14:26:30 #6 type] 
Type domain.Admin is not enhanced.

[2020-03-24 14:26:30 #7 type] 
Type domain.RegularUser is not enhanced.

[2020-03-24 14:26:30 #8 type] 
Type domain.Kuota is not enhanced.

------------------------------------------------------------------------------------------------------------------------

[2020-03-24 17:04:40 #1 store] 
Database 'C:\Users\Iraitz\eclipse-workspace\bets2020\src\main\resources\bets.temp' is opened by 14872@LAPTOP-TVD0RTF2

[2020-03-24 17:04:41 #2 type] 
Type domain.Question is not enhanced.

[2020-03-24 17:04:41 #3 type] 
Type domain.Event is not enhanced.

[2020-03-24 17:04:41 #4 type] 
Type domain.User is not enhanced.

[2020-03-24 17:04:41 #5 type] 
Type domain.Admin is not enhanced.

[2020-03-24 17:04:41 #6 type] 
Type domain.RegularUser is not enhanced.

[2020-03-24 17:04:41 #7 type] 
Type domain.Kuota is not enhanced.

[2020-03-24 17:04:41 #8 type.registry] 
New type domain.Bet

[2020-03-24 17:04:41 #9 type] 
Type domain.Bet is not enhanced.

------------------------------------------------------------------------------------------------------------------------

[2020-03-24 17:37:51 #1 store] 
Database 'C:\Users\Iraitz\eclipse-workspace\bets2020\src\main\resources\bets.temp' is opened by 12328@LAPTOP-TVD0RTF2

[2020-03-24 17:37:51 #2 type] 
Type domain.Question is not enhanced.

[2020-03-24 17:37:51 #3 type] 
Type domain.Event is not enhanced.

[2020-03-24 17:37:51 #4 type] 
Type domain.User is not enhanced.

[2020-03-24 17:37:51 #5 type] 
Type domain.Admin is not enhanced.

[2020-03-24 17:37:51 #6 type] 
Type domain.RegularUser is not enhanced.

[2020-03-24 17:37:51 #7 type] 
Type domain.Kuota is not enhanced.

[2020-03-24 17:37:51 #8 type] 
Type domain.Bet is not enhanced.

------------------------------------------------------------------------------------------------------------------------

[2020-03-24 17:42:57 #1 store] 
Database 'C:\Users\Iraitz\eclipse-workspace\bets2020\src\main\resources\bets.temp' is opened by 10376@LAPTOP-TVD0RTF2

[2020-03-24 17:42:57 #2 type] 
Type domain.Question is not enhanced.

[2020-03-24 17:42:57 #3 type] 
Type domain.Event is not enhanced.

[2020-03-24 17:42:57 #4 type] 
Type domain.User is not enhanced.

[2020-03-24 17:42:57 #5 type] 
Type domain.Admin is not enhanced.

[2020-03-24 17:42:57 #6 type] 
Type domain.RegularUser is not enhanced.

[2020-03-24 17:42:57 #7 type] 
Type domain.Kuota is not enhanced.

[2020-03-24 17:42:57 #8 type] 
Type domain.Bet is not enhanced.

[2020-03-24 17:43:49 #9 type.registry] 
New type java.util.ArrayList<domain.Bet>

------------------------------------------------------------------------------------------------------------------------

[2020-03-24 17:44:46 #1 store] 
Database 'C:\Users\Iraitz\eclipse-workspace\bets2020\src\main\resources\bets.temp' has been recovered (tr. 68-68)

[2020-03-24 17:44:46 #2 store] 
Database 'C:\Users\Iraitz\eclipse-workspace\bets2020\src\main\resources\bets.temp' is opened by 3016@LAPTOP-TVD0RTF2

[2020-03-24 17:44:46 #3 type] 
Type domain.Question is not enhanced.

[2020-03-24 17:44:46 #4 type] 
Type domain.Event is not enhanced.

[2020-03-24 17:44:46 #5 type] 
Type domain.User is not enhanced.

[2020-03-24 17:44:46 #6 type] 
Type domain.Admin is not enhanced.

[2020-03-24 17:44:46 #7 type] 
Type domain.RegularUser is not enhanced.

[2020-03-24 17:44:46 #8 type] 
Type domain.Kuota is not enhanced.

[2020-03-24 17:44:46 #9 type] 
Type domain.Bet is not enhanced.

------------------------------------------------------------------------------------------------------------------------

[2020-03-24 17:53:42 #1 store] 
Database 'C:\Users\Iraitz\eclipse-workspace\bets2020\src\main\resources\bets.temp' is opened by 3800@LAPTOP-TVD0RTF2

[2020-03-24 17:53:42 #2 type] 
Type domain.Question is not enhanced.

[2020-03-24 17:53:42 #3 type] 
Type domain.Event is not enhanced.

[2020-03-24 17:53:42 #4 type] 
Type domain.User is not enhanced.

[2020-03-24 17:53:42 #5 type] 
Type domain.Admin is not enhanced.

[2020-03-24 17:53:42 #6 type] 
Type domain.RegularUser is not enhanced.

[2020-03-24 17:53:42 #7 type] 
Type domain.Kuota is not enhanced.

[2020-03-24 17:53:42 #8 type] 
Type domain.Bet is not enhanced.

------------------------------------------------------------------------------------------------------------------------

[2020-03-24 17:56:03 #1 store] 
Database 'C:\Users\Iraitz\eclipse-workspace\bets2020\src\main\resources\bets.temp' is opened by 4528@LAPTOP-TVD0RTF2

[2020-03-24 17:56:03 #2 type] 
Type domain.Question is not enhanced.

[2020-03-24 17:56:03 #3 type] 
Type domain.Event is not enhanced.

[2020-03-24 17:56:03 #4 type] 
Type domain.User is not enhanced.

[2020-03-24 17:56:03 #5 type] 
Type domain.Admin is not enhanced.

[2020-03-24 17:56:03 #6 type] 
Type domain.RegularUser is not enhanced.

[2020-03-24 17:56:03 #7 type] 
Type domain.Kuota is not enhanced.

[2020-03-24 17:56:03 #8 type] 
Type domain.Bet is not enhanced.

------------------------------------------------------------------------------------------------------------------------

[2020-03-24 18:07:35 #1 store] 
Database 'C:\Users\Iraitz\eclipse-workspace\bets2020\src\main\resources\bets.temp' is opened by 8304@LAPTOP-TVD0RTF2

[2020-03-24 18:07:35 #2 type] 
Type domain.Question is not enhanced.

[2020-03-24 18:07:35 #3 type] 
Type domain.Event is not enhanced.

[2020-03-24 18:07:35 #4 type] 
Type domain.User is not enhanced.

[2020-03-24 18:07:35 #5 type] 
Type domain.Admin is not enhanced.

[2020-03-24 18:07:35 #6 type] 
Type domain.RegularUser is not enhanced.

[2020-03-24 18:07:35 #7 type] 
Type domain.Kuota is not enhanced.

[2020-03-24 18:07:35 #8 type] 
Type domain.Bet is not enhanced.

------------------------------------------------------------------------------------------------------------------------

[2020-03-24 18:14:40 #1 store] 
Database 'C:\Users\Iraitz\eclipse-workspace\bets2020\src\main\resources\bets.temp' has been recovered (tr. 69-72)

[2020-03-24 18:14:40 #2 store] 
Database 'C:\Users\Iraitz\eclipse-workspace\bets2020\src\main\resources\bets.temp' is opened by 4696@LAPTOP-TVD0RTF2

[2020-03-24 18:14:40 #3 type] 
Type domain.Question is not enhanced.

[2020-03-24 18:14:40 #4 type] 
Type domain.Event is not enhanced.

[2020-03-24 18:14:40 #5 type] 
Type domain.User is not enhanced.

[2020-03-24 18:14:40 #6 type] 
Type domain.Admin is not enhanced.

[2020-03-24 18:14:40 #7 type] 
Type domain.RegularUser is not enhanced.

[2020-03-24 18:14:40 #8 type] 
Type domain.Kuota is not enhanced.

[2020-03-24 18:14:40 #9 type] 
Type domain.Bet is not enhanced.

------------------------------------------------------------------------------------------------------------------------

[2020-03-24 18:44:19 #1 store] 
Database 'C:\Users\Iraitz\eclipse-workspace\bets2020\src\main\resources\bets.temp' is opened by 12572@LAPTOP-TVD0RTF2

[2020-03-24 18:44:19 #2 type] 
Type domain.Question is not enhanced.

[2020-03-24 18:44:19 #3 type] 
Type domain.Event is not enhanced.

[2020-03-24 18:44:19 #4 type] 
Type domain.User is not enhanced.

[2020-03-24 18:44:19 #5 type] 
Type domain.Admin is not enhanced.

[2020-03-24 18:44:19 #6 type] 
Type domain.RegularUser is not enhanced.

[2020-03-24 18:44:19 #7 type] 
Type domain.Kuota is not enhanced.

[2020-03-24 18:44:19 #8 type] 
Type domain.Bet is not enhanced.

------------------------------------------------------------------------------------------------------------------------

[2020-03-24 18:48:09 #1 store] 
Database 'C:\Users\Iraitz\eclipse-workspace\bets2020\src\main\resources\bets.temp' is opened by 13476@LAPTOP-TVD0RTF2

[2020-03-24 18:48:09 #2 type] 
Type domain.Question is not enhanced.

[2020-03-24 18:48:09 #3 type] 
Type domain.Event is not enhanced.

[2020-03-24 18:48:09 #4 type] 
Type domain.User is not enhanced.

[2020-03-24 18:48:09 #5 type] 
Type domain.Admin is not enhanced.

[2020-03-24 18:48:09 #6 type] 
Type domain.RegularUser is not enhanced.

[2020-03-24 18:48:09 #7 type] 
Type domain.Kuota is not enhanced.

[2020-03-24 18:48:09 #8 type] 
Type domain.Bet is not enhanced.

------------------------------------------------------------------------------------------------------------------------

[2020-03-24 18:50:06 #1 store] 
Database 'C:\Users\Iraitz\eclipse-workspace\bets2020\src\main\resources\bets.temp' has been recovered (tr. 74-74)

[2020-03-24 18:50:06 #2 store] 
Database 'C:\Users\Iraitz\eclipse-workspace\bets2020\src\main\resources\bets.temp' is opened by 15184@LAPTOP-TVD0RTF2

[2020-03-24 18:50:06 #3 type] 
Type domain.Question is not enhanced.

[2020-03-24 18:50:06 #4 type] 
Type domain.Event is not enhanced.

[2020-03-24 18:50:06 #5 type] 
Type domain.User is not enhanced.

[2020-03-24 18:50:06 #6 type] 
Type domain.Admin is not enhanced.

[2020-03-24 18:50:06 #7 type] 
Type domain.RegularUser is not enhanced.

[2020-03-24 18:50:06 #8 type] 
Type domain.Kuota is not enhanced.

[2020-03-24 18:50:06 #9 type] 
Type domain.Bet is not enhanced.

------------------------------------------------------------------------------------------------------------------------

[2020-03-24 18:50:54 #1 store] 
Database 'C:\Users\Iraitz\eclipse-workspace\bets2020\src\main\resources\bets.temp' is opened by 15088@LAPTOP-TVD0RTF2

[2020-03-24 18:50:54 #2 type] 
Type domain.Question is not enhanced.

[2020-03-24 18:50:54 #3 type] 
Type domain.Event is not enhanced.

[2020-03-24 18:50:54 #4 type] 
Type domain.User is not enhanced.

[2020-03-24 18:50:54 #5 type] 
Type domain.Admin is not enhanced.

[2020-03-24 18:50:54 #6 type] 
Type domain.RegularUser is not enhanced.

[2020-03-24 18:50:54 #7 type] 
Type domain.Kuota is not enhanced.

[2020-03-24 18:50:54 #8 type] 
Type domain.Bet is not enhanced.

------------------------------------------------------------------------------------------------------------------------

[2020-03-24 18:54:43 #1 store] 
Database 'C:\Users\Iraitz\eclipse-workspace\bets2020\src\main\resources\bets.temp' is opened by 13520@LAPTOP-TVD0RTF2

[2020-03-24 18:54:43 #2 type] 
Type domain.Question is not enhanced.

[2020-03-24 18:54:43 #3 type] 
Type domain.Event is not enhanced.

[2020-03-24 18:54:43 #4 type] 
Type domain.User is not enhanced.

[2020-03-24 18:54:43 #5 type] 
Type domain.Admin is not enhanced.

[2020-03-24 18:54:43 #6 type] 
Type domain.RegularUser is not enhanced.

[2020-03-24 18:54:43 #7 type] 
Type domain.Kuota is not enhanced.

[2020-03-24 18:54:43 #8 type] 
Type domain.Bet is not enhanced.

------------------------------------------------------------------------------------------------------------------------

[2020-03-24 18:57:04 #1 store] 
Database 'C:\Users\Iraitz\eclipse-workspace\bets2020\src\main\resources\bets.temp' has been recovered (tr. 81-81)

[2020-03-24 18:57:04 #2 store] 
Database 'C:\Users\Iraitz\eclipse-workspace\bets2020\src\main\resources\bets.temp' is opened by 10328@LAPTOP-TVD0RTF2

[2020-03-24 18:57:05 #3 type] 
Type domain.Question is not enhanced.

[2020-03-24 18:57:05 #4 type] 
Type domain.Event is not enhanced.

[2020-03-24 18:57:05 #5 type] 
Type domain.User is not enhanced.

[2020-03-24 18:57:05 #6 type] 
Type domain.Admin is not enhanced.

[2020-03-24 18:57:05 #7 type] 
Type domain.RegularUser is not enhanced.

[2020-03-24 18:57:05 #8 type] 
Type domain.Kuota is not enhanced.

[2020-03-24 18:57:05 #9 type] 
Type domain.Bet is not enhanced.

------------------------------------------------------------------------------------------------------------------------

[2020-03-24 23:28:20 #1 store] 
Database 'C:\Users\Iraitz\eclipse-workspace\bets2020\src\main\resources\bets.temp' is opened by 15280@LAPTOP-TVD0RTF2

[2020-03-24 23:28:20 #2 type] 
Type domain.Question is not enhanced.

[2020-03-24 23:28:20 #3 type] 
Type domain.Event is not enhanced.

[2020-03-24 23:28:20 #4 type] 
Type domain.User is not enhanced.

[2020-03-24 23:28:20 #5 type] 
Type domain.Admin is not enhanced.

[2020-03-24 23:28:20 #6 type] 
Type domain.RegularUser is not enhanced.

[2020-03-24 23:28:20 #7 type] 
Type domain.Kuota is not enhanced.

[2020-03-24 23:28:20 #8 type] 
Type domain.Bet is not enhanced.

------------------------------------------------------------------------------------------------------------------------

[2020-03-24 23:31:05 #1 store] 
Database 'C:\Users\Iraitz\eclipse-workspace\bets2020\src\main\resources\bets.temp' is opened by 3996@LAPTOP-TVD0RTF2

[2020-03-24 23:31:05 #2 type] 
Type domain.Question is not enhanced.

[2020-03-24 23:31:05 #3 type] 
Type domain.Event is not enhanced.

[2020-03-24 23:31:05 #4 type] 
Type domain.User is not enhanced.

[2020-03-24 23:31:05 #5 type] 
Type domain.Admin is not enhanced.

[2020-03-24 23:31:05 #6 type] 
Type domain.RegularUser is not enhanced.

[2020-03-24 23:31:05 #7 type] 
Type domain.Kuota is not enhanced.

[2020-03-24 23:31:05 #8 type] 
Type domain.Bet is not enhanced.

------------------------------------------------------------------------------------------------------------------------

[2020-03-24 23:33:11 #1 store] 
Database 'C:\Users\Iraitz\eclipse-workspace\bets2020\src\main\resources\bets.temp' is opened by 7396@LAPTOP-TVD0RTF2

[2020-03-24 23:33:11 #2 type] 
Type domain.Question is not enhanced.

[2020-03-24 23:33:11 #3 type] 
Type domain.Event is not enhanced.

[2020-03-24 23:33:11 #4 type] 
Type domain.User is not enhanced.

[2020-03-24 23:33:11 #5 type] 
Type domain.Admin is not enhanced.

[2020-03-24 23:33:11 #6 type] 
Type domain.RegularUser is not enhanced.

[2020-03-24 23:33:11 #7 type] 
Type domain.Kuota is not enhanced.

[2020-03-24 23:33:11 #8 type] 
Type domain.Bet is not enhanced.

------------------------------------------------------------------------------------------------------------------------

[2020-03-24 23:38:23 #1 store] 
Database 'C:\Users\Iraitz\eclipse-workspace\bets2020\src\main\resources\bets.temp' is opened by 14836@LAPTOP-TVD0RTF2

[2020-03-24 23:38:23 #2 type] 
Type domain.Question is not enhanced.

[2020-03-24 23:38:23 #3 type] 
Type domain.Event is not enhanced.

[2020-03-24 23:38:23 #4 type] 
Type domain.User is not enhanced.

[2020-03-24 23:38:23 #5 type] 
Type domain.Admin is not enhanced.

[2020-03-24 23:38:23 #6 type] 
Type domain.RegularUser is not enhanced.

[2020-03-24 23:38:23 #7 type] 
Type domain.Kuota is not enhanced.

[2020-03-24 23:38:23 #8 type] 
Type domain.Bet is not enhanced.

------------------------------------------------------------------------------------------------------------------------

[2020-03-24 23:40:36 #1 store] 
Database 'C:\Users\Iraitz\eclipse-workspace\bets2020\src\main\resources\bets.temp' is opened by 12052@LAPTOP-TVD0RTF2

[2020-03-24 23:40:36 #2 type] 
Type domain.Question is not enhanced.

[2020-03-24 23:40:36 #3 type] 
Type domain.Event is not enhanced.

[2020-03-24 23:40:36 #4 type] 
Type domain.User is not enhanced.

[2020-03-24 23:40:36 #5 type] 
Type domain.Admin is not enhanced.

[2020-03-24 23:40:36 #6 type] 
Type domain.RegularUser is not enhanced.

[2020-03-24 23:40:36 #7 type] 
Type domain.Kuota is not enhanced.

[2020-03-24 23:40:36 #8 type] 
Type domain.Bet is not enhanced.

------------------------------------------------------------------------------------------------------------------------

[2020-03-24 23:42:55 #1 store] 
Database 'C:\Users\Iraitz\eclipse-workspace\bets2020\src\main\resources\bets.temp' is opened by 7260@LAPTOP-TVD0RTF2

[2020-03-24 23:42:55 #2 type] 
Type domain.Question is not enhanced.

[2020-03-24 23:42:55 #3 type] 
Type domain.Event is not enhanced.

[2020-03-24 23:42:55 #4 type] 
Type domain.User is not enhanced.

[2020-03-24 23:42:55 #5 type] 
Type domain.Admin is not enhanced.

[2020-03-24 23:42:55 #6 type] 
Type domain.RegularUser is not enhanced.

[2020-03-24 23:42:55 #7 type] 
Type domain.Kuota is not enhanced.

[2020-03-24 23:42:55 #8 type] 
Type domain.Bet is not enhanced.

