------------------------------------------------------------------------------------------------------------------------

[2020-04-24 00:06:32 #1 store] 
Database 'C:\Users\Iraitz\eclipse-workspace\bets2020\src\main\resources\bets.temp' is opened by 7612@LAPTOP-TVD0RTF2

[2020-04-24 00:06:32 #2 type] 
Type domain.Question is not enhanced.

[2020-04-24 00:06:32 #3 type] 
Type domain.Event is not enhanced.

[2020-04-24 00:06:32 #4 type] 
Type domain.User is not enhanced.

[2020-04-24 00:06:32 #5 type] 
Type domain.Admin is not enhanced.

[2020-04-24 00:06:32 #6 type] 
Type domain.RegularUser is not enhanced.

[2020-04-24 00:06:32 #7 type] 
Type domain.Kuota is not enhanced.

[2020-04-24 00:06:32 #8 type] 
Type domain.Bet is not enhanced.

[2020-04-24 00:06:32 #9 type] 
Type domain.Wallet is not enhanced.

[2020-04-24 00:06:32 #10 type] 
Type domain.Movement is not enhanced.

------------------------------------------------------------------------------------------------------------------------

[2020-04-24 00:25:46 #1 store] 
Database 'C:\Users\Iraitz\eclipse-workspace\bets2020\src\main\resources\bets.temp' is opened by 220@LAPTOP-TVD0RTF2

[2020-04-24 00:25:46 #2 type] 
Type domain.Question is not enhanced.

[2020-04-24 00:25:46 #3 type] 
Type domain.Event is not enhanced.

[2020-04-24 00:25:46 #4 type] 
Type domain.User is not enhanced.

[2020-04-24 00:25:46 #5 type] 
Type domain.Admin is not enhanced.

[2020-04-24 00:25:46 #6 type] 
Type domain.RegularUser is not enhanced.

[2020-04-24 00:25:46 #7 type] 
Type domain.Kuota is not enhanced.

[2020-04-24 00:25:46 #8 type] 
Type domain.Bet is not enhanced.

[2020-04-24 00:25:46 #9 type] 
Type domain.Wallet is not enhanced.

[2020-04-24 00:25:46 #10 type] 
Type domain.Movement is not enhanced.

------------------------------------------------------------------------------------------------------------------------

[2020-04-24 11:35:59 #1 store] 
Database 'C:\Users\Iraitz\eclipse-workspace\bets2020\src\main\resources\bets.temp' is opened by 9212@LAPTOP-TVD0RTF2

[2020-04-24 11:36:00 #2 type] 
Type domain.Question is not enhanced.

[2020-04-24 11:36:00 #3 type] 
Type domain.Event is not enhanced.

[2020-04-24 11:36:00 #4 type] 
Type domain.User is not enhanced.

[2020-04-24 11:36:00 #5 type] 
Type domain.Admin is not enhanced.

[2020-04-24 11:36:00 #6 type] 
Type domain.RegularUser is not enhanced.

[2020-04-24 11:36:00 #7 type] 
Type domain.Kuota is not enhanced.

[2020-04-24 11:36:00 #8 type] 
Type domain.Bet is not enhanced.

[2020-04-24 11:36:00 #9 type] 
Type domain.Wallet is not enhanced.

[2020-04-24 11:36:00 #10 type] 
Type domain.Movement is not enhanced.

------------------------------------------------------------------------------------------------------------------------

[2020-04-24 11:46:38 #1 store] 
Database 'C:\Users\Iraitz\eclipse-workspace\bets2020\src\main\resources\bets.temp' is opened by 12908@LAPTOP-TVD0RTF2

[2020-04-24 11:46:38 #2 type] 
Type domain.Question is not enhanced.

[2020-04-24 11:46:38 #3 type] 
Type domain.Event is not enhanced.

[2020-04-24 11:46:38 #4 type] 
Type domain.User is not enhanced.

[2020-04-24 11:46:38 #5 type] 
Type domain.Admin is not enhanced.

[2020-04-24 11:46:38 #6 type] 
Type domain.RegularUser is not enhanced.

[2020-04-24 11:46:38 #7 type] 
Type domain.Kuota is not enhanced.

[2020-04-24 11:46:38 #8 type] 
Type domain.Bet is not enhanced.

[2020-04-24 11:46:38 #9 type] 
Type domain.Wallet is not enhanced.

[2020-04-24 11:46:38 #10 type] 
Type domain.Movement is not enhanced.

------------------------------------------------------------------------------------------------------------------------

[2020-04-24 11:50:12 #1 store] 
Database 'C:\Users\Iraitz\eclipse-workspace\bets2020\src\main\resources\bets.temp' is opened by 11556@LAPTOP-TVD0RTF2

[2020-04-24 11:50:13 #2 type] 
Type domain.Question is not enhanced.

[2020-04-24 11:50:13 #3 type] 
Type domain.Event is not enhanced.

[2020-04-24 11:50:13 #4 type] 
Type domain.User is not enhanced.

[2020-04-24 11:50:13 #5 type] 
Type domain.Admin is not enhanced.

[2020-04-24 11:50:13 #6 type] 
Type domain.RegularUser is not enhanced.

[2020-04-24 11:50:13 #7 type] 
Type domain.Kuota is not enhanced.

[2020-04-24 11:50:13 #8 type] 
Type domain.Bet is not enhanced.

[2020-04-24 11:50:13 #9 type] 
Type domain.Wallet is not enhanced.

[2020-04-24 11:50:13 #10 type] 
Type domain.Movement is not enhanced.

------------------------------------------------------------------------------------------------------------------------

[2020-04-24 11:53:33 #1 store] 
Database 'C:\Users\Iraitz\eclipse-workspace\bets2020\src\main\resources\bets.temp' is opened by 3172@LAPTOP-TVD0RTF2

[2020-04-24 11:53:33 #2 type] 
Type domain.Question is not enhanced.

[2020-04-24 11:53:33 #3 type] 
Type domain.Event is not enhanced.

[2020-04-24 11:53:33 #4 type] 
Type domain.User is not enhanced.

[2020-04-24 11:53:33 #5 type] 
Type domain.Admin is not enhanced.

[2020-04-24 11:53:33 #6 type] 
Type domain.RegularUser is not enhanced.

[2020-04-24 11:53:33 #7 type] 
Type domain.Kuota is not enhanced.

[2020-04-24 11:53:33 #8 type] 
Type domain.Bet is not enhanced.

[2020-04-24 11:53:33 #9 type] 
Type domain.Wallet is not enhanced.

[2020-04-24 11:53:33 #10 type] 
Type domain.Movement is not enhanced.

------------------------------------------------------------------------------------------------------------------------

[2020-04-24 11:55:05 #1 store] 
Database 'C:\Users\Iraitz\eclipse-workspace\bets2020\src\main\resources\bets.temp' is opened by 4756@LAPTOP-TVD0RTF2

[2020-04-24 11:55:05 #2 type] 
Type domain.Question is not enhanced.

[2020-04-24 11:55:05 #3 type] 
Type domain.Event is not enhanced.

[2020-04-24 11:55:05 #4 type] 
Type domain.User is not enhanced.

[2020-04-24 11:55:05 #5 type] 
Type domain.Admin is not enhanced.

[2020-04-24 11:55:05 #6 type] 
Type domain.RegularUser is not enhanced.

[2020-04-24 11:55:05 #7 type] 
Type domain.Kuota is not enhanced.

[2020-04-24 11:55:05 #8 type] 
Type domain.Bet is not enhanced.

[2020-04-24 11:55:05 #9 type] 
Type domain.Wallet is not enhanced.

[2020-04-24 11:55:05 #10 type] 
Type domain.Movement is not enhanced.

------------------------------------------------------------------------------------------------------------------------

[2020-04-24 12:04:34 #1 store] 
Database 'C:\Users\Iraitz\eclipse-workspace\bets2020\src\main\resources\bets.temp' is opened by 5612@LAPTOP-TVD0RTF2

[2020-04-24 12:04:35 #2 type] 
Type domain.Question is not enhanced.

[2020-04-24 12:04:35 #3 type] 
Type domain.Event is not enhanced.

[2020-04-24 12:04:35 #4 type] 
Type domain.User is not enhanced.

[2020-04-24 12:04:35 #5 type] 
Type domain.Admin is not enhanced.

[2020-04-24 12:04:35 #6 type] 
Type domain.RegularUser is not enhanced.

[2020-04-24 12:04:35 #7 type] 
Type domain.Kuota is not enhanced.

[2020-04-24 12:04:35 #8 type] 
Type domain.Bet is not enhanced.

[2020-04-24 12:04:35 #9 type] 
Type domain.Wallet is not enhanced.

[2020-04-24 12:04:35 #10 type] 
Type domain.Movement is not enhanced.

------------------------------------------------------------------------------------------------------------------------

[2020-04-24 12:23:16 #1 store] 
Database 'C:\Users\Iraitz\eclipse-workspace\bets2020\src\main\resources\bets.temp' is opened by 3324@LAPTOP-TVD0RTF2

[2020-04-24 12:23:16 #2 type] 
Type domain.Question is not enhanced.

[2020-04-24 12:23:16 #3 type] 
Type domain.Event is not enhanced.

[2020-04-24 12:23:16 #4 type] 
Type domain.User is not enhanced.

[2020-04-24 12:23:16 #5 type] 
Type domain.Admin is not enhanced.

[2020-04-24 12:23:16 #6 type] 
Type domain.RegularUser is not enhanced.

[2020-04-24 12:23:16 #7 type] 
Type domain.Kuota is not enhanced.

[2020-04-24 12:23:16 #8 type] 
Type domain.Bet is not enhanced.

[2020-04-24 12:23:16 #9 type] 
Type domain.Wallet is not enhanced.

[2020-04-24 12:23:16 #10 type] 
Type domain.Movement is not enhanced.

------------------------------------------------------------------------------------------------------------------------

[2020-04-24 12:26:40 #1 store] 
Database 'C:\Users\Iraitz\eclipse-workspace\bets2020\src\main\resources\bets.temp' is opened by 11832@LAPTOP-TVD0RTF2

[2020-04-24 12:26:40 #2 type] 
Type domain.Question is not enhanced.

[2020-04-24 12:26:40 #3 type] 
Type domain.Event is not enhanced.

[2020-04-24 12:26:40 #4 type] 
Type domain.User is not enhanced.

[2020-04-24 12:26:40 #5 type] 
Type domain.Admin is not enhanced.

[2020-04-24 12:26:40 #6 type] 
Type domain.RegularUser is not enhanced.

[2020-04-24 12:26:40 #7 type] 
Type domain.Kuota is not enhanced.

[2020-04-24 12:26:40 #8 type] 
Type domain.Bet is not enhanced.

[2020-04-24 12:26:40 #9 type] 
Type domain.Wallet is not enhanced.

[2020-04-24 12:26:40 #10 type] 
Type domain.Movement is not enhanced.

------------------------------------------------------------------------------------------------------------------------

[2020-04-24 12:28:53 #1 store] 
Database 'C:\Users\Iraitz\eclipse-workspace\bets2020\src\main\resources\bets.temp' is opened by 2968@LAPTOP-TVD0RTF2

[2020-04-24 12:28:53 #2 type] 
Type domain.Question is not enhanced.

[2020-04-24 12:28:53 #3 type] 
Type domain.Event is not enhanced.

[2020-04-24 12:28:53 #4 type] 
Type domain.User is not enhanced.

[2020-04-24 12:28:53 #5 type] 
Type domain.Admin is not enhanced.

[2020-04-24 12:28:53 #6 type] 
Type domain.RegularUser is not enhanced.

[2020-04-24 12:28:53 #7 type] 
Type domain.Kuota is not enhanced.

[2020-04-24 12:28:53 #8 type] 
Type domain.Bet is not enhanced.

[2020-04-24 12:28:53 #9 type] 
Type domain.Wallet is not enhanced.

[2020-04-24 12:28:53 #10 type] 
Type domain.Movement is not enhanced.

------------------------------------------------------------------------------------------------------------------------

[2020-04-24 12:36:04 #1 store] 
Database 'C:\Users\Iraitz\eclipse-workspace\bets2020\src\main\resources\bets.temp' is opened by 8232@LAPTOP-TVD0RTF2

[2020-04-24 12:36:04 #2 type] 
Type domain.Question is not enhanced.

[2020-04-24 12:36:04 #3 type] 
Type domain.Event is not enhanced.

[2020-04-24 12:36:04 #4 type] 
Type domain.User is not enhanced.

[2020-04-24 12:36:04 #5 type] 
Type domain.Admin is not enhanced.

[2020-04-24 12:36:04 #6 type] 
Type domain.RegularUser is not enhanced.

[2020-04-24 12:36:04 #7 type] 
Type domain.Kuota is not enhanced.

[2020-04-24 12:36:04 #8 type] 
Type domain.Bet is not enhanced.

[2020-04-24 12:36:04 #9 type] 
Type domain.Wallet is not enhanced.

[2020-04-24 12:36:04 #10 type] 
Type domain.Movement is not enhanced.

------------------------------------------------------------------------------------------------------------------------

[2020-04-24 12:47:09 #1 store] 
Database 'C:\Users\Iraitz\eclipse-workspace\bets2020\src\main\resources\bets.temp' is opened by 9824@LAPTOP-TVD0RTF2

[2020-04-24 12:47:09 #2 type] 
Type domain.Question is not enhanced.

[2020-04-24 12:47:09 #3 type] 
Type domain.Event is not enhanced.

[2020-04-24 12:47:09 #4 type] 
Type domain.User is not enhanced.

[2020-04-24 12:47:09 #5 type] 
Type domain.Admin is not enhanced.

[2020-04-24 12:47:09 #6 type] 
Type domain.RegularUser is not enhanced.

[2020-04-24 12:47:09 #7 type] 
Type domain.Kuota is not enhanced.

[2020-04-24 12:47:09 #8 type] 
Type domain.Bet is not enhanced.

[2020-04-24 12:47:09 #9 type] 
Type domain.Wallet is not enhanced.

[2020-04-24 12:47:09 #10 type] 
Type domain.Movement is not enhanced.

------------------------------------------------------------------------------------------------------------------------

[2020-04-24 13:07:18 #1 store] 
Database 'C:\Users\Iraitz\eclipse-workspace\bets2020\src\main\resources\bets.temp' is opened by 7828@LAPTOP-TVD0RTF2

[2020-04-24 13:07:18 #2 type] 
Type domain.Question is not enhanced.

[2020-04-24 13:07:18 #3 type] 
Type domain.Event is not enhanced.

[2020-04-24 13:07:18 #4 type] 
Type domain.User is not enhanced.

[2020-04-24 13:07:18 #5 type] 
Type domain.Admin is not enhanced.

[2020-04-24 13:07:18 #6 type] 
Type domain.RegularUser is not enhanced.

[2020-04-24 13:07:18 #7 type] 
Type domain.Kuota is not enhanced.

[2020-04-24 13:07:18 #8 type] 
Type domain.Bet is not enhanced.

[2020-04-24 13:07:18 #9 type] 
Type domain.Wallet is not enhanced.

[2020-04-24 13:07:18 #10 type] 
Type domain.Movement is not enhanced.

------------------------------------------------------------------------------------------------------------------------

[2020-04-24 22:59:34 #1 store] 
Database 'B:\Documentos\Eclipse uni\bets2020\src\main\resources\bets.temp' has been recovered (tr. 498-505)

[2020-04-24 22:59:34 #2 store] 
Database 'B:\Documentos\Eclipse uni\bets2020\src\main\resources\bets.temp' is opened by 12244@DESKTOP-M1R57FE

[2020-04-24 22:59:34 #3 type] 
Type domain.Question is not enhanced.

[2020-04-24 22:59:34 #4 type] 
Type domain.Event is not enhanced.

[2020-04-24 22:59:34 #5 type] 
Type domain.User is not enhanced.

[2020-04-24 22:59:34 #6 type] 
Type domain.Admin is not enhanced.

[2020-04-24 22:59:34 #7 type] 
Type domain.RegularUser is not enhanced.

[2020-04-24 22:59:34 #8 type] 
Type domain.Kuota is not enhanced.

[2020-04-24 22:59:34 #9 type] 
Type domain.Bet is not enhanced.

[2020-04-24 22:59:34 #10 type] 
Type domain.Wallet is not enhanced.

[2020-04-24 22:59:34 #11 type] 
Type domain.Movement is not enhanced.

